<html>
<head>
<title>TestNG:  Data</title>
<link href="../testng.css" rel="stylesheet" type="text/css" />
<link href="../my-testng.css" rel="stylesheet" type="text/css" />

<style type="text/css">
.log { display: none;} 
.stack-trace { display: none;} 
</style>
<script type="text/javascript">
<!--
function flip(e) {
  current = e.style.display;
  if (current == 'block') {
    e.style.display = 'none';
    return 0;
  }
  else {
    e.style.display = 'block';
    return 1;
  }
}

function toggleBox(szDivId, elem, msg1, msg2)
{
  var res = -1;  if (document.getElementById) {
    res = flip(document.getElementById(szDivId));
  }
  else if (document.all) {
    // this is the way old msie versions work
    res = flip(document.all[szDivId]);
  }
  if(elem) {
    if(res == 0) elem.innerHTML = msg1; else elem.innerHTML = msg2;
  }

}

function toggleAllBoxes() {
  if (document.getElementsByTagName) {
    d = document.getElementsByTagName('div');
    for (i = 0; i < d.length; i++) {
      if (d[i].className == 'log') {
        flip(d[i]);
      }
    }
  }
}

// -->
</script>

</head>
<body>
<h2 align='center'>Data</h2><table border='1' align="center">
<tr>
<td>Tests passed/Failed/Skipped:</td><td>126/27/0</td>
</tr><tr>
<td>Started on:</td><td>Thu Jul 14 20:21:52 ICT 2022</td>
</tr>
<tr><td>Total time:</td><td>3758 seconds (3758917 ms)</td>
</tr><tr>
<td>Included groups:</td><td></td>
</tr><tr>
<td>Excluded groups:</td><td></td>
</tr>
</table><p/>
<small><i>(Hover the method name to see the test class name)</i></small><p/>
<table width='100%' border='1' class='invocation-failed'>
<tr><td colspan='4' align='center'><b>FAILED TESTS</b></td></tr>
<tr><td><b>Test method</b></td>
<td><b>Attribute(s)</b></td>
<td width="30%"><b>Exception</b></td>
<td width="10%"><b>Time (seconds)</b></td>
<td><b>Instance</b></td>
</tr>
<tr>
<td title='runner.pengajuan.HRISCountTanggalCutiRunner.runScenario()'><b>runScenario</b><br>Test class: runner.pengajuan.HRISCountTanggalCutiRunner<br>Test method: Runs Cucumber Scenarios<br>Parameters: "Count date as expected", "Bucket Data Pengajuan"<br/>
<a href="#Output-864680331" onClick='toggleBox("Output-864680331", this, "Show output", "Hide output");'>Show output</a>

<a href="#Output-864680331" onClick="toggleAllBoxes();">Show all outputs</a>
<div class='log' id="Output-864680331">
<img src='file://D:\Project\Java\TestNG\HRIS\src\test\resources\SS\20220714_211104.PNG'height="350" width="792"/><br/>
</div>
</td>
<td><div><pre>java.lang.AssertionError: expected [true] but found [false]
	at definitions.data.HRISBukcetDataDefine.countEquals(HRISBukcetDataDefine.java:593)
	at ?.Count equals 3(file:///D:/Project/Java/TestNG/HRIS/src/test/resources/features/003-MODUL%20PENGAJUAN%20CUTI/HRISCountTanggalCuti.feature:122)
... Removed 4 stack frames</pre></div><a href='#' onClick='toggleBox("stack-trace864680331", this, "Click to show all stack frames", "Click to hide stack frames")'>Click to show all stack frames</a>
<div class='stack-trace' id='stack-trace864680331'><pre>java.lang.AssertionError: expected [true] but found [false]
	at org.testng.Assert.fail(Assert.java:110)
	at org.testng.Assert.failNotEquals(Assert.java:1413)
	at org.testng.Assert.assertTrue(Assert.java:56)
	at org.testng.Assert.assertTrue(Assert.java:66)
	at definitions.data.HRISBukcetDataDefine.countEquals(HRISBukcetDataDefine.java:593)
	at ?.Count equals 3(file:///D:/Project/Java/TestNG/HRIS/src/test/resources/features/003-MODUL%20PENGAJUAN%20CUTI/HRISCountTanggalCuti.feature:122)
</pre></div></td>
<td>17</td>
<td>runner.pengajuan.HRISCountTanggalCutiRunner@50378a4</td></tr>
<tr>
<td title='runner.approval.HRISSearchAndEntriesRunner.runScenario()'><b>runScenario</b><br>Test class: runner.approval.HRISSearchAndEntriesRunner<br>Test method: Runs Cucumber Scenarios<br>Parameters: "Search by value", "Bucket Data Approval"<br/>
<a href="#Output-1090329208" onClick='toggleBox("Output-1090329208", this, "Show output", "Hide output");'>Show output</a>

<a href="#Output-1090329208" onClick="toggleAllBoxes();">Show all outputs</a>
<div class='log' id="Output-1090329208">
<img src='file://D:\Project\Java\TestNG\HRIS\src\test\resources\SS\20220714_202447.PNG'height="350" width="792"/><br/>
</div>
</td>
<td><div><pre>java.lang.AssertionError: expected [true] but found [false]
	at definitions.data.HRISBukcetDataDefine.validateSearch(HRISBukcetDataDefine.java:533)
	at ?.User validate search persalinan(file:///D:/Project/Java/TestNG/HRIS/src/test/resources/features/003-MODUL%20APPROVAL/HRISSearchAndEntries.feature:10)
... Removed 4 stack frames</pre></div><a href='#' onClick='toggleBox("stack-trace1090329208", this, "Click to show all stack frames", "Click to hide stack frames")'>Click to show all stack frames</a>
<div class='stack-trace' id='stack-trace1090329208'><pre>java.lang.AssertionError: expected [true] but found [false]
	at org.testng.Assert.fail(Assert.java:110)
	at org.testng.Assert.failNotEquals(Assert.java:1413)
	at org.testng.Assert.assertTrue(Assert.java:56)
	at org.testng.Assert.assertTrue(Assert.java:66)
	at definitions.data.HRISBukcetDataDefine.validateSearch(HRISBukcetDataDefine.java:533)
	at ?.User validate search persalinan(file:///D:/Project/Java/TestNG/HRIS/src/test/resources/features/003-MODUL%20APPROVAL/HRISSearchAndEntries.feature:10)
</pre></div></td>
<td>18</td>
<td>runner.approval.HRISSearchAndEntriesRunner@1c742ed4</td></tr>
<tr>
<td title='runner.approval.HRISActionRejectRunner.runScenario()'><b>runScenario</b><br>Test class: runner.approval.HRISActionRejectRunner<br>Test method: Runs Cucumber Scenarios<br>Parameters: "Action reject cancel with notes", "Bucket Data Approval"<br/>
<a href="#Output-1973210836" onClick='toggleBox("Output-1973210836", this, "Show output", "Hide output");'>Show output</a>

<a href="#Output-1973210836" onClick="toggleAllBoxes();">Show all outputs</a>
<div class='log' id="Output-1973210836">
<img src='file://D:\Project\Java\TestNG\HRIS\src\test\resources\SS\20220714_204359.PNG'height="350" width="792"/><br/>
</div>
</td>
<td><div><pre>java.lang.AssertionError: expected [false] but found [true]
	at definitions.data.HRISBukcetDataDefine.validateModalAction(HRISBukcetDataDefine.java:931)
	at ?.User validate modal action &quot;reject&quot;(file:///D:/Project/Java/TestNG/HRIS/src/test/resources/features/003-MODUL%20APPROVAL/HRISActionReject.feature:65)
... Removed 4 stack frames</pre></div><a href='#' onClick='toggleBox("stack-trace1973210836", this, "Click to show all stack frames", "Click to hide stack frames")'>Click to show all stack frames</a>
<div class='stack-trace' id='stack-trace1973210836'><pre>java.lang.AssertionError: expected [false] but found [true]
	at org.testng.Assert.fail(Assert.java:110)
	at org.testng.Assert.failNotEquals(Assert.java:1413)
	at org.testng.Assert.assertFalse(Assert.java:78)
	at org.testng.Assert.assertFalse(Assert.java:88)
	at definitions.data.HRISBukcetDataDefine.validateModalAction(HRISBukcetDataDefine.java:931)
	at ?.User validate modal action &quot;reject&quot;(file:///D:/Project/Java/TestNG/HRIS/src/test/resources/features/003-MODUL%20APPROVAL/HRISActionReject.feature:65)
</pre></div></td>
<td>33</td>
<td>runner.approval.HRISActionRejectRunner@69c81773</td></tr>
<tr>
<td title='runner.approval.HRISActionApproveRunner.runScenario()'><b>runScenario</b><br>Test class: runner.approval.HRISActionApproveRunner<br>Test method: Runs Cucumber Scenarios<br>Parameters: "Action approve cancel with notes", "Bucket Data Approval"<br/>
<a href="#Output-243735502" onClick='toggleBox("Output-243735502", this, "Show output", "Hide output");'>Show output</a>

<a href="#Output-243735502" onClick="toggleAllBoxes();">Show all outputs</a>
<div class='log' id="Output-243735502">
<img src='file://D:\Project\Java\TestNG\HRIS\src\test\resources\SS\20220714_204641.PNG'height="350" width="792"/><br/>
</div>
</td>
<td><div><pre>java.lang.AssertionError: expected [false] but found [true]
	at definitions.data.HRISBukcetDataDefine.validateModalAction(HRISBukcetDataDefine.java:936)
	at ?.User validate modal action &quot;approve&quot;(file:///D:/Project/Java/TestNG/HRIS/src/test/resources/features/003-MODUL%20APPROVAL/HRISActionApprove.feature:75)
... Removed 4 stack frames</pre></div><a href='#' onClick='toggleBox("stack-trace243735502", this, "Click to show all stack frames", "Click to hide stack frames")'>Click to show all stack frames</a>
<div class='stack-trace' id='stack-trace243735502'><pre>java.lang.AssertionError: expected [false] but found [true]
	at org.testng.Assert.fail(Assert.java:110)
	at org.testng.Assert.failNotEquals(Assert.java:1413)
	at org.testng.Assert.assertFalse(Assert.java:78)
	at org.testng.Assert.assertFalse(Assert.java:88)
	at definitions.data.HRISBukcetDataDefine.validateModalAction(HRISBukcetDataDefine.java:936)
	at ?.User validate modal action &quot;approve&quot;(file:///D:/Project/Java/TestNG/HRIS/src/test/resources/features/003-MODUL%20APPROVAL/HRISActionApprove.feature:75)
</pre></div></td>
<td>35</td>
<td>runner.approval.HRISActionApproveRunner@4d14b6c2</td></tr>
<tr>
<td title='runner.pengajuan.HRISActionButtonRunner.runScenario()'><b>runScenario</b><br>Test class: runner.pengajuan.HRISActionButtonRunner<br>Test method: Runs Cucumber Scenarios<br>Parameters: "Submit invalid edit data", "Bucket Data Pengajuan"<br/>
<a href="#Output-263925232" onClick='toggleBox("Output-263925232", this, "Show output", "Hide output");'>Show output</a>

<a href="#Output-263925232" onClick="toggleAllBoxes();">Show all outputs</a>
<div class='log' id="Output-263925232">
<img src='file://D:\Project\Java\TestNG\HRIS\src\test\resources\SS\20220714_212311.PNG'height="350" width="792"/><br/>
</div>
</td>
<td><div><pre>org.openqa.selenium.InvalidElementStateException: invalid element state: Element is not currently interactable and may not be manipulated
  (Session info: chrome=103.0.5060.114)
Build info: version: &apos;4.0.0&apos;, revision: &apos;3a21814679&apos;
System info: host: &apos;DESKTOP-S76SA9N&apos;, ip: &apos;192.168.1.164&apos;, os.name: &apos;Windows 11&apos;, os.arch: &apos;amd64&apos;, os.version: &apos;10.0&apos;, java.version: &apos;11.0.15&apos;
Driver info: org.openqa.selenium.chrome.ChromeDriver
Command: [1e87ed02afcfd38e041f7c1938d4c1d1, clearElement {id=d6ebbbd7-dbfc-4fc8-aa7e-d95b4190b08b}]
Capabilities {acceptInsecureCerts: false, browserName: chrome, browserVersion: 103.0.5060.114, chrome: {chromedriverVersion: 102.0.5005.61 (0e59bcc00cc4..., userDataDir: C:\Users\nexsoft\AppData\Lo...}, goog:chromeOptions: {debuggerAddress: localhost:62045}, javascriptEnabled: true, networkConnectionEnabled: false, pageLoadStrategy: normal, platform: WINDOWS, platformName: WINDOWS, proxy: Proxy(), se:cdp: ws://localhost:62045/devtoo..., se:cdpVersion: 103.0.5060.114, setWindowRect: true, strictFileInteractability: false, timeouts: {implicit: 0, pageLoad: 300000, script: 30000}, unhandledPromptBehavior: dismiss and notify, webauthn:extension:credBlob: true, webauthn:extension:largeBlob: true, webauthn:virtualAuthenticators: true}
Element: [[ChromeDriver: chrome on WINDOWS (1e87ed02afcfd38e041f7c1938d4c1d1)] -&gt; xpath: //input[@id=&apos;leave_periode&apos;]]
Session ID: 1e87ed02afcfd38e041f7c1938d4c1d1
	at org.openqa.selenium.remote.codec.w3c.W3CHttpResponseCodec.createException(W3CHttpResponseCodec.java:200)
	at org.openqa.selenium.remote.codec.w3c.W3CHttpResponseCodec.decode(W3CHttpResponseCodec.java:133)
	at org.openqa.selenium.remote.codec.w3c.W3CHttpResponseCodec.decode(W3CHttpResponseCodec.java:53)
	at org.openqa.selenium.remote.HttpCommandExecutor.execute(HttpCommandExecutor.java:184)
	at org.openqa.selenium.remote.service.DriverCommandExecutor.invokeExecute(DriverCommandExecutor.java:164)
	at org.openqa.selenium.remote.service.DriverCommandExecutor.execute(DriverCommandExecutor.java:139)
	at org.openqa.selenium.remote.RemoteWebDriver.execute(RemoteWebDriver.java:559)
	at org.openqa.selenium.remote.RemoteWebElement.execute(RemoteWebElement.java:251)
	at org.openqa.selenium.remote.RemoteWebElement.clear(RemoteWebElement.java:126)
	at org.openqa.selenium.support.pagefactory.internal.LocatingElementHandler.invoke(LocatingElementHandler.java:52)
	at com.sun.proxy.$Proxy28.clear(Unknown Source)
	at definitions.data.HRISBukcetDataDefine.clearField(HRISBukcetDataDefine.java:378)
	at ?.User clear field(file:///D:/Project/Java/TestNG/HRIS/src/test/resources/features/003-MODUL%20PENGAJUAN%20CUTI/HRISActionButton.feature:250)
... Removed 7 stack frames</pre></div><a href='#' onClick='toggleBox("stack-trace263925232", this, "Click to show all stack frames", "Click to hide stack frames")'>Click to show all stack frames</a>
<div class='stack-trace' id='stack-trace263925232'><pre>org.openqa.selenium.InvalidElementStateException: invalid element state: Element is not currently interactable and may not be manipulated
  (Session info: chrome=103.0.5060.114)
Build info: version: &apos;4.0.0&apos;, revision: &apos;3a21814679&apos;
System info: host: &apos;DESKTOP-S76SA9N&apos;, ip: &apos;192.168.1.164&apos;, os.name: &apos;Windows 11&apos;, os.arch: &apos;amd64&apos;, os.version: &apos;10.0&apos;, java.version: &apos;11.0.15&apos;
Driver info: org.openqa.selenium.chrome.ChromeDriver
Command: [1e87ed02afcfd38e041f7c1938d4c1d1, clearElement {id=d6ebbbd7-dbfc-4fc8-aa7e-d95b4190b08b}]
Capabilities {acceptInsecureCerts: false, browserName: chrome, browserVersion: 103.0.5060.114, chrome: {chromedriverVersion: 102.0.5005.61 (0e59bcc00cc4..., userDataDir: C:\Users\nexsoft\AppData\Lo...}, goog:chromeOptions: {debuggerAddress: localhost:62045}, javascriptEnabled: true, networkConnectionEnabled: false, pageLoadStrategy: normal, platform: WINDOWS, platformName: WINDOWS, proxy: Proxy(), se:cdp: ws://localhost:62045/devtoo..., se:cdpVersion: 103.0.5060.114, setWindowRect: true, strictFileInteractability: false, timeouts: {implicit: 0, pageLoad: 300000, script: 30000}, unhandledPromptBehavior: dismiss and notify, webauthn:extension:credBlob: true, webauthn:extension:largeBlob: true, webauthn:virtualAuthenticators: true}
Element: [[ChromeDriver: chrome on WINDOWS (1e87ed02afcfd38e041f7c1938d4c1d1)] -&gt; xpath: //input[@id=&apos;leave_periode&apos;]]
Session ID: 1e87ed02afcfd38e041f7c1938d4c1d1
	at java.base/jdk.internal.reflect.NativeConstructorAccessorImpl.newInstance0(Native Method)
	at java.base/jdk.internal.reflect.NativeConstructorAccessorImpl.newInstance(NativeConstructorAccessorImpl.java:62)
	at java.base/jdk.internal.reflect.DelegatingConstructorAccessorImpl.newInstance(DelegatingConstructorAccessorImpl.java:45)
	at java.base/java.lang.reflect.Constructor.newInstance(Constructor.java:490)
	at org.openqa.selenium.remote.codec.w3c.W3CHttpResponseCodec.createException(W3CHttpResponseCodec.java:200)
	at org.openqa.selenium.remote.codec.w3c.W3CHttpResponseCodec.decode(W3CHttpResponseCodec.java:133)
	at org.openqa.selenium.remote.codec.w3c.W3CHttpResponseCodec.decode(W3CHttpResponseCodec.java:53)
	at org.openqa.selenium.remote.HttpCommandExecutor.execute(HttpCommandExecutor.java:184)
	at org.openqa.selenium.remote.service.DriverCommandExecutor.invokeExecute(DriverCommandExecutor.java:164)
	at org.openqa.selenium.remote.service.DriverCommandExecutor.execute(DriverCommandExecutor.java:139)
	at org.openqa.selenium.remote.RemoteWebDriver.execute(RemoteWebDriver.java:559)
	at org.openqa.selenium.remote.RemoteWebElement.execute(RemoteWebElement.java:251)
	at org.openqa.selenium.remote.RemoteWebElement.clear(RemoteWebElement.java:126)
	at jdk.internal.reflect.GeneratedMethodAccessor37.invoke(Unknown Source)
	at java.base/jdk.internal.reflect.DelegatingMethodAccessorImpl.invoke(DelegatingMethodAccessorImpl.java:43)
	at java.base/java.lang.reflect.Method.invoke(Method.java:566)
	at org.openqa.selenium.support.pagefactory.internal.LocatingElementHandler.invoke(LocatingElementHandler.java:52)
	at com.sun.proxy.$Proxy28.clear(Unknown Source)
	at definitions.data.HRISBukcetDataDefine.clearField(HRISBukcetDataDefine.java:378)
	at ?.User clear field(file:///D:/Project/Java/TestNG/HRIS/src/test/resources/features/003-MODUL%20PENGAJUAN%20CUTI/HRISActionButton.feature:250)
</pre></div></td>
<td>37</td>
<td>runner.pengajuan.HRISActionButtonRunner@491b9b8</td></tr>
<tr>
<td title='runner.pengajuan.HRISSearchAndEntriesRunner.runScenario()'><b>runScenario</b><br>Test class: runner.pengajuan.HRISSearchAndEntriesRunner<br>Test method: Runs Cucumber Scenarios<br>Parameters: "Search by value", "Bucket Data Pengajuan"<br/>
<a href="#Output-2043451934" onClick='toggleBox("Output-2043451934", this, "Show output", "Hide output");'>Show output</a>

<a href="#Output-2043451934" onClick="toggleAllBoxes();">Show all outputs</a>
<div class='log' id="Output-2043451934">
<img src='file://D:\Project\Java\TestNG\HRIS\src\test\resources\SS\20220714_211243.PNG'height="350" width="792"/><br/>
</div>
</td>
<td><div><pre>java.lang.AssertionError: expected [true] but found [false]
	at definitions.data.HRISBukcetDataDefine.validateSearch(HRISBukcetDataDefine.java:536)
	at ?.User validate search Incomplete(file:///D:/Project/Java/TestNG/HRIS/src/test/resources/features/003-MODUL%20PENGAJUAN%20CUTI/HRISSearchAndEntries.feature:43)
... Removed 4 stack frames</pre></div><a href='#' onClick='toggleBox("stack-trace2043451934", this, "Click to show all stack frames", "Click to hide stack frames")'>Click to show all stack frames</a>
<div class='stack-trace' id='stack-trace2043451934'><pre>java.lang.AssertionError: expected [true] but found [false]
	at org.testng.Assert.fail(Assert.java:110)
	at org.testng.Assert.failNotEquals(Assert.java:1413)
	at org.testng.Assert.assertTrue(Assert.java:56)
	at org.testng.Assert.assertTrue(Assert.java:66)
	at definitions.data.HRISBukcetDataDefine.validateSearch(HRISBukcetDataDefine.java:536)
	at ?.User validate search Incomplete(file:///D:/Project/Java/TestNG/HRIS/src/test/resources/features/003-MODUL%20PENGAJUAN%20CUTI/HRISSearchAndEntries.feature:43)
</pre></div></td>
<td>11</td>
<td>runner.pengajuan.HRISSearchAndEntriesRunner@60f00693</td></tr>
<tr>
<td title='runner.pengajuan.HRISActionButtonRunner.runScenario()'><b>runScenario</b><br>Test class: runner.pengajuan.HRISActionButtonRunner<br>Test method: Runs Cucumber Scenarios<br>Parameters: "Select should show Special", "Bucket Data Pengajuan"<br/>
<a href="#Output-696346516" onClick='toggleBox("Output-696346516", this, "Show output", "Hide output");'>Show output</a>

<a href="#Output-696346516" onClick="toggleAllBoxes();">Show all outputs</a>
<div class='log' id="Output-696346516">
<img src='file://D:\Project\Java\TestNG\HRIS\src\test\resources\SS\20220714_212007.PNG'height="350" width="792"/><br/>
</div>
</td>
<td><div><pre>java.lang.AssertionError: expected [Special] but found []
	at definitions.data.HRISBukcetDataDefine.validateSelectType(HRISBukcetDataDefine.java:311)
	at ?.User validate select type &quot;Special&quot;(file:///D:/Project/Java/TestNG/HRIS/src/test/resources/features/003-MODUL%20PENGAJUAN%20CUTI/HRISActionButton.feature:143)
... Removed 6 stack frames</pre></div><a href='#' onClick='toggleBox("stack-trace696346516", this, "Click to show all stack frames", "Click to hide stack frames")'>Click to show all stack frames</a>
<div class='stack-trace' id='stack-trace696346516'><pre>java.lang.AssertionError: expected [Special] but found []
	at org.testng.Assert.fail(Assert.java:110)
	at org.testng.Assert.failNotEquals(Assert.java:1413)
	at org.testng.Assert.assertEqualsImpl(Assert.java:149)
	at org.testng.Assert.assertEquals(Assert.java:131)
	at org.testng.Assert.assertEquals(Assert.java:655)
	at org.testng.Assert.assertEquals(Assert.java:665)
	at definitions.data.HRISBukcetDataDefine.validateSelectType(HRISBukcetDataDefine.java:311)
	at ?.User validate select type &quot;Special&quot;(file:///D:/Project/Java/TestNG/HRIS/src/test/resources/features/003-MODUL%20PENGAJUAN%20CUTI/HRISActionButton.feature:143)
</pre></div></td>
<td>54</td>
<td>runner.pengajuan.HRISActionButtonRunner@491b9b8</td></tr>
<tr>
<td title='runner.pengajuan.HRISTanggalCutiRunner.runScenario()'><b>runScenario</b><br>Test class: runner.pengajuan.HRISTanggalCutiRunner<br>Test method: Runs Cucumber Scenarios<br>Parameters: "Compare date "From with current"", "Bucket Data Pengajuan"<br/>
<a href="#Output-1767175436" onClick='toggleBox("Output-1767175436", this, "Show output", "Hide output");'>Show output</a>

<a href="#Output-1767175436" onClick="toggleAllBoxes();">Show all outputs</a>
<div class='log' id="Output-1767175436">
<img src='file://D:\Project\Java\TestNG\HRIS\src\test\resources\SS\20220714_210124.PNG'height="350" width="792"/><br/>
</div>
</td>
<td><div><pre>org.openqa.selenium.ElementClickInterceptedException: element click intercepted: Element &lt;td tabindex=&quot;0&quot;&gt;...&lt;/td&gt; is not clickable at point (284, 28). Other element would receive the click: &lt;div id=&quot;header&quot; class=&quot;header navbar-default&quot;&gt;...&lt;/div&gt;
  (Session info: chrome=103.0.5060.114)
Build info: version: &apos;4.0.0&apos;, revision: &apos;3a21814679&apos;
System info: host: &apos;DESKTOP-S76SA9N&apos;, ip: &apos;192.168.1.164&apos;, os.name: &apos;Windows 11&apos;, os.arch: &apos;amd64&apos;, os.version: &apos;10.0&apos;, java.version: &apos;11.0.15&apos;
Driver info: org.openqa.selenium.chrome.ChromeDriver
Command: [7a56e300a92a4cc0d06b6517fef14585, clickElement {id=225f970e-e976-4931-8c86-7df1280bf330}]
Capabilities {acceptInsecureCerts: false, browserName: chrome, browserVersion: 103.0.5060.114, chrome: {chromedriverVersion: 102.0.5005.61 (0e59bcc00cc4..., userDataDir: C:\Users\nexsoft\AppData\Lo...}, goog:chromeOptions: {debuggerAddress: localhost:50103}, javascriptEnabled: true, networkConnectionEnabled: false, pageLoadStrategy: normal, platform: WINDOWS, platformName: WINDOWS, proxy: Proxy(), se:cdp: ws://localhost:50103/devtoo..., se:cdpVersion: 103.0.5060.114, setWindowRect: true, strictFileInteractability: false, timeouts: {implicit: 0, pageLoad: 300000, script: 30000}, unhandledPromptBehavior: dismiss and notify, webauthn:extension:credBlob: true, webauthn:extension:largeBlob: true, webauthn:virtualAuthenticators: true}
Element: [[ChromeDriver: chrome on WINDOWS (7a56e300a92a4cc0d06b6517fef14585)] -&gt; xpath: //*[@id=&quot;dataTable&quot;]/tbody/tr/td[1]]
Session ID: 7a56e300a92a4cc0d06b6517fef14585
	at org.openqa.selenium.remote.codec.w3c.W3CHttpResponseCodec.createException(W3CHttpResponseCodec.java:200)
	at org.openqa.selenium.remote.codec.w3c.W3CHttpResponseCodec.decode(W3CHttpResponseCodec.java:133)
	at org.openqa.selenium.remote.codec.w3c.W3CHttpResponseCodec.decode(W3CHttpResponseCodec.java:53)
	at org.openqa.selenium.remote.HttpCommandExecutor.execute(HttpCommandExecutor.java:184)
	at org.openqa.selenium.remote.service.DriverCommandExecutor.invokeExecute(DriverCommandExecutor.java:164)
	at org.openqa.selenium.remote.service.DriverCommandExecutor.execute(DriverCommandExecutor.java:139)
	at org.openqa.selenium.remote.RemoteWebDriver.execute(RemoteWebDriver.java:559)
	at org.openqa.selenium.remote.RemoteWebElement.execute(RemoteWebElement.java:251)
	at org.openqa.selenium.remote.RemoteWebElement.click(RemoteWebElement.java:77)
	at definitions.data.HRISBukcetDataDefine.checkAction(HRISBukcetDataDefine.java:622)
	at ?.Check action(file:///D:/Project/Java/TestNG/HRIS/src/test/resources/features/003-MODUL%20PENGAJUAN%20CUTI/HRISTanggalCuti.feature:30)
... Removed 4 stack frames</pre></div><a href='#' onClick='toggleBox("stack-trace1767175436", this, "Click to show all stack frames", "Click to hide stack frames")'>Click to show all stack frames</a>
<div class='stack-trace' id='stack-trace1767175436'><pre>org.openqa.selenium.ElementClickInterceptedException: element click intercepted: Element &lt;td tabindex=&quot;0&quot;&gt;...&lt;/td&gt; is not clickable at point (284, 28). Other element would receive the click: &lt;div id=&quot;header&quot; class=&quot;header navbar-default&quot;&gt;...&lt;/div&gt;
  (Session info: chrome=103.0.5060.114)
Build info: version: &apos;4.0.0&apos;, revision: &apos;3a21814679&apos;
System info: host: &apos;DESKTOP-S76SA9N&apos;, ip: &apos;192.168.1.164&apos;, os.name: &apos;Windows 11&apos;, os.arch: &apos;amd64&apos;, os.version: &apos;10.0&apos;, java.version: &apos;11.0.15&apos;
Driver info: org.openqa.selenium.chrome.ChromeDriver
Command: [7a56e300a92a4cc0d06b6517fef14585, clickElement {id=225f970e-e976-4931-8c86-7df1280bf330}]
Capabilities {acceptInsecureCerts: false, browserName: chrome, browserVersion: 103.0.5060.114, chrome: {chromedriverVersion: 102.0.5005.61 (0e59bcc00cc4..., userDataDir: C:\Users\nexsoft\AppData\Lo...}, goog:chromeOptions: {debuggerAddress: localhost:50103}, javascriptEnabled: true, networkConnectionEnabled: false, pageLoadStrategy: normal, platform: WINDOWS, platformName: WINDOWS, proxy: Proxy(), se:cdp: ws://localhost:50103/devtoo..., se:cdpVersion: 103.0.5060.114, setWindowRect: true, strictFileInteractability: false, timeouts: {implicit: 0, pageLoad: 300000, script: 30000}, unhandledPromptBehavior: dismiss and notify, webauthn:extension:credBlob: true, webauthn:extension:largeBlob: true, webauthn:virtualAuthenticators: true}
Element: [[ChromeDriver: chrome on WINDOWS (7a56e300a92a4cc0d06b6517fef14585)] -&gt; xpath: //*[@id=&quot;dataTable&quot;]/tbody/tr/td[1]]
Session ID: 7a56e300a92a4cc0d06b6517fef14585
	at java.base/jdk.internal.reflect.NativeConstructorAccessorImpl.newInstance0(Native Method)
	at java.base/jdk.internal.reflect.NativeConstructorAccessorImpl.newInstance(NativeConstructorAccessorImpl.java:62)
	at java.base/jdk.internal.reflect.DelegatingConstructorAccessorImpl.newInstance(DelegatingConstructorAccessorImpl.java:45)
	at java.base/java.lang.reflect.Constructor.newInstance(Constructor.java:490)
	at org.openqa.selenium.remote.codec.w3c.W3CHttpResponseCodec.createException(W3CHttpResponseCodec.java:200)
	at org.openqa.selenium.remote.codec.w3c.W3CHttpResponseCodec.decode(W3CHttpResponseCodec.java:133)
	at org.openqa.selenium.remote.codec.w3c.W3CHttpResponseCodec.decode(W3CHttpResponseCodec.java:53)
	at org.openqa.selenium.remote.HttpCommandExecutor.execute(HttpCommandExecutor.java:184)
	at org.openqa.selenium.remote.service.DriverCommandExecutor.invokeExecute(DriverCommandExecutor.java:164)
	at org.openqa.selenium.remote.service.DriverCommandExecutor.execute(DriverCommandExecutor.java:139)
	at org.openqa.selenium.remote.RemoteWebDriver.execute(RemoteWebDriver.java:559)
	at org.openqa.selenium.remote.RemoteWebElement.execute(RemoteWebElement.java:251)
	at org.openqa.selenium.remote.RemoteWebElement.click(RemoteWebElement.java:77)
	at definitions.data.HRISBukcetDataDefine.checkAction(HRISBukcetDataDefine.java:622)
	at ?.Check action(file:///D:/Project/Java/TestNG/HRIS/src/test/resources/features/003-MODUL%20PENGAJUAN%20CUTI/HRISTanggalCuti.feature:30)
</pre></div></td>
<td>20</td>
<td>runner.pengajuan.HRISTanggalCutiRunner@7b4c50bc</td></tr>
<tr>
<td title='runner.approval.HRISSearchAndEntriesRunner.runScenario()'><b>runScenario</b><br>Test class: runner.approval.HRISSearchAndEntriesRunner<br>Test method: Runs Cucumber Scenarios<br>Parameters: "Search by value", "Bucket Data Approval"<br/>
<a href="#Output-275943400" onClick='toggleBox("Output-275943400", this, "Show output", "Hide output");'>Show output</a>

<a href="#Output-275943400" onClick="toggleAllBoxes();">Show all outputs</a>
<div class='log' id="Output-275943400">
<img src='file://D:\Project\Java\TestNG\HRIS\src\test\resources\SS\20220714_202412.PNG'height="350" width="792"/><br/>
</div>
</td>
<td><div><pre>java.lang.AssertionError: expected [true] but found [false]
	at definitions.data.HRISBukcetDataDefine.validateSearch(HRISBukcetDataDefine.java:527)
	at ?.User validate search 90(file:///D:/Project/Java/TestNG/HRIS/src/test/resources/features/003-MODUL%20APPROVAL/HRISSearchAndEntries.feature:10)
... Removed 4 stack frames</pre></div><a href='#' onClick='toggleBox("stack-trace275943400", this, "Click to show all stack frames", "Click to hide stack frames")'>Click to show all stack frames</a>
<div class='stack-trace' id='stack-trace275943400'><pre>java.lang.AssertionError: expected [true] but found [false]
	at org.testng.Assert.fail(Assert.java:110)
	at org.testng.Assert.failNotEquals(Assert.java:1413)
	at org.testng.Assert.assertTrue(Assert.java:56)
	at org.testng.Assert.assertTrue(Assert.java:66)
	at definitions.data.HRISBukcetDataDefine.validateSearch(HRISBukcetDataDefine.java:527)
	at ?.User validate search 90(file:///D:/Project/Java/TestNG/HRIS/src/test/resources/features/003-MODUL%20APPROVAL/HRISSearchAndEntries.feature:10)
</pre></div></td>
<td>18</td>
<td>runner.approval.HRISSearchAndEntriesRunner@1c742ed4</td></tr>
<tr>
<td title='runner.pengajuan.HRISNotesRunner.runScenario()'><b>runScenario</b><br>Test class: runner.pengajuan.HRISNotesRunner<br>Test method: Runs Cucumber Scenarios<br>Parameters: "Empty all field", "Bucket Data Pengajuan"<br/>
<a href="#Output-987355332" onClick='toggleBox("Output-987355332", this, "Show output", "Hide output");'>Show output</a>

<a href="#Output-987355332" onClick="toggleAllBoxes();">Show all outputs</a>
<div class='log' id="Output-987355332">
<img src='file://D:\Project\Java\TestNG\HRIS\src\test\resources\SS\20220714_210442.PNG'height="350" width="792"/><br/>
</div>
</td>
<td><div><pre>java.lang.AssertionError: expected [true] but found [false]
	at definitions.data.HRISBukcetDataDefine.noteFieldError(HRISBukcetDataDefine.java:289)
	at ?.Show error note field(file:///D:/Project/Java/TestNG/HRIS/src/test/resources/features/003-MODUL%20PENGAJUAN%20CUTI/HRISNotes.feature:38)
... Removed 4 stack frames</pre></div><a href='#' onClick='toggleBox("stack-trace987355332", this, "Click to show all stack frames", "Click to hide stack frames")'>Click to show all stack frames</a>
<div class='stack-trace' id='stack-trace987355332'><pre>java.lang.AssertionError: expected [true] but found [false]
	at org.testng.Assert.fail(Assert.java:110)
	at org.testng.Assert.failNotEquals(Assert.java:1413)
	at org.testng.Assert.assertTrue(Assert.java:56)
	at org.testng.Assert.assertTrue(Assert.java:66)
	at definitions.data.HRISBukcetDataDefine.noteFieldError(HRISBukcetDataDefine.java:289)
	at ?.Show error note field(file:///D:/Project/Java/TestNG/HRIS/src/test/resources/features/003-MODUL%20PENGAJUAN%20CUTI/HRISNotes.feature:38)
</pre></div></td>
<td>13</td>
<td>runner.pengajuan.HRISNotesRunner@5884a914</td></tr>
<tr>
<td title='runner.approval.HRISActionReturnRunner.runScenario()'><b>runScenario</b><br>Test class: runner.approval.HRISActionReturnRunner<br>Test method: Runs Cucumber Scenarios<br>Parameters: "Action return validate no notes", "Bucket Data Approval"<br/>
<a href="#Output-467608768" onClick='toggleBox("Output-467608768", this, "Show output", "Hide output");'>Show output</a>

<a href="#Output-467608768" onClick="toggleAllBoxes();">Show all outputs</a>
<div class='log' id="Output-467608768">
<img src='file://D:\Project\Java\TestNG\HRIS\src\test\resources\SS\20220714_204102.PNG'height="350" width="792"/><br/>
</div>
</td>
<td><div><pre>java.lang.AssertionError: expected [true] but found [false]
	at definitions.data.HRISBukcetDataDefine.validateApprovalNotes(HRISBukcetDataDefine.java:764)
	at ?.User validate approval notes &quot;return&quot; button(file:///D:/Project/Java/TestNG/HRIS/src/test/resources/features/003-MODUL%20APPROVAL/HRISActionReturn.feature:51)
... Removed 4 stack frames</pre></div><a href='#' onClick='toggleBox("stack-trace467608768", this, "Click to show all stack frames", "Click to hide stack frames")'>Click to show all stack frames</a>
<div class='stack-trace' id='stack-trace467608768'><pre>java.lang.AssertionError: expected [true] but found [false]
	at org.testng.Assert.fail(Assert.java:110)
	at org.testng.Assert.failNotEquals(Assert.java:1413)
	at org.testng.Assert.assertTrue(Assert.java:56)
	at org.testng.Assert.assertTrue(Assert.java:66)
	at definitions.data.HRISBukcetDataDefine.validateApprovalNotes(HRISBukcetDataDefine.java:764)
	at ?.User validate approval notes &quot;return&quot; button(file:///D:/Project/Java/TestNG/HRIS/src/test/resources/features/003-MODUL%20APPROVAL/HRISActionReturn.feature:51)
</pre></div></td>
<td>35</td>
<td>runner.approval.HRISActionReturnRunner@30f842ca</td></tr>
<tr>
<td title='runner.approval.HRISActionApproveRunner.runScenario()'><b>runScenario</b><br>Test class: runner.approval.HRISActionApproveRunner<br>Test method: Runs Cucumber Scenarios<br>Parameters: "Action approve cancel no notes", "Bucket Data Approval"<br/>
<a href="#Output-1547226778" onClick='toggleBox("Output-1547226778", this, "Show output", "Hide output");'>Show output</a>

<a href="#Output-1547226778" onClick="toggleAllBoxes();">Show all outputs</a>
<div class='log' id="Output-1547226778">
<img src='file://D:\Project\Java\TestNG\HRIS\src\test\resources\SS\20220714_204713.PNG'height="350" width="792"/><br/>
</div>
</td>
<td><div><pre>java.lang.AssertionError: expected [false] but found [true]
	at definitions.data.HRISBukcetDataDefine.validateModalAction(HRISBukcetDataDefine.java:936)
	at ?.User validate modal action &quot;approve&quot;(file:///D:/Project/Java/TestNG/HRIS/src/test/resources/features/003-MODUL%20APPROVAL/HRISActionApprove.feature:101)
... Removed 4 stack frames</pre></div><a href='#' onClick='toggleBox("stack-trace1547226778", this, "Click to show all stack frames", "Click to hide stack frames")'>Click to show all stack frames</a>
<div class='stack-trace' id='stack-trace1547226778'><pre>java.lang.AssertionError: expected [false] but found [true]
	at org.testng.Assert.fail(Assert.java:110)
	at org.testng.Assert.failNotEquals(Assert.java:1413)
	at org.testng.Assert.assertFalse(Assert.java:78)
	at org.testng.Assert.assertFalse(Assert.java:88)
	at definitions.data.HRISBukcetDataDefine.validateModalAction(HRISBukcetDataDefine.java:936)
	at ?.User validate modal action &quot;approve&quot;(file:///D:/Project/Java/TestNG/HRIS/src/test/resources/features/003-MODUL%20APPROVAL/HRISActionApprove.feature:101)
</pre></div></td>
<td>32</td>
<td>runner.approval.HRISActionApproveRunner@4d14b6c2</td></tr>
<tr>
<td title='runner.approval.HRISActionReturnRunner.runScenario()'><b>runScenario</b><br>Test class: runner.approval.HRISActionReturnRunner<br>Test method: Runs Cucumber Scenarios<br>Parameters: "Action return cancel with notes", "Bucket Data Approval"<br/>
<a href="#Output-628618645" onClick='toggleBox("Output-628618645", this, "Show output", "Hide output");'>Show output</a>

<a href="#Output-628618645" onClick="toggleAllBoxes();">Show all outputs</a>
<div class='log' id="Output-628618645">
<img src='file://D:\Project\Java\TestNG\HRIS\src\test\resources\SS\20220714_204134.PNG'height="350" width="792"/><br/>
</div>
</td>
<td><div><pre>java.lang.AssertionError: expected [false] but found [true]
	at definitions.data.HRISBukcetDataDefine.validateModalAction(HRISBukcetDataDefine.java:926)
	at ?.User validate modal action &quot;return&quot;(file:///D:/Project/Java/TestNG/HRIS/src/test/resources/features/003-MODUL%20APPROVAL/HRISActionReturn.feature:83)
... Removed 4 stack frames</pre></div><a href='#' onClick='toggleBox("stack-trace628618645", this, "Click to show all stack frames", "Click to hide stack frames")'>Click to show all stack frames</a>
<div class='stack-trace' id='stack-trace628618645'><pre>java.lang.AssertionError: expected [false] but found [true]
	at org.testng.Assert.fail(Assert.java:110)
	at org.testng.Assert.failNotEquals(Assert.java:1413)
	at org.testng.Assert.assertFalse(Assert.java:78)
	at org.testng.Assert.assertFalse(Assert.java:88)
	at definitions.data.HRISBukcetDataDefine.validateModalAction(HRISBukcetDataDefine.java:926)
	at ?.User validate modal action &quot;return&quot;(file:///D:/Project/Java/TestNG/HRIS/src/test/resources/features/003-MODUL%20APPROVAL/HRISActionReturn.feature:83)
</pre></div></td>
<td>31</td>
<td>runner.approval.HRISActionReturnRunner@30f842ca</td></tr>
<tr>
<td title='runner.pengajuan.HRISActionButtonRunner.runScenario()'><b>runScenario</b><br>Test class: runner.pengajuan.HRISActionButtonRunner<br>Test method: Runs Cucumber Scenarios<br>Parameters: "Button new", "Bucket Data Pengajuan"<br/>
<a href="#Output-814212707" onClick='toggleBox("Output-814212707", this, "Show output", "Hide output");'>Show output</a>

<a href="#Output-814212707" onClick="toggleAllBoxes();">Show all outputs</a>
<div class='log' id="Output-814212707">
<img src='file://D:\Project\Java\TestNG\HRIS\src\test\resources\SS\20220714_212341.PNG'height="350" width="792"/><br/>
</div>
</td>
<td><div><pre>org.openqa.selenium.NoSuchElementException: no such element: Unable to locate element: {&quot;method&quot;:&quot;xpath&quot;,&quot;selector&quot;:&quot;//div[@class=&apos;alert alert-success fade show&apos;]&quot;}
  (Session info: chrome=103.0.5060.114)
For documentation on this error, please visit: https://selenium.dev/exceptions/#no_such_element
Build info: version: &apos;4.0.0&apos;, revision: &apos;3a21814679&apos;
System info: host: &apos;DESKTOP-S76SA9N&apos;, ip: &apos;192.168.1.164&apos;, os.name: &apos;Windows 11&apos;, os.arch: &apos;amd64&apos;, os.version: &apos;10.0&apos;, java.version: &apos;11.0.15&apos;
Driver info: org.openqa.selenium.chrome.ChromeDriver
Command: [31dfc8dfff2d2ac9df0d341deb560e3a, findElement {using=xpath, value=//div[@class=&apos;alert alert-success fade show&apos;]}]
Capabilities {acceptInsecureCerts: false, browserName: chrome, browserVersion: 103.0.5060.114, chrome: {chromedriverVersion: 102.0.5005.61 (0e59bcc00cc4..., userDataDir: C:\Users\nexsoft\AppData\Lo...}, goog:chromeOptions: {debuggerAddress: localhost:62079}, javascriptEnabled: true, networkConnectionEnabled: false, pageLoadStrategy: normal, platform: WINDOWS, platformName: WINDOWS, proxy: Proxy(), se:cdp: ws://localhost:62079/devtoo..., se:cdpVersion: 103.0.5060.114, setWindowRect: true, strictFileInteractability: false, timeouts: {implicit: 0, pageLoad: 300000, script: 30000}, unhandledPromptBehavior: dismiss and notify, webauthn:extension:credBlob: true, webauthn:extension:largeBlob: true, webauthn:virtualAuthenticators: true}
Session ID: 31dfc8dfff2d2ac9df0d341deb560e3a
	at org.openqa.selenium.remote.codec.w3c.W3CHttpResponseCodec.createException(W3CHttpResponseCodec.java:200)
	at org.openqa.selenium.remote.codec.w3c.W3CHttpResponseCodec.decode(W3CHttpResponseCodec.java:133)
	at org.openqa.selenium.remote.codec.w3c.W3CHttpResponseCodec.decode(W3CHttpResponseCodec.java:53)
	at org.openqa.selenium.remote.HttpCommandExecutor.execute(HttpCommandExecutor.java:184)
	at org.openqa.selenium.remote.service.DriverCommandExecutor.invokeExecute(DriverCommandExecutor.java:164)
	at org.openqa.selenium.remote.service.DriverCommandExecutor.execute(DriverCommandExecutor.java:139)
	at org.openqa.selenium.remote.RemoteWebDriver.execute(RemoteWebDriver.java:559)
	at org.openqa.selenium.remote.ElementLocation$ElementFinder$2.findElement(ElementLocation.java:162)
	at org.openqa.selenium.remote.ElementLocation.findElement(ElementLocation.java:60)
	at org.openqa.selenium.remote.RemoteWebDriver.findElement(RemoteWebDriver.java:383)
	at org.openqa.selenium.remote.RemoteWebDriver.findElement(RemoteWebDriver.java:375)
	at org.openqa.selenium.support.pagefactory.DefaultElementLocator.findElement(DefaultElementLocator.java:70)
	at org.openqa.selenium.support.pagefactory.internal.LocatingElementHandler.invoke(LocatingElementHandler.java:39)
	at com.sun.proxy.$Proxy28.getText(Unknown Source)
	at definitions.data.HRISBukcetDataDefine.showDataCuti(HRISBukcetDataDefine.java:394)
	at ?.Data cuti created(file:///D:/Project/Java/TestNG/HRIS/src/test/resources/features/003-MODUL%20PENGAJUAN%20CUTI/HRISActionButton.feature:271)
... Removed 4 stack frames</pre></div><a href='#' onClick='toggleBox("stack-trace814212707", this, "Click to show all stack frames", "Click to hide stack frames")'>Click to show all stack frames</a>
<div class='stack-trace' id='stack-trace814212707'><pre>org.openqa.selenium.NoSuchElementException: no such element: Unable to locate element: {&quot;method&quot;:&quot;xpath&quot;,&quot;selector&quot;:&quot;//div[@class=&apos;alert alert-success fade show&apos;]&quot;}
  (Session info: chrome=103.0.5060.114)
For documentation on this error, please visit: https://selenium.dev/exceptions/#no_such_element
Build info: version: &apos;4.0.0&apos;, revision: &apos;3a21814679&apos;
System info: host: &apos;DESKTOP-S76SA9N&apos;, ip: &apos;192.168.1.164&apos;, os.name: &apos;Windows 11&apos;, os.arch: &apos;amd64&apos;, os.version: &apos;10.0&apos;, java.version: &apos;11.0.15&apos;
Driver info: org.openqa.selenium.chrome.ChromeDriver
Command: [31dfc8dfff2d2ac9df0d341deb560e3a, findElement {using=xpath, value=//div[@class=&apos;alert alert-success fade show&apos;]}]
Capabilities {acceptInsecureCerts: false, browserName: chrome, browserVersion: 103.0.5060.114, chrome: {chromedriverVersion: 102.0.5005.61 (0e59bcc00cc4..., userDataDir: C:\Users\nexsoft\AppData\Lo...}, goog:chromeOptions: {debuggerAddress: localhost:62079}, javascriptEnabled: true, networkConnectionEnabled: false, pageLoadStrategy: normal, platform: WINDOWS, platformName: WINDOWS, proxy: Proxy(), se:cdp: ws://localhost:62079/devtoo..., se:cdpVersion: 103.0.5060.114, setWindowRect: true, strictFileInteractability: false, timeouts: {implicit: 0, pageLoad: 300000, script: 30000}, unhandledPromptBehavior: dismiss and notify, webauthn:extension:credBlob: true, webauthn:extension:largeBlob: true, webauthn:virtualAuthenticators: true}
Session ID: 31dfc8dfff2d2ac9df0d341deb560e3a
	at java.base/jdk.internal.reflect.NativeConstructorAccessorImpl.newInstance0(Native Method)
	at java.base/jdk.internal.reflect.NativeConstructorAccessorImpl.newInstance(NativeConstructorAccessorImpl.java:62)
	at java.base/jdk.internal.reflect.DelegatingConstructorAccessorImpl.newInstance(DelegatingConstructorAccessorImpl.java:45)
	at java.base/java.lang.reflect.Constructor.newInstance(Constructor.java:490)
	at org.openqa.selenium.remote.codec.w3c.W3CHttpResponseCodec.createException(W3CHttpResponseCodec.java:200)
	at org.openqa.selenium.remote.codec.w3c.W3CHttpResponseCodec.decode(W3CHttpResponseCodec.java:133)
	at org.openqa.selenium.remote.codec.w3c.W3CHttpResponseCodec.decode(W3CHttpResponseCodec.java:53)
	at org.openqa.selenium.remote.HttpCommandExecutor.execute(HttpCommandExecutor.java:184)
	at org.openqa.selenium.remote.service.DriverCommandExecutor.invokeExecute(DriverCommandExecutor.java:164)
	at org.openqa.selenium.remote.service.DriverCommandExecutor.execute(DriverCommandExecutor.java:139)
	at org.openqa.selenium.remote.RemoteWebDriver.execute(RemoteWebDriver.java:559)
	at org.openqa.selenium.remote.ElementLocation$ElementFinder$2.findElement(ElementLocation.java:162)
	at org.openqa.selenium.remote.ElementLocation.findElement(ElementLocation.java:60)
	at org.openqa.selenium.remote.RemoteWebDriver.findElement(RemoteWebDriver.java:383)
	at org.openqa.selenium.remote.RemoteWebDriver.findElement(RemoteWebDriver.java:375)
	at org.openqa.selenium.support.pagefactory.DefaultElementLocator.findElement(DefaultElementLocator.java:70)
	at org.openqa.selenium.support.pagefactory.internal.LocatingElementHandler.invoke(LocatingElementHandler.java:39)
	at com.sun.proxy.$Proxy28.getText(Unknown Source)
	at definitions.data.HRISBukcetDataDefine.showDataCuti(HRISBukcetDataDefine.java:394)
	at ?.Data cuti created(file:///D:/Project/Java/TestNG/HRIS/src/test/resources/features/003-MODUL%20PENGAJUAN%20CUTI/HRISActionButton.feature:271)
</pre></div></td>
<td>29</td>
<td>runner.pengajuan.HRISActionButtonRunner@491b9b8</td></tr>
<tr>
<td title='runner.pengajuan.HRISCountTanggalCutiRunner.runScenario()'><b>runScenario</b><br>Test class: runner.pengajuan.HRISCountTanggalCutiRunner<br>Test method: Runs Cucumber Scenarios<br>Parameters: "Count date as expected", "Bucket Data Pengajuan"<br/>
<a href="#Output-1202976150" onClick='toggleBox("Output-1202976150", this, "Show output", "Hide output");'>Show output</a>

<a href="#Output-1202976150" onClick="toggleAllBoxes();">Show all outputs</a>
<div class='log' id="Output-1202976150">
<img src='file://D:\Project\Java\TestNG\HRIS\src\test\resources\SS\20220714_211141.PNG'height="350" width="792"/><br/>
</div>
</td>
<td><div><pre>java.lang.AssertionError: expected [true] but found [false]
	at definitions.data.HRISBukcetDataDefine.countEquals(HRISBukcetDataDefine.java:593)
	at ?.Count equals 0(file:///D:/Project/Java/TestNG/HRIS/src/test/resources/features/003-MODUL%20PENGAJUAN%20CUTI/HRISCountTanggalCuti.feature:122)
... Removed 4 stack frames</pre></div><a href='#' onClick='toggleBox("stack-trace1202976150", this, "Click to show all stack frames", "Click to hide stack frames")'>Click to show all stack frames</a>
<div class='stack-trace' id='stack-trace1202976150'><pre>java.lang.AssertionError: expected [true] but found [false]
	at org.testng.Assert.fail(Assert.java:110)
	at org.testng.Assert.failNotEquals(Assert.java:1413)
	at org.testng.Assert.assertTrue(Assert.java:56)
	at org.testng.Assert.assertTrue(Assert.java:66)
	at definitions.data.HRISBukcetDataDefine.countEquals(HRISBukcetDataDefine.java:593)
	at ?.Count equals 0(file:///D:/Project/Java/TestNG/HRIS/src/test/resources/features/003-MODUL%20PENGAJUAN%20CUTI/HRISCountTanggalCuti.feature:122)
</pre></div></td>
<td>17</td>
<td>runner.pengajuan.HRISCountTanggalCutiRunner@50378a4</td></tr>
<tr>
<td title='runner.approval.HRISSearchAndEntriesRunner.runScenario()'><b>runScenario</b><br>Test class: runner.approval.HRISSearchAndEntriesRunner<br>Test method: Runs Cucumber Scenarios<br>Parameters: "Search by value", "Bucket Data Approval"<br/>
<a href="#Output-19173251" onClick='toggleBox("Output-19173251", this, "Show output", "Hide output");'>Show output</a>

<a href="#Output-19173251" onClick="toggleAllBoxes();">Show all outputs</a>
<div class='log' id="Output-19173251">
<img src='file://D:\Project\Java\TestNG\HRIS\src\test\resources\SS\20220714_202505.PNG'height="350" width="792"/><br/>
</div>
</td>
<td><div><pre>java.lang.AssertionError: expected [true] but found [false]
	at definitions.data.HRISBukcetDataDefine.validateSearch(HRISBukcetDataDefine.java:536)
	at ?.User validate search Incomplete(file:///D:/Project/Java/TestNG/HRIS/src/test/resources/features/003-MODUL%20APPROVAL/HRISSearchAndEntries.feature:10)
... Removed 4 stack frames</pre></div><a href='#' onClick='toggleBox("stack-trace19173251", this, "Click to show all stack frames", "Click to hide stack frames")'>Click to show all stack frames</a>
<div class='stack-trace' id='stack-trace19173251'><pre>java.lang.AssertionError: expected [true] but found [false]
	at org.testng.Assert.fail(Assert.java:110)
	at org.testng.Assert.failNotEquals(Assert.java:1413)
	at org.testng.Assert.assertTrue(Assert.java:56)
	at org.testng.Assert.assertTrue(Assert.java:66)
	at definitions.data.HRISBukcetDataDefine.validateSearch(HRISBukcetDataDefine.java:536)
	at ?.User validate search Incomplete(file:///D:/Project/Java/TestNG/HRIS/src/test/resources/features/003-MODUL%20APPROVAL/HRISSearchAndEntries.feature:10)
</pre></div></td>
<td>18</td>
<td>runner.approval.HRISSearchAndEntriesRunner@1c742ed4</td></tr>
<tr>
<td title='runner.pengajuan.HRISSearchAndEntriesRunner.runScenario()'><b>runScenario</b><br>Test class: runner.pengajuan.HRISSearchAndEntriesRunner<br>Test method: Runs Cucumber Scenarios<br>Parameters: "Search by value", "Bucket Data Pengajuan"<br/>
<a href="#Output-73377975" onClick='toggleBox("Output-73377975", this, "Show output", "Hide output");'>Show output</a>

<a href="#Output-73377975" onClick="toggleAllBoxes();">Show all outputs</a>
<div class='log' id="Output-73377975">
<img src='file://D:\Project\Java\TestNG\HRIS\src\test\resources\SS\20220714_211231.PNG'height="350" width="792"/><br/>
</div>
</td>
<td><div><pre>java.lang.AssertionError: expected [true] but found [false]
	at definitions.data.HRISBukcetDataDefine.validateSearch(HRISBukcetDataDefine.java:533)
	at ?.User validate search persalinan(file:///D:/Project/Java/TestNG/HRIS/src/test/resources/features/003-MODUL%20PENGAJUAN%20CUTI/HRISSearchAndEntries.feature:43)
... Removed 4 stack frames</pre></div><a href='#' onClick='toggleBox("stack-trace73377975", this, "Click to show all stack frames", "Click to hide stack frames")'>Click to show all stack frames</a>
<div class='stack-trace' id='stack-trace73377975'><pre>java.lang.AssertionError: expected [true] but found [false]
	at org.testng.Assert.fail(Assert.java:110)
	at org.testng.Assert.failNotEquals(Assert.java:1413)
	at org.testng.Assert.assertTrue(Assert.java:56)
	at org.testng.Assert.assertTrue(Assert.java:66)
	at definitions.data.HRISBukcetDataDefine.validateSearch(HRISBukcetDataDefine.java:533)
	at ?.User validate search persalinan(file:///D:/Project/Java/TestNG/HRIS/src/test/resources/features/003-MODUL%20PENGAJUAN%20CUTI/HRISSearchAndEntries.feature:43)
</pre></div></td>
<td>12</td>
<td>runner.pengajuan.HRISSearchAndEntriesRunner@60f00693</td></tr>
<tr>
<td title='runner.approval.HRISCloseModalRunner.runScenario()'><b>runScenario</b><br>Test class: runner.approval.HRISCloseModalRunner<br>Test method: Runs Cucumber Scenarios<br>Parameters: "Tanggal cuti in approval", "Bucket Data Approval"<br/>
<a href="#Output-16266774" onClick='toggleBox("Output-16266774", this, "Show output", "Hide output");'>Show output</a>

<a href="#Output-16266774" onClick="toggleAllBoxes();">Show all outputs</a>
<div class='log' id="Output-16266774">
<img src='file://D:\Project\Java\TestNG\HRIS\src\test\resources\SS\20220714_202631.PNG'height="350" width="792"/><br/>
</div>
</td>
<td><div><pre>java.lang.NullPointerException
	at java.base/java.util.Calendar.setTime(Calendar.java:1800)
	at java.base/java.text.SimpleDateFormat.format(SimpleDateFormat.java:974)
	at java.base/java.text.SimpleDateFormat.format(SimpleDateFormat.java:967)
	at java.base/java.text.DateFormat.format(DateFormat.java:374)
	at definitions.data.HRISBukcetDataDefine.validateModal(HRISBukcetDataDefine.java:686)
	at ?.User validate modal &quot;tanggal&quot;(file:///D:/Project/Java/TestNG/HRIS/src/test/resources/features/003-MODUL%20APPROVAL/HRISCloseModal.feature:19)
</pre></div><a href='#' onClick='toggleBox("stack-trace16266774", this, "Click to show all stack frames", "Click to hide stack frames")'>Click to show all stack frames</a>
<div class='stack-trace' id='stack-trace16266774'><pre>java.lang.NullPointerException
	at java.base/java.util.Calendar.setTime(Calendar.java:1800)
	at java.base/java.text.SimpleDateFormat.format(SimpleDateFormat.java:974)
	at java.base/java.text.SimpleDateFormat.format(SimpleDateFormat.java:967)
	at java.base/java.text.DateFormat.format(DateFormat.java:374)
	at definitions.data.HRISBukcetDataDefine.validateModal(HRISBukcetDataDefine.java:686)
	at ?.User validate modal &quot;tanggal&quot;(file:///D:/Project/Java/TestNG/HRIS/src/test/resources/features/003-MODUL%20APPROVAL/HRISCloseModal.feature:19)
</pre></div></td>
<td>34</td>
<td>runner.approval.HRISCloseModalRunner@333d4a8c</td></tr>
<tr>
<td title='runner.approval.HRISActionRejectRunner.runScenario()'><b>runScenario</b><br>Test class: runner.approval.HRISActionRejectRunner<br>Test method: Runs Cucumber Scenarios<br>Parameters: "Action reject validate no notes", "Bucket Data Approval"<br/>
<a href="#Output-182765399" onClick='toggleBox("Output-182765399", this, "Show output", "Hide output");'>Show output</a>

<a href="#Output-182765399" onClick="toggleAllBoxes();">Show all outputs</a>
<div class='log' id="Output-182765399">
<img src='file://D:\Project\Java\TestNG\HRIS\src\test\resources\SS\20220714_204325.PNG'height="350" width="792"/><br/>
</div>
</td>
<td><div><pre>java.lang.AssertionError: expected [true] but found [false]
	at definitions.data.HRISBukcetDataDefine.validateApprovalNotes(HRISBukcetDataDefine.java:764)
	at ?.User validate approval notes &quot;reject&quot; button(file:///D:/Project/Java/TestNG/HRIS/src/test/resources/features/003-MODUL%20APPROVAL/HRISActionReject.feature:42)
... Removed 4 stack frames</pre></div><a href='#' onClick='toggleBox("stack-trace182765399", this, "Click to show all stack frames", "Click to hide stack frames")'>Click to show all stack frames</a>
<div class='stack-trace' id='stack-trace182765399'><pre>java.lang.AssertionError: expected [true] but found [false]
	at org.testng.Assert.fail(Assert.java:110)
	at org.testng.Assert.failNotEquals(Assert.java:1413)
	at org.testng.Assert.assertTrue(Assert.java:56)
	at org.testng.Assert.assertTrue(Assert.java:66)
	at definitions.data.HRISBukcetDataDefine.validateApprovalNotes(HRISBukcetDataDefine.java:764)
	at ?.User validate approval notes &quot;reject&quot; button(file:///D:/Project/Java/TestNG/HRIS/src/test/resources/features/003-MODUL%20APPROVAL/HRISActionReject.feature:42)
</pre></div></td>
<td>34</td>
<td>runner.approval.HRISActionRejectRunner@69c81773</td></tr>
<tr>
<td title='runner.pengajuan.HRISTanggalCutiRunner.runScenario()'><b>runScenario</b><br>Test class: runner.pengajuan.HRISTanggalCutiRunner<br>Test method: Runs Cucumber Scenarios<br>Parameters: "Compare date "From with current"", "Bucket Data Pengajuan"<br/>
<a href="#Output-562913918" onClick='toggleBox("Output-562913918", this, "Show output", "Hide output");'>Show output</a>

<a href="#Output-562913918" onClick="toggleAllBoxes();">Show all outputs</a>
<div class='log' id="Output-562913918">
<img src='file://D:\Project\Java\TestNG\HRIS\src\test\resources\SS\20220714_210104.PNG'height="350" width="792"/><br/>
</div>
</td>
<td><div><pre>java.lang.AssertionError: expected [true] but found [false]
	at definitions.data.HRISBukcetDataDefine.validateAlert(HRISBukcetDataDefine.java:646)
	at ?.Validate alert(file:///D:/Project/Java/TestNG/HRIS/src/test/resources/features/003-MODUL%20PENGAJUAN%20CUTI/HRISTanggalCuti.feature:13)
... Removed 4 stack frames</pre></div><a href='#' onClick='toggleBox("stack-trace562913918", this, "Click to show all stack frames", "Click to hide stack frames")'>Click to show all stack frames</a>
<div class='stack-trace' id='stack-trace562913918'><pre>java.lang.AssertionError: expected [true] but found [false]
	at org.testng.Assert.fail(Assert.java:110)
	at org.testng.Assert.failNotEquals(Assert.java:1413)
	at org.testng.Assert.assertTrue(Assert.java:56)
	at org.testng.Assert.assertTrue(Assert.java:66)
	at definitions.data.HRISBukcetDataDefine.validateAlert(HRISBukcetDataDefine.java:646)
	at ?.Validate alert(file:///D:/Project/Java/TestNG/HRIS/src/test/resources/features/003-MODUL%20PENGAJUAN%20CUTI/HRISTanggalCuti.feature:13)
</pre></div></td>
<td>13</td>
<td>runner.pengajuan.HRISTanggalCutiRunner@7b4c50bc</td></tr>
<tr>
<td title='runner.pengajuan.HRISSearchAndEntriesRunner.runScenario()'><b>runScenario</b><br>Test class: runner.pengajuan.HRISSearchAndEntriesRunner<br>Test method: Runs Cucumber Scenarios<br>Parameters: "Search by value", "Bucket Data Pengajuan"<br/>
<a href="#Output-750903733" onClick='toggleBox("Output-750903733", this, "Show output", "Hide output");'>Show output</a>

<a href="#Output-750903733" onClick="toggleAllBoxes();">Show all outputs</a>
<div class='log' id="Output-750903733">
<img src='file://D:\Project\Java\TestNG\HRIS\src\test\resources\SS\20220714_211219.PNG'height="350" width="792"/><br/>
</div>
</td>
<td><div><pre>java.lang.AssertionError: expected [true] but found [false]
	at definitions.data.HRISBukcetDataDefine.validateSearch(HRISBukcetDataDefine.java:530)
	at ?.User validate search Annual(file:///D:/Project/Java/TestNG/HRIS/src/test/resources/features/003-MODUL%20PENGAJUAN%20CUTI/HRISSearchAndEntries.feature:43)
... Removed 4 stack frames</pre></div><a href='#' onClick='toggleBox("stack-trace750903733", this, "Click to show all stack frames", "Click to hide stack frames")'>Click to show all stack frames</a>
<div class='stack-trace' id='stack-trace750903733'><pre>java.lang.AssertionError: expected [true] but found [false]
	at org.testng.Assert.fail(Assert.java:110)
	at org.testng.Assert.failNotEquals(Assert.java:1413)
	at org.testng.Assert.assertTrue(Assert.java:56)
	at org.testng.Assert.assertTrue(Assert.java:66)
	at definitions.data.HRISBukcetDataDefine.validateSearch(HRISBukcetDataDefine.java:530)
	at ?.User validate search Annual(file:///D:/Project/Java/TestNG/HRIS/src/test/resources/features/003-MODUL%20PENGAJUAN%20CUTI/HRISSearchAndEntries.feature:43)
</pre></div></td>
<td>13</td>
<td>runner.pengajuan.HRISSearchAndEntriesRunner@60f00693</td></tr>
<tr>
<td title='runner.pengajuan.HRISTanggalCutiRunner.runScenario()'><b>runScenario</b><br>Test class: runner.pengajuan.HRISTanggalCutiRunner<br>Test method: Runs Cucumber Scenarios<br>Parameters: "Compare date "From with current"", "Bucket Data Pengajuan"<br/>
<a href="#Output-1113835544" onClick='toggleBox("Output-1113835544", this, "Show output", "Hide output");'>Show output</a>

<a href="#Output-1113835544" onClick="toggleAllBoxes();">Show all outputs</a>
<div class='log' id="Output-1113835544">
<img src='file://D:\Project\Java\TestNG\HRIS\src\test\resources\SS\20220714_210145.PNG'height="350" width="792"/><br/>
</div>
</td>
<td><div><pre>org.openqa.selenium.ElementClickInterceptedException: element click intercepted: Element &lt;td tabindex=&quot;0&quot;&gt;...&lt;/td&gt; is not clickable at point (295, 28). Other element would receive the click: &lt;div id=&quot;header&quot; class=&quot;header navbar-default&quot;&gt;...&lt;/div&gt;
  (Session info: chrome=103.0.5060.114)
Build info: version: &apos;4.0.0&apos;, revision: &apos;3a21814679&apos;
System info: host: &apos;DESKTOP-S76SA9N&apos;, ip: &apos;192.168.1.164&apos;, os.name: &apos;Windows 11&apos;, os.arch: &apos;amd64&apos;, os.version: &apos;10.0&apos;, java.version: &apos;11.0.15&apos;
Driver info: org.openqa.selenium.chrome.ChromeDriver
Command: [e5445ccc64d07cbfd0ca4863d379ad29, clickElement {id=36365367-da7c-4b46-b638-ef2f0a920998}]
Capabilities {acceptInsecureCerts: false, browserName: chrome, browserVersion: 103.0.5060.114, chrome: {chromedriverVersion: 102.0.5005.61 (0e59bcc00cc4..., userDataDir: C:\Users\nexsoft\AppData\Lo...}, goog:chromeOptions: {debuggerAddress: localhost:50132}, javascriptEnabled: true, networkConnectionEnabled: false, pageLoadStrategy: normal, platform: WINDOWS, platformName: WINDOWS, proxy: Proxy(), se:cdp: ws://localhost:50132/devtoo..., se:cdpVersion: 103.0.5060.114, setWindowRect: true, strictFileInteractability: false, timeouts: {implicit: 0, pageLoad: 300000, script: 30000}, unhandledPromptBehavior: dismiss and notify, webauthn:extension:credBlob: true, webauthn:extension:largeBlob: true, webauthn:virtualAuthenticators: true}
Element: [[ChromeDriver: chrome on WINDOWS (e5445ccc64d07cbfd0ca4863d379ad29)] -&gt; xpath: //*[@id=&quot;dataTable&quot;]/tbody/tr/td[1]]
Session ID: e5445ccc64d07cbfd0ca4863d379ad29
	at org.openqa.selenium.remote.codec.w3c.W3CHttpResponseCodec.createException(W3CHttpResponseCodec.java:200)
	at org.openqa.selenium.remote.codec.w3c.W3CHttpResponseCodec.decode(W3CHttpResponseCodec.java:133)
	at org.openqa.selenium.remote.codec.w3c.W3CHttpResponseCodec.decode(W3CHttpResponseCodec.java:53)
	at org.openqa.selenium.remote.HttpCommandExecutor.execute(HttpCommandExecutor.java:184)
	at org.openqa.selenium.remote.service.DriverCommandExecutor.invokeExecute(DriverCommandExecutor.java:164)
	at org.openqa.selenium.remote.service.DriverCommandExecutor.execute(DriverCommandExecutor.java:139)
	at org.openqa.selenium.remote.RemoteWebDriver.execute(RemoteWebDriver.java:559)
	at org.openqa.selenium.remote.RemoteWebElement.execute(RemoteWebElement.java:251)
	at org.openqa.selenium.remote.RemoteWebElement.click(RemoteWebElement.java:77)
	at definitions.data.HRISBukcetDataDefine.checkAction(HRISBukcetDataDefine.java:622)
	at ?.Check action(file:///D:/Project/Java/TestNG/HRIS/src/test/resources/features/003-MODUL%20PENGAJUAN%20CUTI/HRISTanggalCuti.feature:30)
... Removed 4 stack frames</pre></div><a href='#' onClick='toggleBox("stack-trace1113835544", this, "Click to show all stack frames", "Click to hide stack frames")'>Click to show all stack frames</a>
<div class='stack-trace' id='stack-trace1113835544'><pre>org.openqa.selenium.ElementClickInterceptedException: element click intercepted: Element &lt;td tabindex=&quot;0&quot;&gt;...&lt;/td&gt; is not clickable at point (295, 28). Other element would receive the click: &lt;div id=&quot;header&quot; class=&quot;header navbar-default&quot;&gt;...&lt;/div&gt;
  (Session info: chrome=103.0.5060.114)
Build info: version: &apos;4.0.0&apos;, revision: &apos;3a21814679&apos;
System info: host: &apos;DESKTOP-S76SA9N&apos;, ip: &apos;192.168.1.164&apos;, os.name: &apos;Windows 11&apos;, os.arch: &apos;amd64&apos;, os.version: &apos;10.0&apos;, java.version: &apos;11.0.15&apos;
Driver info: org.openqa.selenium.chrome.ChromeDriver
Command: [e5445ccc64d07cbfd0ca4863d379ad29, clickElement {id=36365367-da7c-4b46-b638-ef2f0a920998}]
Capabilities {acceptInsecureCerts: false, browserName: chrome, browserVersion: 103.0.5060.114, chrome: {chromedriverVersion: 102.0.5005.61 (0e59bcc00cc4..., userDataDir: C:\Users\nexsoft\AppData\Lo...}, goog:chromeOptions: {debuggerAddress: localhost:50132}, javascriptEnabled: true, networkConnectionEnabled: false, pageLoadStrategy: normal, platform: WINDOWS, platformName: WINDOWS, proxy: Proxy(), se:cdp: ws://localhost:50132/devtoo..., se:cdpVersion: 103.0.5060.114, setWindowRect: true, strictFileInteractability: false, timeouts: {implicit: 0, pageLoad: 300000, script: 30000}, unhandledPromptBehavior: dismiss and notify, webauthn:extension:credBlob: true, webauthn:extension:largeBlob: true, webauthn:virtualAuthenticators: true}
Element: [[ChromeDriver: chrome on WINDOWS (e5445ccc64d07cbfd0ca4863d379ad29)] -&gt; xpath: //*[@id=&quot;dataTable&quot;]/tbody/tr/td[1]]
Session ID: e5445ccc64d07cbfd0ca4863d379ad29
	at java.base/jdk.internal.reflect.NativeConstructorAccessorImpl.newInstance0(Native Method)
	at java.base/jdk.internal.reflect.NativeConstructorAccessorImpl.newInstance(NativeConstructorAccessorImpl.java:62)
	at java.base/jdk.internal.reflect.DelegatingConstructorAccessorImpl.newInstance(DelegatingConstructorAccessorImpl.java:45)
	at java.base/java.lang.reflect.Constructor.newInstance(Constructor.java:490)
	at org.openqa.selenium.remote.codec.w3c.W3CHttpResponseCodec.createException(W3CHttpResponseCodec.java:200)
	at org.openqa.selenium.remote.codec.w3c.W3CHttpResponseCodec.decode(W3CHttpResponseCodec.java:133)
	at org.openqa.selenium.remote.codec.w3c.W3CHttpResponseCodec.decode(W3CHttpResponseCodec.java:53)
	at org.openqa.selenium.remote.HttpCommandExecutor.execute(HttpCommandExecutor.java:184)
	at org.openqa.selenium.remote.service.DriverCommandExecutor.invokeExecute(DriverCommandExecutor.java:164)
	at org.openqa.selenium.remote.service.DriverCommandExecutor.execute(DriverCommandExecutor.java:139)
	at org.openqa.selenium.remote.RemoteWebDriver.execute(RemoteWebDriver.java:559)
	at org.openqa.selenium.remote.RemoteWebElement.execute(RemoteWebElement.java:251)
	at org.openqa.selenium.remote.RemoteWebElement.click(RemoteWebElement.java:77)
	at definitions.data.HRISBukcetDataDefine.checkAction(HRISBukcetDataDefine.java:622)
	at ?.Check action(file:///D:/Project/Java/TestNG/HRIS/src/test/resources/features/003-MODUL%20PENGAJUAN%20CUTI/HRISTanggalCuti.feature:30)
</pre></div></td>
<td>20</td>
<td>runner.pengajuan.HRISTanggalCutiRunner@7b4c50bc</td></tr>
<tr>
<td title='runner.pengajuan.HRISNotesRunner.runScenario()'><b>runScenario</b><br>Test class: runner.pengajuan.HRISNotesRunner<br>Test method: Runs Cucumber Scenarios<br>Parameters: "Empty field note", "Bucket Data Pengajuan"<br/>
<a href="#Output-1878116362" onClick='toggleBox("Output-1878116362", this, "Show output", "Hide output");'>Show output</a>

<a href="#Output-1878116362" onClick="toggleAllBoxes();">Show all outputs</a>
<div class='log' id="Output-1878116362">
<img src='file://D:\Project\Java\TestNG\HRIS\src\test\resources\SS\20220714_210428.PNG'height="350" width="792"/><br/>
</div>
</td>
<td><div><pre>java.lang.AssertionError: expected [true] but found [false]
	at definitions.data.HRISBukcetDataDefine.noteFieldError(HRISBukcetDataDefine.java:289)
	at ?.Show error note field(file:///D:/Project/Java/TestNG/HRIS/src/test/resources/features/003-MODUL%20PENGAJUAN%20CUTI/HRISNotes.feature:28)
... Removed 4 stack frames</pre></div><a href='#' onClick='toggleBox("stack-trace1878116362", this, "Click to show all stack frames", "Click to hide stack frames")'>Click to show all stack frames</a>
<div class='stack-trace' id='stack-trace1878116362'><pre>java.lang.AssertionError: expected [true] but found [false]
	at org.testng.Assert.fail(Assert.java:110)
	at org.testng.Assert.failNotEquals(Assert.java:1413)
	at org.testng.Assert.assertTrue(Assert.java:56)
	at org.testng.Assert.assertTrue(Assert.java:66)
	at definitions.data.HRISBukcetDataDefine.noteFieldError(HRISBukcetDataDefine.java:289)
	at ?.Show error note field(file:///D:/Project/Java/TestNG/HRIS/src/test/resources/features/003-MODUL%20PENGAJUAN%20CUTI/HRISNotes.feature:28)
</pre></div></td>
<td>13</td>
<td>runner.pengajuan.HRISNotesRunner@5884a914</td></tr>
<tr>
<td title='runner.approval.HRISSearchAndEntriesRunner.runScenario()'><b>runScenario</b><br>Test class: runner.approval.HRISSearchAndEntriesRunner<br>Test method: Runs Cucumber Scenarios<br>Parameters: "Search by value", "Bucket Data Approval"<br/>
<a href="#Output-1865152087" onClick='toggleBox("Output-1865152087", this, "Show output", "Hide output");'>Show output</a>

<a href="#Output-1865152087" onClick="toggleAllBoxes();">Show all outputs</a>
<div class='log' id="Output-1865152087">
<img src='file://D:\Project\Java\TestNG\HRIS\src\test\resources\SS\20220714_202353.PNG'height="350" width="792"/><br/>
</div>
</td>
<td><div><pre>java.lang.AssertionError: expected [true] but found [false]
	at definitions.data.HRISBukcetDataDefine.validateSearch(HRISBukcetDataDefine.java:524)
	at ?.User validate search November(file:///D:/Project/Java/TestNG/HRIS/src/test/resources/features/003-MODUL%20APPROVAL/HRISSearchAndEntries.feature:10)
... Removed 4 stack frames</pre></div><a href='#' onClick='toggleBox("stack-trace1865152087", this, "Click to show all stack frames", "Click to hide stack frames")'>Click to show all stack frames</a>
<div class='stack-trace' id='stack-trace1865152087'><pre>java.lang.AssertionError: expected [true] but found [false]
	at org.testng.Assert.fail(Assert.java:110)
	at org.testng.Assert.failNotEquals(Assert.java:1413)
	at org.testng.Assert.assertTrue(Assert.java:56)
	at org.testng.Assert.assertTrue(Assert.java:66)
	at definitions.data.HRISBukcetDataDefine.validateSearch(HRISBukcetDataDefine.java:524)
	at ?.User validate search November(file:///D:/Project/Java/TestNG/HRIS/src/test/resources/features/003-MODUL%20APPROVAL/HRISSearchAndEntries.feature:10)
</pre></div></td>
<td>19</td>
<td>runner.approval.HRISSearchAndEntriesRunner@1c742ed4</td></tr>
<tr>
<td title='runner.pengajuan.HRISSearchAndEntriesRunner.runScenario()'><b>runScenario</b><br>Test class: runner.pengajuan.HRISSearchAndEntriesRunner<br>Test method: Runs Cucumber Scenarios<br>Parameters: "Search by value", "Bucket Data Pengajuan"<br/>
<a href="#Output-1145379385" onClick='toggleBox("Output-1145379385", this, "Show output", "Hide output");'>Show output</a>

<a href="#Output-1145379385" onClick="toggleAllBoxes();">Show all outputs</a>
<div class='log' id="Output-1145379385">
<img src='file://D:\Project\Java\TestNG\HRIS\src\test\resources\SS\20220714_211154.PNG'height="350" width="792"/><br/>
</div>
</td>
<td><div><pre>java.lang.AssertionError: expected [true] but found [false]
	at definitions.data.HRISBukcetDataDefine.validateSearch(HRISBukcetDataDefine.java:524)
	at ?.User validate search November(file:///D:/Project/Java/TestNG/HRIS/src/test/resources/features/003-MODUL%20PENGAJUAN%20CUTI/HRISSearchAndEntries.feature:43)
... Removed 4 stack frames</pre></div><a href='#' onClick='toggleBox("stack-trace1145379385", this, "Click to show all stack frames", "Click to hide stack frames")'>Click to show all stack frames</a>
<div class='stack-trace' id='stack-trace1145379385'><pre>java.lang.AssertionError: expected [true] but found [false]
	at org.testng.Assert.fail(Assert.java:110)
	at org.testng.Assert.failNotEquals(Assert.java:1413)
	at org.testng.Assert.assertTrue(Assert.java:56)
	at org.testng.Assert.assertTrue(Assert.java:66)
	at definitions.data.HRISBukcetDataDefine.validateSearch(HRISBukcetDataDefine.java:524)
	at ?.User validate search November(file:///D:/Project/Java/TestNG/HRIS/src/test/resources/features/003-MODUL%20PENGAJUAN%20CUTI/HRISSearchAndEntries.feature:43)
</pre></div></td>
<td>12</td>
<td>runner.pengajuan.HRISSearchAndEntriesRunner@60f00693</td></tr>
<tr>
<td title='runner.approval.HRISNotesRunner.runScenario()'><b>runScenario</b><br>Test class: runner.approval.HRISNotesRunner<br>Test method: Runs Cucumber Scenarios<br>Parameters: "Empty field note", "Bucket Data Approval"<br/>
<a href="#Output-1311728722" onClick='toggleBox("Output-1311728722", this, "Show output", "Hide output");'>Show output</a>

<a href="#Output-1311728722" onClick="toggleAllBoxes();">Show all outputs</a>
<div class='log' id="Output-1311728722">
<img src='file://D:\Project\Java\TestNG\HRIS\src\test\resources\SS\20220714_203111.PNG'height="350" width="792"/><br/>
</div>
</td>
<td><div><pre>java.lang.AssertionError: expected [true] but found [false]
	at definitions.data.HRISBukcetDataDefine.validateApprovalNotes(HRISBukcetDataDefine.java:764)
	at ?.User validate approval notes &quot;reject&quot; button(file:///D:/Project/Java/TestNG/HRIS/src/test/resources/features/003-MODUL%20APPROVAL/HRISNotes.feature:45)
... Removed 4 stack frames</pre></div><a href='#' onClick='toggleBox("stack-trace1311728722", this, "Click to show all stack frames", "Click to hide stack frames")'>Click to show all stack frames</a>
<div class='stack-trace' id='stack-trace1311728722'><pre>java.lang.AssertionError: expected [true] but found [false]
	at org.testng.Assert.fail(Assert.java:110)
	at org.testng.Assert.failNotEquals(Assert.java:1413)
	at org.testng.Assert.assertTrue(Assert.java:56)
	at org.testng.Assert.assertTrue(Assert.java:66)
	at definitions.data.HRISBukcetDataDefine.validateApprovalNotes(HRISBukcetDataDefine.java:764)
	at ?.User validate approval notes &quot;reject&quot; button(file:///D:/Project/Java/TestNG/HRIS/src/test/resources/features/003-MODUL%20APPROVAL/HRISNotes.feature:45)
</pre></div></td>
<td>33</td>
<td>runner.approval.HRISNotesRunner@55de24cc</td></tr>
<tr>
<td title='runner.pengajuan.HRISSearchAndEntriesRunner.runScenario()'><b>runScenario</b><br>Test class: runner.pengajuan.HRISSearchAndEntriesRunner<br>Test method: Runs Cucumber Scenarios<br>Parameters: "Search by value", "Bucket Data Pengajuan"<br/>
<a href="#Output-1380177470" onClick='toggleBox("Output-1380177470", this, "Show output", "Hide output");'>Show output</a>

<a href="#Output-1380177470" onClick="toggleAllBoxes();">Show all outputs</a>
<div class='log' id="Output-1380177470">
<img src='file://D:\Project\Java\TestNG\HRIS\src\test\resources\SS\20220714_211206.PNG'height="350" width="792"/><br/>
</div>
</td>
<td><div><pre>java.lang.AssertionError: expected [true] but found [false]
	at definitions.data.HRISBukcetDataDefine.validateSearch(HRISBukcetDataDefine.java:527)
	at ?.User validate search 90(file:///D:/Project/Java/TestNG/HRIS/src/test/resources/features/003-MODUL%20PENGAJUAN%20CUTI/HRISSearchAndEntries.feature:43)
... Removed 4 stack frames</pre></div><a href='#' onClick='toggleBox("stack-trace1380177470", this, "Click to show all stack frames", "Click to hide stack frames")'>Click to show all stack frames</a>
<div class='stack-trace' id='stack-trace1380177470'><pre>java.lang.AssertionError: expected [true] but found [false]
	at org.testng.Assert.fail(Assert.java:110)
	at org.testng.Assert.failNotEquals(Assert.java:1413)
	at org.testng.Assert.assertTrue(Assert.java:56)
	at org.testng.Assert.assertTrue(Assert.java:66)
	at definitions.data.HRISBukcetDataDefine.validateSearch(HRISBukcetDataDefine.java:527)
	at ?.User validate search 90(file:///D:/Project/Java/TestNG/HRIS/src/test/resources/features/003-MODUL%20PENGAJUAN%20CUTI/HRISSearchAndEntries.feature:43)
</pre></div></td>
<td>12</td>
<td>runner.pengajuan.HRISSearchAndEntriesRunner@60f00693</td></tr>
</table><p>
<table width='100%' border='1' class='invocation-passed'>
<tr><td colspan='4' align='center'><b>PASSED TESTS</b></td></tr>
<tr><td><b>Test method</b></td>
<td><b>Attribute(s)</b></td>
<td width="30%"><b>Exception</b></td>
<td width="10%"><b>Time (seconds)</b></td>
<td><b>Instance</b></td>
</tr>
<tr>
<td title='runner.dashboard.HRISDashboardSPVRunner.runScenario()'><b>runScenario</b><br>Test class: runner.dashboard.HRISDashboardSPVRunner<br>Test method: Runs Cucumber Scenarios<br>Parameters: "Show Pengajuan Cuti Page from My Task", "Dashboard"</td>
<td></td>
<td>11</td>
<td>runner.dashboard.HRISDashboardSPVRunner@3feb2dda</td></tr>
<tr>
<td title='runner.pengajuan.HRISActionButtonRunner.runScenario()'><b>runScenario</b><br>Test class: runner.pengajuan.HRISActionButtonRunner<br>Test method: Runs Cucumber Scenarios<br>Parameters: "Submit invalid data", "Bucket Data Pengajuan"</td>
<td></td>
<td>12</td>
<td>runner.pengajuan.HRISActionButtonRunner@491b9b8</td></tr>
<tr>
<td title='runner.approval.HRISTableDataCutiRunner.runScenario()'><b>runScenario</b><br>Test class: runner.approval.HRISTableDataCutiRunner<br>Test method: Runs Cucumber Scenarios<br>Parameters: "Status returned column", "Bucket Data Approval"</td>
<td></td>
<td>49</td>
<td>runner.approval.HRISTableDataCutiRunner@dc7df28</td></tr>
<tr>
<td title='runner.approval.HRISNotesRunner.runScenario()'><b>runScenario</b><br>Test class: runner.approval.HRISNotesRunner<br>Test method: Runs Cucumber Scenarios<br>Parameters: "Input field note", "Bucket Data Approval"</td>
<td></td>
<td>40</td>
<td>runner.approval.HRISNotesRunner@55de24cc</td></tr>
<tr>
<td title='runner.pengajuan.HRISSearchAndEntriesRunner.runScenario()'><b>runScenario</b><br>Test class: runner.pengajuan.HRISSearchAndEntriesRunner<br>Test method: Runs Cucumber Scenarios<br>Parameters: "Entries", "Bucket Data Pengajuan"</td>
<td></td>
<td>11</td>
<td>runner.pengajuan.HRISSearchAndEntriesRunner@60f00693</td></tr>
<tr>
<td title='runner.pengajuan.HRISTanggalCutiRunner.runScenario()'><b>runScenario</b><br>Test class: runner.pengajuan.HRISTanggalCutiRunner<br>Test method: Runs Cucumber Scenarios<br>Parameters: "Compare date "To > From"", "Bucket Data Pengajuan"</td>
<td></td>
<td>21</td>
<td>runner.pengajuan.HRISTanggalCutiRunner@7b4c50bc</td></tr>
<tr>
<td title='runner.pengajuan.HRISCountTanggalCutiRunner.runScenario()'><b>runScenario</b><br>Test class: runner.pengajuan.HRISCountTanggalCutiRunner<br>Test method: Runs Cucumber Scenarios<br>Parameters: "Count date as expected", "Bucket Data Pengajuan"</td>
<td></td>
<td>19</td>
<td>runner.pengajuan.HRISCountTanggalCutiRunner@50378a4</td></tr>
<tr>
<td title='runner.approval.HRISTableDataCutiRunner.runScenario()'><b>runScenario</b><br>Test class: runner.approval.HRISTableDataCutiRunner<br>Test method: Runs Cucumber Scenarios<br>Parameters: "Action approved column", "Bucket Data Approval"</td>
<td></td>
<td>58</td>
<td>runner.approval.HRISTableDataCutiRunner@dc7df28</td></tr>
<tr>
<td title='runner.pengajuan.HRISSelectLeaveTypeRunner.runScenario()'><b>runScenario</b><br>Test class: runner.pengajuan.HRISSelectLeaveTypeRunner<br>Test method: Runs Cucumber Scenarios<br>Parameters: "Cuti type Special", "Bucket Data Pengajuan"</td>
<td></td>
<td>21</td>
<td>runner.pengajuan.HRISSelectLeaveTypeRunner@4d15107f</td></tr>
<tr>
<td title='runner.pengajuan.HRISCountTanggalCutiRunner.runScenario()'><b>runScenario</b><br>Test class: runner.pengajuan.HRISCountTanggalCutiRunner<br>Test method: Runs Cucumber Scenarios<br>Parameters: "Cuti type Special and count date "MORE" than max count", "Bucket Data Pengajuan"</td>
<td></td>
<td>13</td>
<td>runner.pengajuan.HRISCountTanggalCutiRunner@50378a4</td></tr>
<tr>
<td title='runner.pengajuan.HRISTableDataCutiRunner.runScenario()'><b>runScenario</b><br>Test class: runner.pengajuan.HRISTableDataCutiRunner<br>Test method: Runs Cucumber Scenarios<br>Parameters: "Status column init", "Bucket Data Pengajuan"</td>
<td></td>
<td>23</td>
<td>runner.pengajuan.HRISTableDataCutiRunner@25df00a0</td></tr>
<tr>
<td title='runner.pengajuan.HRISTanggalCutiRunner.runScenario()'><b>runScenario</b><br>Test class: runner.pengajuan.HRISTanggalCutiRunner<br>Test method: Runs Cucumber Scenarios<br>Parameters: "Compare date "To < From"", "Bucket Data Pengajuan"</td>
<td></td>
<td>11</td>
<td>runner.pengajuan.HRISTanggalCutiRunner@7b4c50bc</td></tr>
<tr>
<td title='runner.approval.HRISNotesRunner.runScenario()'><b>runScenario</b><br>Test class: runner.approval.HRISNotesRunner<br>Test method: Runs Cucumber Scenarios<br>Parameters: "Input field note", "Bucket Data Approval"</td>
<td></td>
<td>33</td>
<td>runner.approval.HRISNotesRunner@55de24cc</td></tr>
<tr>
<td title='runner.approval.HRISActionReturnRunner.runScenario()'><b>runScenario</b><br>Test class: runner.approval.HRISActionReturnRunner<br>Test method: Runs Cucumber Scenarios<br>Parameters: "Action return cancel no notes", "Bucket Data Approval"</td>
<td></td>
<td>39</td>
<td>runner.approval.HRISActionReturnRunner@30f842ca</td></tr>
<tr>
<td title='runner.dashboard.HRISDashboardSPVRunner.runScenario()'><b>runScenario</b><br>Test class: runner.dashboard.HRISDashboardSPVRunner<br>Test method: Runs Cucumber Scenarios<br>Parameters: "Show Home Page", "Dashboard"</td>
<td></td>
<td>8</td>
<td>runner.dashboard.HRISDashboardSPVRunner@3feb2dda</td></tr>
<tr>
<td title='runner.pengajuan.HRISSelectLeaveTypeRunner.runScenario()'><b>runScenario</b><br>Test class: runner.pengajuan.HRISSelectLeaveTypeRunner<br>Test method: Runs Cucumber Scenarios<br>Parameters: "Cuti type Special", "Bucket Data Pengajuan"</td>
<td></td>
<td>25</td>
<td>runner.pengajuan.HRISSelectLeaveTypeRunner@4d15107f</td></tr>
<tr>
<td title='runner.dashboard.HRISDashboardSPVRunner.runScenario()'><b>runScenario</b><br>Test class: runner.dashboard.HRISDashboardSPVRunner<br>Test method: Runs Cucumber Scenarios<br>Parameters: "Show Pengajuan Cuti Page from Navbar", "Dashboard"</td>
<td></td>
<td>9</td>
<td>runner.dashboard.HRISDashboardSPVRunner@3feb2dda</td></tr>
<tr>
<td title='runner.approval.HRISTableDataCutiRunner.runScenario()'><b>runScenario</b><br>Test class: runner.approval.HRISTableDataCutiRunner<br>Test method: Runs Cucumber Scenarios<br>Parameters: "Status approved column", "Bucket Data Approval"</td>
<td></td>
<td>40</td>
<td>runner.approval.HRISTableDataCutiRunner@dc7df28</td></tr>
<tr>
<td title='runner.pengajuan.HRISSelectLeaveTypeRunner.runScenario()'><b>runScenario</b><br>Test class: runner.pengajuan.HRISSelectLeaveTypeRunner<br>Test method: Runs Cucumber Scenarios<br>Parameters: "Cuti type Special", "Bucket Data Pengajuan"</td>
<td></td>
<td>22</td>
<td>runner.pengajuan.HRISSelectLeaveTypeRunner@4d15107f</td></tr>
<tr>
<td title='runner.signature.HRISDrawSignatureSPVRunner.runScenario()'><b>runScenario</b><br>Test class: runner.signature.HRISDrawSignatureSPVRunner<br>Test method: Runs Cucumber Scenarios<br>Parameters: "Empty canvas and delete", "Bucket Data Pengajuan"</td>
<td></td>
<td>10</td>
<td>runner.signature.HRISDrawSignatureSPVRunner@1a4927d6</td></tr>
<tr>
<td title='runner.approval.HRISActionReturnRunner.runScenario()'><b>runScenario</b><br>Test class: runner.approval.HRISActionReturnRunner<br>Test method: Runs Cucumber Scenarios<br>Parameters: "Action return validate with notes", "Bucket Data Approval"</td>
<td></td>
<td>50</td>
<td>runner.approval.HRISActionReturnRunner@30f842ca</td></tr>
<tr>
<td title='runner.signature.HRISDrawSignatureSPVRunner.runScenario()'><b>runScenario</b><br>Test class: runner.signature.HRISDrawSignatureSPVRunner<br>Test method: Runs Cucumber Scenarios<br>Parameters: "Empty canvas and save", "Bucket Data Pengajuan"</td>
<td></td>
<td>10</td>
<td>runner.signature.HRISDrawSignatureSPVRunner@1a4927d6</td></tr>
<tr>
<td title='runner.dashboard.HRISDashboardSPVRunner.runScenario()'><b>runScenario</b><br>Test class: runner.dashboard.HRISDashboardSPVRunner<br>Test method: Runs Cucumber Scenarios<br>Parameters: "Show Signature Page", "Dashboard"</td>
<td></td>
<td>12</td>
<td>runner.dashboard.HRISDashboardSPVRunner@3feb2dda</td></tr>
<tr>
<td title='runner.pengajuan.HRISActionButtonRunner.runScenario()'><b>runScenario</b><br>Test class: runner.pengajuan.HRISActionButtonRunner<br>Test method: Runs Cucumber Scenarios<br>Parameters: "Submit new valid data", "Bucket Data Pengajuan"</td>
<td></td>
<td>20</td>
<td>runner.pengajuan.HRISActionButtonRunner@491b9b8</td></tr>
<tr>
<td title='runner.signature.HRISDrawSignatureSPVRunner.runScenario()'><b>runScenario</b><br>Test class: runner.signature.HRISDrawSignatureSPVRunner<br>Test method: Runs Cucumber Scenarios<br>Parameters: "Draw and save", "Bucket Data Pengajuan"</td>
<td></td>
<td>16</td>
<td>runner.signature.HRISDrawSignatureSPVRunner@1a4927d6</td></tr>
<tr>
<td title='runner.signature.HRISDrawSignatureMNGRRunner.runScenario()'><b>runScenario</b><br>Test class: runner.signature.HRISDrawSignatureMNGRRunner<br>Test method: Runs Cucumber Scenarios<br>Parameters: "Draw and delete", "Bucket Data Pengajuan"</td>
<td></td>
<td>15</td>
<td>runner.signature.HRISDrawSignatureMNGRRunner@7e990ed7</td></tr>
<tr>
<td title='runner.pengajuan.HRISSelectLeaveTypeRunner.runScenario()'><b>runScenario</b><br>Test class: runner.pengajuan.HRISSelectLeaveTypeRunner<br>Test method: Runs Cucumber Scenarios<br>Parameters: "Cuti type Special", "Bucket Data Pengajuan"</td>
<td></td>
<td>21</td>
<td>runner.pengajuan.HRISSelectLeaveTypeRunner@4d15107f</td></tr>
<tr>
<td title='runner.approval.HRISTableDataCutiRunner.runScenario()'><b>runScenario</b><br>Test class: runner.approval.HRISTableDataCutiRunner<br>Test method: Runs Cucumber Scenarios<br>Parameters: "Status rejected column", "Bucket Data Approval"</td>
<td></td>
<td>32</td>
<td>runner.approval.HRISTableDataCutiRunner@dc7df28</td></tr>
<tr>
<td title='runner.approval.HRISTableDataCutiRunner.runScenario()'><b>runScenario</b><br>Test class: runner.approval.HRISTableDataCutiRunner<br>Test method: Runs Cucumber Scenarios<br>Parameters: "Type column", "Bucket Data Approval"</td>
<td></td>
<td>31</td>
<td>runner.approval.HRISTableDataCutiRunner@dc7df28</td></tr>
<tr>
<td title='runner.pengajuan.HRISTableResultCutiRunner.runScenario()'><b>runScenario</b><br>Test class: runner.pengajuan.HRISTableResultCutiRunner<br>Test method: Runs Cucumber Scenarios<br>Parameters: "Show total sisa cuti", "Bucket Data Pengajuan"</td>
<td></td>
<td>21</td>
<td>runner.pengajuan.HRISTableResultCutiRunner@c05fddc</td></tr>
<tr>
<td title='runner.pengajuan.HRISCountTanggalCutiRunner.runScenario()'><b>runScenario</b><br>Test class: runner.pengajuan.HRISCountTanggalCutiRunner<br>Test method: Runs Cucumber Scenarios<br>Parameters: "Cuti type Special and count date "EQUALS" max count", "Bucket Data Pengajuan"</td>
<td></td>
<td>16</td>
<td>runner.pengajuan.HRISCountTanggalCutiRunner@50378a4</td></tr>
<tr>
<td title='runner.signature.HRISDrawSignatureSPVRunner.runScenario()'><b>runScenario</b><br>Test class: runner.signature.HRISDrawSignatureSPVRunner<br>Test method: Runs Cucumber Scenarios<br>Parameters: "Draw and delete", "Bucket Data Pengajuan"</td>
<td></td>
<td>12</td>
<td>runner.signature.HRISDrawSignatureSPVRunner@1a4927d6</td></tr>
<tr>
<td title='runner.dashboard.HRISDashboardMNGRRunner.runScenario()'><b>runScenario</b><br>Test class: runner.dashboard.HRISDashboardMNGRRunner<br>Test method: Runs Cucumber Scenarios<br>Parameters: "Show Approval Cuti Page from My Task", "Dashboard"</td>
<td></td>
<td>15</td>
<td>runner.dashboard.HRISDashboardMNGRRunner@6a8658ff</td></tr>
<tr>
<td title='runner.signature.HRISDrawSignatureMNGRRunner.runScenario()'><b>runScenario</b><br>Test class: runner.signature.HRISDrawSignatureMNGRRunner<br>Test method: Runs Cucumber Scenarios<br>Parameters: "Empty canvas and save", "Bucket Data Pengajuan"</td>
<td></td>
<td>16</td>
<td>runner.signature.HRISDrawSignatureMNGRRunner@7e990ed7</td></tr>
<tr>
<td title='runner.signature.HRISDrawSignatureMNGRRunner.runScenario()'><b>runScenario</b><br>Test class: runner.signature.HRISDrawSignatureMNGRRunner<br>Test method: Runs Cucumber Scenarios<br>Parameters: "Draw and save", "Bucket Data Pengajuan"</td>
<td></td>
<td>18</td>
<td>runner.signature.HRISDrawSignatureMNGRRunner@7e990ed7</td></tr>
<tr>
<td title='runner.pengajuan.HRISTableDataCutiRunner.runScenario()'><b>runScenario</b><br>Test class: runner.pengajuan.HRISTableDataCutiRunner<br>Test method: Runs Cucumber Scenarios<br>Parameters: "Action column init", "Bucket Data Pengajuan"</td>
<td></td>
<td>23</td>
<td>runner.pengajuan.HRISTableDataCutiRunner@25df00a0</td></tr>
<tr>
<td title='runner.dashboard.HRISDashboardMNGRRunner.runScenario()'><b>runScenario</b><br>Test class: runner.dashboard.HRISDashboardMNGRRunner<br>Test method: Runs Cucumber Scenarios<br>Parameters: "Show Approval Cuti Page from Navbar", "Dashboard"</td>
<td></td>
<td>14</td>
<td>runner.dashboard.HRISDashboardMNGRRunner@6a8658ff</td></tr>
<tr>
<td title='runner.pengajuan.HRISTanggalCutiRunner.runScenario()'><b>runScenario</b><br>Test class: runner.pengajuan.HRISTanggalCutiRunner<br>Test method: Runs Cucumber Scenarios<br>Parameters: "Empty date", "Bucket Data Pengajuan"</td>
<td></td>
<td>12</td>
<td>runner.pengajuan.HRISTanggalCutiRunner@7b4c50bc</td></tr>
<tr>
<td title='runner.approval.HRISSearchAndEntriesRunner.runScenario()'><b>runScenario</b><br>Test class: runner.approval.HRISSearchAndEntriesRunner<br>Test method: Runs Cucumber Scenarios<br>Parameters: "Search by value", "Bucket Data Approval"</td>
<td></td>
<td>17</td>
<td>runner.approval.HRISSearchAndEntriesRunner@1c742ed4</td></tr>
<tr>
<td title='runner.pengajuan.HRISActionButtonRunner.runScenario()'><b>runScenario</b><br>Test class: runner.pengajuan.HRISActionButtonRunner<br>Test method: Runs Cucumber Scenarios<br>Parameters: "Submit valid edit data", "Bucket Data Pengajuan"</td>
<td></td>
<td>50</td>
<td>runner.pengajuan.HRISActionButtonRunner@491b9b8</td></tr>
<tr>
<td title='runner.pengajuan.HRISCountTanggalCutiRunner.runScenario()'><b>runScenario</b><br>Test class: runner.pengajuan.HRISCountTanggalCutiRunner<br>Test method: Runs Cucumber Scenarios<br>Parameters: "Cuti type Special and count date "LESS" than max count", "Bucket Data Pengajuan"</td>
<td></td>
<td>21</td>
<td>runner.pengajuan.HRISCountTanggalCutiRunner@50378a4</td></tr>
<tr>
<td title='runner.pengajuan.HRISDoubleSubmitRunner.runScenario()'><b>runScenario</b><br>Test class: runner.pengajuan.HRISDoubleSubmitRunner<br>Test method: Runs Cucumber Scenarios<br>Parameters: "Cuti type Special not approved yet", "Bucket Data Pengajuan"</td>
<td></td>
<td>39</td>
<td>runner.pengajuan.HRISDoubleSubmitRunner@79207381</td></tr>
<tr>
<td title='runner.pengajuan.HRISNotesRunner.runScenario()'><b>runScenario</b><br>Test class: runner.pengajuan.HRISNotesRunner<br>Test method: Runs Cucumber Scenarios<br>Parameters: "Input field note", "Bucket Data Pengajuan"</td>
<td></td>
<td>21</td>
<td>runner.pengajuan.HRISNotesRunner@5884a914</td></tr>
<tr>
<td title='runner.pengajuan.HRISDoubleSubmitRunner.runScenario()'><b>runScenario</b><br>Test class: runner.pengajuan.HRISDoubleSubmitRunner<br>Test method: Runs Cucumber Scenarios<br>Parameters: "Cuti type Annual not approved yet", "Bucket Data Pengajuan"</td>
<td></td>
<td>24</td>
<td>runner.pengajuan.HRISDoubleSubmitRunner@79207381</td></tr>
<tr>
<td title='runner.pengajuan.HRISTableResultCutiRunner.runScenario()'><b>runScenario</b><br>Test class: runner.pengajuan.HRISTableResultCutiRunner<br>Test method: Runs Cucumber Scenarios<br>Parameters: "Show total cuti approved", "Bucket Data Pengajuan"</td>
<td></td>
<td>9</td>
<td>runner.pengajuan.HRISTableResultCutiRunner@c05fddc</td></tr>
<tr>
<td title='runner.pengajuan.HRISSelectLeaveTypeRunner.runScenario()'><b>runScenario</b><br>Test class: runner.pengajuan.HRISSelectLeaveTypeRunner<br>Test method: Runs Cucumber Scenarios<br>Parameters: "Cuti type Special", "Bucket Data Pengajuan"</td>
<td></td>
<td>21</td>
<td>runner.pengajuan.HRISSelectLeaveTypeRunner@4d15107f</td></tr>
<tr>
<td title='runner.pengajuan.HRISActionButtonRunner.runScenario()'><b>runScenario</b><br>Test class: runner.pengajuan.HRISActionButtonRunner<br>Test method: Runs Cucumber Scenarios<br>Parameters: "Validate delete action", "Bucket Data Pengajuan"</td>
<td></td>
<td>23</td>
<td>runner.pengajuan.HRISActionButtonRunner@491b9b8</td></tr>
<tr>
<td title='runner.pengajuan.HRISTableDataCutiRunner.runScenario()'><b>runScenario</b><br>Test class: runner.pengajuan.HRISTableDataCutiRunner<br>Test method: Runs Cucumber Scenarios<br>Parameters: "Type column", "Bucket Data Pengajuan"</td>
<td></td>
<td>21</td>
<td>runner.pengajuan.HRISTableDataCutiRunner@25df00a0</td></tr>
<tr>
<td title='runner.approval.HRISTableDataCutiRunner.runScenario()'><b>runScenario</b><br>Test class: runner.approval.HRISTableDataCutiRunner<br>Test method: Runs Cucumber Scenarios<br>Parameters: "Leave column (date)", "Bucket Data Approval"</td>
<td></td>
<td>31</td>
<td>runner.approval.HRISTableDataCutiRunner@dc7df28</td></tr>
<tr>
<td title='runner.dashboard.HRISDashboardMNGRRunner.runScenario()'><b>runScenario</b><br>Test class: runner.dashboard.HRISDashboardMNGRRunner<br>Test method: Runs Cucumber Scenarios<br>Parameters: "Show Signature Page", "Dashboard"</td>
<td></td>
<td>15</td>
<td>runner.dashboard.HRISDashboardMNGRRunner@6a8658ff</td></tr>
<tr>
<td title='runner.pengajuan.HRISTableDataCutiRunner.runScenario()'><b>runScenario</b><br>Test class: runner.pengajuan.HRISTableDataCutiRunner<br>Test method: Runs Cucumber Scenarios<br>Parameters: "Count column", "Bucket Data Pengajuan"</td>
<td></td>
<td>20</td>
<td>runner.pengajuan.HRISTableDataCutiRunner@25df00a0</td></tr>
<tr>
<td title='runner.pengajuan.HRISTableDataCutiRunner.runScenario()'><b>runScenario</b><br>Test class: runner.pengajuan.HRISTableDataCutiRunner<br>Test method: Runs Cucumber Scenarios<br>Parameters: "Status column rejected", "Bucket Data Pengajuan"</td>
<td></td>
<td>40</td>
<td>runner.pengajuan.HRISTableDataCutiRunner@25df00a0</td></tr>
<tr>
<td title='runner.pengajuan.HRISTableDataCutiRunner.runScenario()'><b>runScenario</b><br>Test class: runner.pengajuan.HRISTableDataCutiRunner<br>Test method: Runs Cucumber Scenarios<br>Parameters: "Leave column", "Bucket Data Pengajuan"</td>
<td></td>
<td>21</td>
<td>runner.pengajuan.HRISTableDataCutiRunner@25df00a0</td></tr>
<tr>
<td title='runner.approval.HRISTableDataCutiRunner.runScenario()'><b>runScenario</b><br>Test class: runner.approval.HRISTableDataCutiRunner<br>Test method: Runs Cucumber Scenarios<br>Parameters: "Action edit pressed", "Bucket Data Approval"</td>
<td></td>
<td>39</td>
<td>runner.approval.HRISTableDataCutiRunner@dc7df28</td></tr>
<tr>
<td title='runner.pengajuan.HRISSelectLeaveTypeRunner.runScenario()'><b>runScenario</b><br>Test class: runner.pengajuan.HRISSelectLeaveTypeRunner<br>Test method: Runs Cucumber Scenarios<br>Parameters: "Cuti type Special", "Bucket Data Pengajuan"</td>
<td></td>
<td>22</td>
<td>runner.pengajuan.HRISSelectLeaveTypeRunner@4d15107f</td></tr>
<tr>
<td title='runner.pengajuan.HRISNotesRunner.runScenario()'><b>runScenario</b><br>Test class: runner.pengajuan.HRISNotesRunner<br>Test method: Runs Cucumber Scenarios<br>Parameters: "Input field note", "Bucket Data Pengajuan"</td>
<td></td>
<td>21</td>
<td>runner.pengajuan.HRISNotesRunner@5884a914</td></tr>
<tr>
<td title='runner.approval.HRISSearchAndEntriesRunner.runScenario()'><b>runScenario</b><br>Test class: runner.approval.HRISSearchAndEntriesRunner<br>Test method: Runs Cucumber Scenarios<br>Parameters: "Search by value", "Bucket Data Approval"</td>
<td></td>
<td>18</td>
<td>runner.approval.HRISSearchAndEntriesRunner@1c742ed4</td></tr>
<tr>
<td title='runner.pengajuan.HRISTableResultCutiRunner.runScenario()'><b>runScenario</b><br>Test class: runner.pengajuan.HRISTableResultCutiRunner<br>Test method: Runs Cucumber Scenarios<br>Parameters: "Show total sisa cuti", "Bucket Data Pengajuan"</td>
<td></td>
<td>9</td>
<td>runner.pengajuan.HRISTableResultCutiRunner@c05fddc</td></tr>
<tr>
<td title='runner.pengajuan.HRISTableResultCutiRunner.runScenario()'><b>runScenario</b><br>Test class: runner.pengajuan.HRISTableResultCutiRunner<br>Test method: Runs Cucumber Scenarios<br>Parameters: "Show total cuti yang bisa diambil", "Bucket Data Pengajuan"</td>
<td></td>
<td>9</td>
<td>runner.pengajuan.HRISTableResultCutiRunner@c05fddc</td></tr>
<tr>
<td title='runner.signature.HRISDrawSignatureMNGRRunner.runScenario()'><b>runScenario</b><br>Test class: runner.signature.HRISDrawSignatureMNGRRunner<br>Test method: Runs Cucumber Scenarios<br>Parameters: "Empty canvas and delete", "Bucket Data Pengajuan"</td>
<td></td>
<td>14</td>
<td>runner.signature.HRISDrawSignatureMNGRRunner@7e990ed7</td></tr>
<tr>
<td title='runner.pengajuan.HRISCountTanggalCutiRunner.runScenario()'><b>runScenario</b><br>Test class: runner.pengajuan.HRISCountTanggalCutiRunner<br>Test method: Runs Cucumber Scenarios<br>Parameters: "Cuti type Special and count date "EQUALS" max count", "Bucket Data Pengajuan"</td>
<td></td>
<td>16</td>
<td>runner.pengajuan.HRISCountTanggalCutiRunner@50378a4</td></tr>
<tr>
<td title='runner.pengajuan.HRISCountTanggalCutiRunner.runScenario()'><b>runScenario</b><br>Test class: runner.pengajuan.HRISCountTanggalCutiRunner<br>Test method: Runs Cucumber Scenarios<br>Parameters: "Cuti type Special and count date "MORE" than max count", "Bucket Data Pengajuan"</td>
<td></td>
<td>12</td>
<td>runner.pengajuan.HRISCountTanggalCutiRunner@50378a4</td></tr>
<tr>
<td title='runner.pengajuan.HRISCountTanggalCutiRunner.runScenario()'><b>runScenario</b><br>Test class: runner.pengajuan.HRISCountTanggalCutiRunner<br>Test method: Runs Cucumber Scenarios<br>Parameters: "Cuti type Special and count date "LESS" than max count", "Bucket Data Pengajuan"</td>
<td></td>
<td>16</td>
<td>runner.pengajuan.HRISCountTanggalCutiRunner@50378a4</td></tr>
<tr>
<td title='runner.pengajuan.HRISCountTanggalCutiRunner.runScenario()'><b>runScenario</b><br>Test class: runner.pengajuan.HRISCountTanggalCutiRunner<br>Test method: Runs Cucumber Scenarios<br>Parameters: "Cuti type Special and count date "LESS" than max count", "Bucket Data Pengajuan"</td>
<td></td>
<td>16</td>
<td>runner.pengajuan.HRISCountTanggalCutiRunner@50378a4</td></tr>
<tr>
<td title='runner.pengajuan.HRISActionButtonRunner.runScenario()'><b>runScenario</b><br>Test class: runner.pengajuan.HRISActionButtonRunner<br>Test method: Runs Cucumber Scenarios<br>Parameters: "Date should show as Leave column", "Bucket Data Pengajuan"</td>
<td></td>
<td>49</td>
<td>runner.pengajuan.HRISActionButtonRunner@491b9b8</td></tr>
<tr>
<td title='runner.pengajuan.HRISSelectLeaveTypeRunner.runScenario()'><b>runScenario</b><br>Test class: runner.pengajuan.HRISSelectLeaveTypeRunner<br>Test method: Runs Cucumber Scenarios<br>Parameters: "Empty special", "Bucket Data Pengajuan"</td>
<td></td>
<td>11</td>
<td>runner.pengajuan.HRISSelectLeaveTypeRunner@4d15107f</td></tr>
<tr>
<td title='runner.pengajuan.HRISCountTanggalCutiRunner.runScenario()'><b>runScenario</b><br>Test class: runner.pengajuan.HRISCountTanggalCutiRunner<br>Test method: Runs Cucumber Scenarios<br>Parameters: "Cuti type Special and count date "EQUALS" max count", "Bucket Data Pengajuan"</td>
<td></td>
<td>16</td>
<td>runner.pengajuan.HRISCountTanggalCutiRunner@50378a4</td></tr>
<tr>
<td title='runner.pengajuan.HRISTableDataCutiRunner.runScenario()'><b>runScenario</b><br>Test class: runner.pengajuan.HRISTableDataCutiRunner<br>Test method: Runs Cucumber Scenarios<br>Parameters: "Status column approved", "Bucket Data Pengajuan"</td>
<td></td>
<td>42</td>
<td>runner.pengajuan.HRISTableDataCutiRunner@25df00a0</td></tr>
<tr>
<td title='runner.approval.HRISTableDataCutiRunner.runScenario()'><b>runScenario</b><br>Test class: runner.approval.HRISTableDataCutiRunner<br>Test method: Runs Cucumber Scenarios<br>Parameters: "Status new column", "Bucket Data Approval"</td>
<td></td>
<td>32</td>
<td>runner.approval.HRISTableDataCutiRunner@dc7df28</td></tr>
<tr>
<td title='runner.pengajuan.HRISCountTanggalCutiRunner.runScenario()'><b>runScenario</b><br>Test class: runner.pengajuan.HRISCountTanggalCutiRunner<br>Test method: Runs Cucumber Scenarios<br>Parameters: "Cuti type Special and count date "MORE" than max count", "Bucket Data Pengajuan"</td>
<td></td>
<td>12</td>
<td>runner.pengajuan.HRISCountTanggalCutiRunner@50378a4</td></tr>
<tr>
<td title='runner.pengajuan.HRISSelectLeaveTypeRunner.runScenario()'><b>runScenario</b><br>Test class: runner.pengajuan.HRISSelectLeaveTypeRunner<br>Test method: Runs Cucumber Scenarios<br>Parameters: "Button form cuti show form cuti", "Bucket Data Pengajuan"</td>
<td></td>
<td>9</td>
<td>runner.pengajuan.HRISSelectLeaveTypeRunner@4d15107f</td></tr>
<tr>
<td title='runner.pengajuan.HRISCountTanggalCutiRunner.runScenario()'><b>runScenario</b><br>Test class: runner.pengajuan.HRISCountTanggalCutiRunner<br>Test method: Runs Cucumber Scenarios<br>Parameters: "Cuti type Special and count date "MORE" than max count", "Bucket Data Pengajuan"</td>
<td></td>
<td>12</td>
<td>runner.pengajuan.HRISCountTanggalCutiRunner@50378a4</td></tr>
<tr>
<td title='runner.pengajuan.HRISTableDataCutiRunner.runScenario()'><b>runScenario</b><br>Test class: runner.pengajuan.HRISTableDataCutiRunner<br>Test method: Runs Cucumber Scenarios<br>Parameters: "Action column returned", "Bucket Data Pengajuan"</td>
<td></td>
<td>49</td>
<td>runner.pengajuan.HRISTableDataCutiRunner@25df00a0</td></tr>
<tr>
<td title='runner.pengajuan.HRISSelectLeaveTypeRunner.runScenario()'><b>runScenario</b><br>Test class: runner.pengajuan.HRISSelectLeaveTypeRunner<br>Test method: Runs Cucumber Scenarios<br>Parameters: "Empty type", "Bucket Data Pengajuan"</td>
<td></td>
<td>11</td>
<td>runner.pengajuan.HRISSelectLeaveTypeRunner@4d15107f</td></tr>
<tr>
<td title='runner.pengajuan.HRISSearchAndEntriesRunner.runScenario()'><b>runScenario</b><br>Test class: runner.pengajuan.HRISSearchAndEntriesRunner<br>Test method: Runs Cucumber Scenarios<br>Parameters: "Search by value", "Bucket Data Pengajuan"</td>
<td></td>
<td>11</td>
<td>runner.pengajuan.HRISSearchAndEntriesRunner@60f00693</td></tr>
<tr>
<td title='runner.approval.HRISNotesRunner.runScenario()'><b>runScenario</b><br>Test class: runner.approval.HRISNotesRunner<br>Test method: Runs Cucumber Scenarios<br>Parameters: "Input field note", "Bucket Data Approval"</td>
<td></td>
<td>33</td>
<td>runner.approval.HRISNotesRunner@55de24cc</td></tr>
<tr>
<td title='runner.approval.HRISActionRejectRunner.runScenario()'><b>runScenario</b><br>Test class: runner.approval.HRISActionRejectRunner<br>Test method: Runs Cucumber Scenarios<br>Parameters: "Action reject cancel no notes", "Bucket Data Approval"</td>
<td></td>
<td>41</td>
<td>runner.approval.HRISActionRejectRunner@69c81773</td></tr>
<tr>
<td title='runner.dashboard.HRISDashboardMNGRRunner.runScenario()'><b>runScenario</b><br>Test class: runner.dashboard.HRISDashboardMNGRRunner<br>Test method: Runs Cucumber Scenarios<br>Parameters: "Show Home Page", "Dashboard"</td>
<td></td>
<td>13</td>
<td>runner.dashboard.HRISDashboardMNGRRunner@6a8658ff</td></tr>
<tr>
<td title='runner.approval.HRISTableDataCutiRunner.runScenario()'><b>runScenario</b><br>Test class: runner.approval.HRISTableDataCutiRunner<br>Test method: Runs Cucumber Scenarios<br>Parameters: "Count column", "Bucket Data Approval"</td>
<td></td>
<td>33</td>
<td>runner.approval.HRISTableDataCutiRunner@dc7df28</td></tr>
<tr>
<td title='runner.pengajuan.HRISTableResultCutiRunner.runScenario()'><b>runScenario</b><br>Test class: runner.pengajuan.HRISTableResultCutiRunner<br>Test method: Runs Cucumber Scenarios<br>Parameters: "Show total cuti request", "Bucket Data Pengajuan"</td>
<td></td>
<td>9</td>
<td>runner.pengajuan.HRISTableResultCutiRunner@c05fddc</td></tr>
<tr>
<td title='runner.pengajuan.HRISCountTanggalCutiRunner.runScenario()'><b>runScenario</b><br>Test class: runner.pengajuan.HRISCountTanggalCutiRunner<br>Test method: Runs Cucumber Scenarios<br>Parameters: "Cuti type Special and count date "LESS" than max count", "Bucket Data Pengajuan"</td>
<td></td>
<td>16</td>
<td>runner.pengajuan.HRISCountTanggalCutiRunner@50378a4</td></tr>
<tr>
<td title='runner.pengajuan.HRISCountTanggalCutiRunner.runScenario()'><b>runScenario</b><br>Test class: runner.pengajuan.HRISCountTanggalCutiRunner<br>Test method: Runs Cucumber Scenarios<br>Parameters: "Cuti type Special and count date "EQUALS" max count", "Bucket Data Pengajuan"</td>
<td></td>
<td>17</td>
<td>runner.pengajuan.HRISCountTanggalCutiRunner@50378a4</td></tr>
<tr>
<td title='runner.pengajuan.HRISCountTanggalCutiRunner.runScenario()'><b>runScenario</b><br>Test class: runner.pengajuan.HRISCountTanggalCutiRunner<br>Test method: Runs Cucumber Scenarios<br>Parameters: "Cuti type Annual and count date "EQUALS" 12", "Bucket Data Pengajuan"</td>
<td></td>
<td>21</td>
<td>runner.pengajuan.HRISCountTanggalCutiRunner@50378a4</td></tr>
<tr>
<td title='runner.pengajuan.HRISCountTanggalCutiRunner.runScenario()'><b>runScenario</b><br>Test class: runner.pengajuan.HRISCountTanggalCutiRunner<br>Test method: Runs Cucumber Scenarios<br>Parameters: "Cuti type Special and count date "MORE" than max count", "Bucket Data Pengajuan"</td>
<td></td>
<td>12</td>
<td>runner.pengajuan.HRISCountTanggalCutiRunner@50378a4</td></tr>
<tr>
<td title='runner.pengajuan.HRISCountTanggalCutiRunner.runScenario()'><b>runScenario</b><br>Test class: runner.pengajuan.HRISCountTanggalCutiRunner<br>Test method: Runs Cucumber Scenarios<br>Parameters: "Cuti type Special and count date "LESS" than max count", "Bucket Data Pengajuan"</td>
<td></td>
<td>16</td>
<td>runner.pengajuan.HRISCountTanggalCutiRunner@50378a4</td></tr>
<tr>
<td title='runner.pengajuan.HRISDoubleSubmitRunner.runScenario()'><b>runScenario</b><br>Test class: runner.pengajuan.HRISDoubleSubmitRunner<br>Test method: Runs Cucumber Scenarios<br>Parameters: "Cuti type Special approved", "Bucket Data Pengajuan"</td>
<td></td>
<td>53</td>
<td>runner.pengajuan.HRISDoubleSubmitRunner@79207381</td></tr>
<tr>
<td title='runner.pengajuan.HRISTableDataCutiRunner.runScenario()'><b>runScenario</b><br>Test class: runner.pengajuan.HRISTableDataCutiRunner<br>Test method: Runs Cucumber Scenarios<br>Parameters: "Status column returned", "Bucket Data Pengajuan"</td>
<td></td>
<td>50</td>
<td>runner.pengajuan.HRISTableDataCutiRunner@25df00a0</td></tr>
<tr>
<td title='runner.pengajuan.HRISSelectLeaveTypeRunner.runScenario()'><b>runScenario</b><br>Test class: runner.pengajuan.HRISSelectLeaveTypeRunner<br>Test method: Runs Cucumber Scenarios<br>Parameters: "Cuti type Special", "Bucket Data Pengajuan"</td>
<td></td>
<td>21</td>
<td>runner.pengajuan.HRISSelectLeaveTypeRunner@4d15107f</td></tr>
<tr>
<td title='runner.pengajuan.HRISDoubleSubmitRunner.runScenario()'><b>runScenario</b><br>Test class: runner.pengajuan.HRISDoubleSubmitRunner<br>Test method: Runs Cucumber Scenarios<br>Parameters: "Cuti type Annual approved", "Bucket Data Pengajuan"</td>
<td></td>
<td>57</td>
<td>runner.pengajuan.HRISDoubleSubmitRunner@79207381</td></tr>
<tr>
<td title='runner.pengajuan.HRISActionButtonRunner.runScenario()'><b>runScenario</b><br>Test class: runner.pengajuan.HRISActionButtonRunner<br>Test method: Runs Cucumber Scenarios<br>Parameters: "Notes should show as data before", "Bucket Data Pengajuan"</td>
<td></td>
<td>46</td>
<td>runner.pengajuan.HRISActionButtonRunner@491b9b8</td></tr>
<tr>
<td title='runner.approval.HRISSearchAndEntriesRunner.runScenario()'><b>runScenario</b><br>Test class: runner.approval.HRISSearchAndEntriesRunner<br>Test method: Runs Cucumber Scenarios<br>Parameters: "Entries", "Bucket Data Approval"</td>
<td></td>
<td>18</td>
<td>runner.approval.HRISSearchAndEntriesRunner@1c742ed4</td></tr>
<tr>
<td title='runner.pengajuan.HRISCountTanggalCutiRunner.runScenario()'><b>runScenario</b><br>Test class: runner.pengajuan.HRISCountTanggalCutiRunner<br>Test method: Runs Cucumber Scenarios<br>Parameters: "Cuti type Special and count date "MORE" than max count", "Bucket Data Pengajuan"</td>
<td></td>
<td>12</td>
<td>runner.pengajuan.HRISCountTanggalCutiRunner@50378a4</td></tr>
<tr>
<td title='runner.pengajuan.HRISCountTanggalCutiRunner.runScenario()'><b>runScenario</b><br>Test class: runner.pengajuan.HRISCountTanggalCutiRunner<br>Test method: Runs Cucumber Scenarios<br>Parameters: "Cuti type Special and count date "EQUALS" max count", "Bucket Data Pengajuan"</td>
<td></td>
<td>16</td>
<td>runner.pengajuan.HRISCountTanggalCutiRunner@50378a4</td></tr>
<tr>
<td title='runner.pengajuan.HRISTableDataCutiRunner.runScenario()'><b>runScenario</b><br>Test class: runner.pengajuan.HRISTableDataCutiRunner<br>Test method: Runs Cucumber Scenarios<br>Parameters: "Empty table", "Bucket Data Pengajuan"</td>
<td></td>
<td>10</td>
<td>runner.pengajuan.HRISTableDataCutiRunner@25df00a0</td></tr>
<tr>
<td title='runner.pengajuan.HRISSelectLeaveTypeRunner.runScenario()'><b>runScenario</b><br>Test class: runner.pengajuan.HRISSelectLeaveTypeRunner<br>Test method: Runs Cucumber Scenarios<br>Parameters: "Cuti type Annual", "Bucket Data Pengajuan"</td>
<td></td>
<td>21</td>
<td>runner.pengajuan.HRISSelectLeaveTypeRunner@4d15107f</td></tr>
<tr>
<td title='runner.approval.HRISActionApproveRunner.runScenario()'><b>runScenario</b><br>Test class: runner.approval.HRISActionApproveRunner<br>Test method: Runs Cucumber Scenarios<br>Parameters: "Action approve validate no notes", "Bucket Data Approval"</td>
<td></td>
<td>42</td>
<td>runner.approval.HRISActionApproveRunner@4d14b6c2</td></tr>
<tr>
<td title='runner.pengajuan.HRISCountTanggalCutiRunner.runScenario()'><b>runScenario</b><br>Test class: runner.pengajuan.HRISCountTanggalCutiRunner<br>Test method: Runs Cucumber Scenarios<br>Parameters: "Cuti type Annual and count date "MORE" than 12", "Bucket Data Pengajuan"</td>
<td></td>
<td>12</td>
<td>runner.pengajuan.HRISCountTanggalCutiRunner@50378a4</td></tr>
<tr>
<td title='runner.approval.HRISTableDataCutiRunner.runScenario()'><b>runScenario</b><br>Test class: runner.approval.HRISTableDataCutiRunner<br>Test method: Runs Cucumber Scenarios<br>Parameters: "Action returned column", "Bucket Data Approval"</td>
<td></td>
<td>51</td>
<td>runner.approval.HRISTableDataCutiRunner@dc7df28</td></tr>
<tr>
<td title='runner.pengajuan.HRISCountTanggalCutiRunner.runScenario()'><b>runScenario</b><br>Test class: runner.pengajuan.HRISCountTanggalCutiRunner<br>Test method: Runs Cucumber Scenarios<br>Parameters: "Cuti type Special and count date "LESS" than max count", "Bucket Data Pengajuan"</td>
<td></td>
<td>16</td>
<td>runner.pengajuan.HRISCountTanggalCutiRunner@50378a4</td></tr>
<tr>
<td title='runner.pengajuan.HRISCountTanggalCutiRunner.runScenario()'><b>runScenario</b><br>Test class: runner.pengajuan.HRISCountTanggalCutiRunner<br>Test method: Runs Cucumber Scenarios<br>Parameters: "Cuti type Special and count date "MORE" than max count", "Bucket Data Pengajuan"</td>
<td></td>
<td>12</td>
<td>runner.pengajuan.HRISCountTanggalCutiRunner@50378a4</td></tr>
<tr>
<td title='runner.pengajuan.HRISTableResultCutiRunner.runScenario()'><b>runScenario</b><br>Test class: runner.pengajuan.HRISTableResultCutiRunner<br>Test method: Runs Cucumber Scenarios<br>Parameters: "Show total cuti approved", "Bucket Data Pengajuan"</td>
<td></td>
<td>55</td>
<td>runner.pengajuan.HRISTableResultCutiRunner@c05fddc</td></tr>
<tr>
<td title='runner.pengajuan.HRISTableDataCutiRunner.runScenario()'><b>runScenario</b><br>Test class: runner.pengajuan.HRISTableDataCutiRunner<br>Test method: Runs Cucumber Scenarios<br>Parameters: "Action column rejected", "Bucket Data Pengajuan"</td>
<td></td>
<td>37</td>
<td>runner.pengajuan.HRISTableDataCutiRunner@25df00a0</td></tr>
<tr>
<td title='runner.pengajuan.HRISTableResultCutiRunner.runScenario()'><b>runScenario</b><br>Test class: runner.pengajuan.HRISTableResultCutiRunner<br>Test method: Runs Cucumber Scenarios<br>Parameters: "Show total cuti request", "Bucket Data Pengajuan"</td>
<td></td>
<td>21</td>
<td>runner.pengajuan.HRISTableResultCutiRunner@c05fddc</td></tr>
<tr>
<td title='runner.pengajuan.HRISCountTanggalCutiRunner.runScenario()'><b>runScenario</b><br>Test class: runner.pengajuan.HRISCountTanggalCutiRunner<br>Test method: Runs Cucumber Scenarios<br>Parameters: "Cuti type Special and count date "EQUALS" max count", "Bucket Data Pengajuan"</td>
<td></td>
<td>17</td>
<td>runner.pengajuan.HRISCountTanggalCutiRunner@50378a4</td></tr>
<tr>
<td title='runner.approval.HRISNotesRunner.runScenario()'><b>runScenario</b><br>Test class: runner.approval.HRISNotesRunner<br>Test method: Runs Cucumber Scenarios<br>Parameters: "Input field note", "Bucket Data Approval"</td>
<td></td>
<td>31</td>
<td>runner.approval.HRISNotesRunner@55de24cc</td></tr>
<tr>
<td title='runner.pengajuan.HRISActionButtonRunner.runScenario()'><b>runScenario</b><br>Test class: runner.pengajuan.HRISActionButtonRunner<br>Test method: Runs Cucumber Scenarios<br>Parameters: "Button edit show form cuti", "Bucket Data Pengajuan"</td>
<td></td>
<td>48</td>
<td>runner.pengajuan.HRISActionButtonRunner@491b9b8</td></tr>
<tr>
<td title='runner.approval.HRISTableDataCutiRunner.runScenario()'><b>runScenario</b><br>Test class: runner.approval.HRISTableDataCutiRunner<br>Test method: Runs Cucumber Scenarios<br>Parameters: "Action rejected column", "Bucket Data Approval"</td>
<td></td>
<td>33</td>
<td>runner.approval.HRISTableDataCutiRunner@dc7df28</td></tr>
<tr>
<td title='runner.pengajuan.HRISCountTanggalCutiRunner.runScenario()'><b>runScenario</b><br>Test class: runner.pengajuan.HRISCountTanggalCutiRunner<br>Test method: Runs Cucumber Scenarios<br>Parameters: "Cuti type Annual and count date "LESS" than 12", "Bucket Data Pengajuan"</td>
<td></td>
<td>20</td>
<td>runner.pengajuan.HRISCountTanggalCutiRunner@50378a4</td></tr>
<tr>
<td title='runner.pengajuan.HRISTableDataCutiRunner.runScenario()'><b>runScenario</b><br>Test class: runner.pengajuan.HRISTableDataCutiRunner<br>Test method: Runs Cucumber Scenarios<br>Parameters: "Action column approved", "Bucket Data Pengajuan"</td>
<td></td>
<td>44</td>
<td>runner.pengajuan.HRISTableDataCutiRunner@25df00a0</td></tr>
<tr>
<td title='runner.pengajuan.HRISSearchAndEntriesRunner.runScenario()'><b>runScenario</b><br>Test class: runner.pengajuan.HRISSearchAndEntriesRunner<br>Test method: Runs Cucumber Scenarios<br>Parameters: "Entries", "Bucket Data Pengajuan"</td>
<td></td>
<td>14</td>
<td>runner.pengajuan.HRISSearchAndEntriesRunner@60f00693</td></tr>
<tr>
<td title='runner.approval.HRISCloseModalRunner.runScenario()'><b>runScenario</b><br>Test class: runner.approval.HRISCloseModalRunner<br>Test method: Runs Cucumber Scenarios<br>Parameters: "Close modal with leave modal", "Bucket Data Approval"</td>
<td></td>
<td>33</td>
<td>runner.approval.HRISCloseModalRunner@333d4a8c</td></tr>
<tr>
<td title='runner.pengajuan.HRISNotesRunner.runScenario()'><b>runScenario</b><br>Test class: runner.pengajuan.HRISNotesRunner<br>Test method: Runs Cucumber Scenarios<br>Parameters: "Input field note", "Bucket Data Pengajuan"</td>
<td></td>
<td>20</td>
<td>runner.pengajuan.HRISNotesRunner@5884a914</td></tr>
<tr>
<td title='runner.approval.HRISCloseModalRunner.runScenario()'><b>runScenario</b><br>Test class: runner.approval.HRISCloseModalRunner<br>Test method: Runs Cucumber Scenarios<br>Parameters: "Close modal with cross", "Bucket Data Approval"</td>
<td></td>
<td>36</td>
<td>runner.approval.HRISCloseModalRunner@333d4a8c</td></tr>
<tr>
<td title='runner.approval.HRISSearchAndEntriesRunner.runScenario()'><b>runScenario</b><br>Test class: runner.approval.HRISSearchAndEntriesRunner<br>Test method: Runs Cucumber Scenarios<br>Parameters: "Entries", "Bucket Data Approval"</td>
<td></td>
<td>15</td>
<td>runner.approval.HRISSearchAndEntriesRunner@1c742ed4</td></tr>
<tr>
<td title='runner.approval.HRISTableDataCutiRunner.runScenario()'><b>runScenario</b><br>Test class: runner.approval.HRISTableDataCutiRunner<br>Test method: Runs Cucumber Scenarios<br>Parameters: "Leave column (name)", "Bucket Data Approval"</td>
<td></td>
<td>34</td>
<td>runner.approval.HRISTableDataCutiRunner@dc7df28</td></tr>
<tr>
<td title='runner.pengajuan.HRISActionButtonRunner.runScenario()'><b>runScenario</b><br>Test class: runner.pengajuan.HRISActionButtonRunner<br>Test method: Runs Cucumber Scenarios<br>Parameters: "Cancel delete action", "Bucket Data Pengajuan"</td>
<td></td>
<td>22</td>
<td>runner.pengajuan.HRISActionButtonRunner@491b9b8</td></tr>
<tr>
<td title='runner.approval.HRISCloseModalRunner.runScenario()'><b>runScenario</b><br>Test class: runner.approval.HRISCloseModalRunner<br>Test method: Runs Cucumber Scenarios<br>Parameters: "Close modal with close", "Bucket Data Approval"</td>
<td></td>
<td>36</td>
<td>runner.approval.HRISCloseModalRunner@333d4a8c</td></tr>
<tr>
<td title='runner.approval.HRISActionRejectRunner.runScenario()'><b>runScenario</b><br>Test class: runner.approval.HRISActionRejectRunner<br>Test method: Runs Cucumber Scenarios<br>Parameters: "Action reject validate with notes", "Bucket Data Approval"</td>
<td></td>
<td>37</td>
<td>runner.approval.HRISActionRejectRunner@69c81773</td></tr>
<tr>
<td title='runner.approval.HRISActionApproveRunner.runScenario()'><b>runScenario</b><br>Test class: runner.approval.HRISActionApproveRunner<br>Test method: Runs Cucumber Scenarios<br>Parameters: "Action approve validate with notes", "Bucket Data Approval"</td>
<td></td>
<td>42</td>
<td>runner.approval.HRISActionApproveRunner@4d14b6c2</td></tr>
<tr>
<td title='runner.pengajuan.HRISTanggalCutiRunner.runScenario()'><b>runScenario</b><br>Test class: runner.pengajuan.HRISTanggalCutiRunner<br>Test method: Runs Cucumber Scenarios<br>Parameters: "Compare date "To = From"", "Bucket Data Pengajuan"</td>
<td></td>
<td>21</td>
<td>runner.pengajuan.HRISTanggalCutiRunner@7b4c50bc</td></tr>
<tr>
<td title='runner.pengajuan.HRISNotesRunner.runScenario()'><b>runScenario</b><br>Test class: runner.pengajuan.HRISNotesRunner<br>Test method: Runs Cucumber Scenarios<br>Parameters: "Input field note", "Bucket Data Pengajuan"</td>
<td></td>
<td>20</td>
<td>runner.pengajuan.HRISNotesRunner@5884a914</td></tr>
<tr>
<td title='runner.pengajuan.HRISCountTanggalCutiRunner.runScenario()'><b>runScenario</b><br>Test class: runner.pengajuan.HRISCountTanggalCutiRunner<br>Test method: Runs Cucumber Scenarios<br>Parameters: "Cuti type Special and count date "EQUALS" max count", "Bucket Data Pengajuan"</td>
<td></td>
<td>16</td>
<td>runner.pengajuan.HRISCountTanggalCutiRunner@50378a4</td></tr>
<tr>
<td title='runner.pengajuan.HRISActionButtonRunner.runScenario()'><b>runScenario</b><br>Test class: runner.pengajuan.HRISActionButtonRunner<br>Test method: Runs Cucumber Scenarios<br>Parameters: "Select should show Annual", "Bucket Data Pengajuan"</td>
<td></td>
<td>47</td>
<td>runner.pengajuan.HRISActionButtonRunner@491b9b8</td></tr>
<tr>
<td title='runner.pengajuan.HRISTableResultCutiRunner.runScenario()'><b>runScenario</b><br>Test class: runner.pengajuan.HRISTableResultCutiRunner<br>Test method: Runs Cucumber Scenarios<br>Parameters: "Show total cuti", "Bucket Data Pengajuan"</td>
<td></td>
<td>10</td>
<td>runner.pengajuan.HRISTableResultCutiRunner@c05fddc</td></tr>
<tr>
<td title='runner.approval.HRISTableDataCutiRunner.runScenario()'><b>runScenario</b><br>Test class: runner.approval.HRISTableDataCutiRunner<br>Test method: Runs Cucumber Scenarios<br>Parameters: "Action new column", "Bucket Data Approval"</td>
<td></td>
<td>36</td>
<td>runner.approval.HRISTableDataCutiRunner@dc7df28</td></tr>
<tr>
<td title='runner.pengajuan.HRISTableResultCutiRunner.runScenario()'><b>runScenario</b><br>Test class: runner.pengajuan.HRISTableResultCutiRunner<br>Test method: Runs Cucumber Scenarios<br>Parameters: "Show total cuti bersama", "Bucket Data Pengajuan"</td>
<td></td>
<td>9</td>
<td>runner.pengajuan.HRISTableResultCutiRunner@c05fddc</td></tr>
</table><p>
</body>
</html>