<?xml version="1.0" encoding="UTF-8"?>
<!-- Generated by org.testng.reporters.JUnitReportReporter -->
<testsuite hostname="DESKTOP-S76SA9N" failures="2" tests="3" name="runner.HRISDateCompareRunner" time="122.171" errors="0" timestamp="2022-07-06T23:31:40 ICT" skipped="0">
  <testcase classname="runner.HRISDateCompareRunner" name="runScenario" time="47.499">
    <failure message="expected [true] but found [false]" type="java.lang.AssertionError">
      <![CDATA[java.lang.AssertionError: expected [true] but found [false]
at org.testng.Assert.fail(Assert.java:110)
at org.testng.Assert.failNotEquals(Assert.java:1413)
at org.testng.Assert.assertTrue(Assert.java:56)
at org.testng.Assert.assertTrue(Assert.java:66)
at definitions.data.HRISBukcetDataDefine.checkAction(HRISBukcetDataDefine.java:371)
at ✽.Check action(file:///D:/Project/Java/TestNG/HRIS/src/test/resources/features/HRISDateCompare.feature:14)
]]>
    </failure>
  </testcase> <!-- runScenario -->
  <system-out/>
  <testcase classname="runner.HRISDateCompareRunner" name="runScenario" time="44.024">
    <failure message="expected [true] but found [false]" type="java.lang.AssertionError">
      <![CDATA[java.lang.AssertionError: expected [true] but found [false]
at org.testng.Assert.fail(Assert.java:110)
at org.testng.Assert.failNotEquals(Assert.java:1413)
at org.testng.Assert.assertTrue(Assert.java:56)
at org.testng.Assert.assertTrue(Assert.java:66)
at definitions.data.HRISBukcetDataDefine.checkAction(HRISBukcetDataDefine.java:371)
at ✽.Check action(file:///D:/Project/Java/TestNG/HRIS/src/test/resources/features/HRISDateCompare.feature:14)
]]>
    </failure>
  </testcase> <!-- runScenario -->
  <system-out/>
  <testcase classname="runner.HRISDateCompareRunner" name="runScenario" time="30.648"/>
  <system-out/>
</testsuite> <!-- runner.HRISDateCompareRunner -->
