<?xml version="1.0" encoding="UTF-8"?>
<!-- Generated by org.testng.reporters.JUnitReportReporter -->
<testsuite hostname="DESKTOP-S76SA9N" failures="0" tests="9" name="runner.pengajuan.HRISTableResultCutiRunner" time="295.827" errors="1" timestamp="2022-07-13T13:10:37 ICT" skipped="0">
  <testcase classname="runner.pengajuan.HRISTableResultCutiRunner" name="runScenario" time="45.589"/>
  <system-out/>
  <testcase classname="runner.pengajuan.HRISTableResultCutiRunner" name="runScenario" time="19.127"/>
  <system-out/>
  <testcase classname="runner.pengajuan.HRISTableResultCutiRunner" name="runScenario" time="27.028"/>
  <system-out/>
  <testcase classname="runner.pengajuan.HRISTableResultCutiRunner" name="runScenario" time="24.672"/>
  <system-out/>
  <testcase classname="runner.pengajuan.HRISTableResultCutiRunner" name="runScenario" time="25.901"/>
  <system-out/>
  <testcase classname="runner.pengajuan.HRISTableResultCutiRunner" name="runScenario" time="15.799"/>
  <system-out/>
  <testcase classname="runner.pengajuan.HRISTableResultCutiRunner" name="runScenario" time="62.854">
    <error message="element click intercepted: Element &lt;button type=&quot;submit&quot; class=&quot;btn btn-success btn-block btn-lg&quot;&gt;...&lt;/button&gt; is not clickable at point (683, 433). Other element would receive the click: &lt;div id=&quot;page-loader&quot; class=&quot;fade show&quot;&gt;...&lt;/div&gt;
  (Session info: chrome=103.0.5060.114)
Build info: version: &#039;4.0.0&#039;, revision: &#039;3a21814679&#039;
System info: host: &#039;DESKTOP-S76SA9N&#039;, ip: &#039;10.0.0.217&#039;, os.name: &#039;Windows 11&#039;, os.arch: &#039;amd64&#039;, os.version: &#039;10.0&#039;, java.version: &#039;11.0.15&#039;
Driver info: org.openqa.selenium.chrome.ChromeDriver
Command: [ee3fcd5b527b4baa22222df6fe517d73, clickElement {id=cfa00b78-808d-4571-9046-2dfe007d9523}]
Capabilities {acceptInsecureCerts: false, browserName: chrome, browserVersion: 103.0.5060.114, chrome: {chromedriverVersion: 102.0.5005.61 (0e59bcc00cc4..., userDataDir: C:\Users\nexsoft\AppData\Lo...}, goog:chromeOptions: {debuggerAddress: localhost:54675}, javascriptEnabled: true, networkConnectionEnabled: false, pageLoadStrategy: normal, platform: WINDOWS, platformName: WINDOWS, proxy: Proxy(), se:cdp: ws://localhost:54675/devtoo..., se:cdpVersion: 103.0.5060.114, setWindowRect: true, strictFileInteractability: false, timeouts: {implicit: 0, pageLoad: 300000, script: 30000}, unhandledPromptBehavior: dismiss and notify, webauthn:extension:credBlob: true, webauthn:extension:largeBlob: true, webauthn:virtualAuthenticators: true}
Element: [[ChromeDriver: chrome on WINDOWS (ee3fcd5b527b4baa22222df6fe517d73)] -&gt; xpath: //button[@type=&#039;submit&#039;]]
Session ID: ee3fcd5b527b4baa22222df6fe517d73" type="org.openqa.selenium.ElementClickInterceptedException">
      <![CDATA[org.openqa.selenium.ElementClickInterceptedException: element click intercepted: Element <button type="submit" class="btn btn-success btn-block btn-lg">...</button> is not clickable at point (683, 433). Other element would receive the click: <div id="page-loader" class="fade show">...</div>
  (Session info: chrome=103.0.5060.114)
Build info: version: '4.0.0', revision: '3a21814679'
System info: host: 'DESKTOP-S76SA9N', ip: '10.0.0.217', os.name: 'Windows 11', os.arch: 'amd64', os.version: '10.0', java.version: '11.0.15'
Driver info: org.openqa.selenium.chrome.ChromeDriver
Command: [ee3fcd5b527b4baa22222df6fe517d73, clickElement {id=cfa00b78-808d-4571-9046-2dfe007d9523}]
Capabilities {acceptInsecureCerts: false, browserName: chrome, browserVersion: 103.0.5060.114, chrome: {chromedriverVersion: 102.0.5005.61 (0e59bcc00cc4..., userDataDir: C:\Users\nexsoft\AppData\Lo...}, goog:chromeOptions: {debuggerAddress: localhost:54675}, javascriptEnabled: true, networkConnectionEnabled: false, pageLoadStrategy: normal, platform: WINDOWS, platformName: WINDOWS, proxy: Proxy(), se:cdp: ws://localhost:54675/devtoo..., se:cdpVersion: 103.0.5060.114, setWindowRect: true, strictFileInteractability: false, timeouts: {implicit: 0, pageLoad: 300000, script: 30000}, unhandledPromptBehavior: dismiss and notify, webauthn:extension:credBlob: true, webauthn:extension:largeBlob: true, webauthn:virtualAuthenticators: true}
Element: [[ChromeDriver: chrome on WINDOWS (ee3fcd5b527b4baa22222df6fe517d73)] -> xpath: //button[@type='submit']]
Session ID: ee3fcd5b527b4baa22222df6fe517d73
at java.base/jdk.internal.reflect.NativeConstructorAccessorImpl.newInstance0(Native Method)
at java.base/jdk.internal.reflect.NativeConstructorAccessorImpl.newInstance(NativeConstructorAccessorImpl.java:62)
at java.base/jdk.internal.reflect.DelegatingConstructorAccessorImpl.newInstance(DelegatingConstructorAccessorImpl.java:45)
at java.base/java.lang.reflect.Constructor.newInstance(Constructor.java:490)
at org.openqa.selenium.remote.codec.w3c.W3CHttpResponseCodec.createException(W3CHttpResponseCodec.java:200)
at org.openqa.selenium.remote.codec.w3c.W3CHttpResponseCodec.decode(W3CHttpResponseCodec.java:133)
at org.openqa.selenium.remote.codec.w3c.W3CHttpResponseCodec.decode(W3CHttpResponseCodec.java:53)
at org.openqa.selenium.remote.HttpCommandExecutor.execute(HttpCommandExecutor.java:184)
at org.openqa.selenium.remote.service.DriverCommandExecutor.invokeExecute(DriverCommandExecutor.java:164)
at org.openqa.selenium.remote.service.DriverCommandExecutor.execute(DriverCommandExecutor.java:139)
at org.openqa.selenium.remote.RemoteWebDriver.execute(RemoteWebDriver.java:559)
at org.openqa.selenium.remote.RemoteWebElement.execute(RemoteWebElement.java:251)
at org.openqa.selenium.remote.RemoteWebElement.click(RemoteWebElement.java:77)
at jdk.internal.reflect.GeneratedMethodAccessor5.invoke(Unknown Source)
at java.base/jdk.internal.reflect.DelegatingMethodAccessorImpl.invoke(DelegatingMethodAccessorImpl.java:43)
at java.base/java.lang.reflect.Method.invoke(Method.java:566)
at org.openqa.selenium.support.pagefactory.internal.LocatingElementHandler.invoke(LocatingElementHandler.java:52)
at com.sun.proxy.$Proxy28.click(Unknown Source)
at pom.LoginPage.clickLogin(LoginPage.java:43)
at definitions.data.HRISBukcetDataDefine.hasLoggedInAsSPV(HRISBukcetDataDefine.java:66)
at âœ½.User has logged in as SPV(file:///D:/Project/Java/TestNG/HRIS/src/test/resources/features/003-MODUL%20PENGAJUAN%20CUTI/HRISTableResultCuti.feature:63)
]]>
    </error>
  </testcase> <!-- runScenario -->
  <system-out>
    <![CDATA[<img src='file://D:\Project\Java\TestNG\HRIS\src\test\resources\SS\20220713_131009Show total cuti request.PNG'height="350" width="792"/>]]>
  </system-out>
  <testcase classname="runner.pengajuan.HRISTableResultCutiRunner" name="runScenario" time="24.433"/>
  <system-out/>
  <testcase classname="runner.pengajuan.HRISTableResultCutiRunner" name="runScenario" time="50.424"/>
  <system-out/>
</testsuite> <!-- runner.pengajuan.HRISTableResultCutiRunner -->
