<?xml version="1.0" encoding="UTF-8"?>
<!-- Generated by org.testng.reporters.JUnitReportReporter -->
<testsuite hostname="DESKTOP-S76SA9N" failures="2" tests="4" name="runner.approval.HRISActionRejectRunner" time="128.186" errors="0" timestamp="2022-07-12T09:39:24 ICT" skipped="0">
  <testcase classname="runner.approval.HRISActionRejectRunner" name="runScenario" time="31.238"/>
  <system-out/>
  <testcase classname="runner.approval.HRISActionRejectRunner" name="runScenario" time="27.603">
    <failure message="expected [false] but found [true]" type="java.lang.AssertionError">
      <![CDATA[java.lang.AssertionError: expected [false] but found [true]
at org.testng.Assert.fail(Assert.java:110)
at org.testng.Assert.failNotEquals(Assert.java:1413)
at org.testng.Assert.assertFalse(Assert.java:78)
at org.testng.Assert.assertFalse(Assert.java:88)
at definitions.data.HRISBukcetDataDefine.validateModalAction(HRISBukcetDataDefine.java:901)
at ✽.User validate modal action "reject"(file:///D:/Project/Java/TestNG/HRIS/src/test/resources/features/003-MODUL%20APPROVAL/HRISActionReject.feature:65)
]]>
    </failure>
  </testcase> <!-- runScenario -->
  <system-out/>
  <testcase classname="runner.approval.HRISActionRejectRunner" name="runScenario" time="39.393"/>
  <system-out/>
  <testcase classname="runner.approval.HRISActionRejectRunner" name="runScenario" time="29.952">
    <failure message="expected [true] but found [false]" type="java.lang.AssertionError">
      <![CDATA[java.lang.AssertionError: expected [true] but found [false]
at org.testng.Assert.fail(Assert.java:110)
at org.testng.Assert.failNotEquals(Assert.java:1413)
at org.testng.Assert.assertTrue(Assert.java:56)
at org.testng.Assert.assertTrue(Assert.java:66)
at definitions.data.HRISBukcetDataDefine.validateApprovalNotes(HRISBukcetDataDefine.java:736)
at ✽.User validate approval notes "reject" button(file:///D:/Project/Java/TestNG/HRIS/src/test/resources/features/003-MODUL%20APPROVAL/HRISActionReject.feature:42)
]]>
    </failure>
  </testcase> <!-- runScenario -->
  <system-out/>
</testsuite> <!-- runner.approval.HRISActionRejectRunner -->
