<?xml version="1.0" encoding="UTF-8"?>
<!-- Generated by org.testng.reporters.JUnitReportReporter -->
<testsuite hostname="DESKTOP-S76SA9N" failures="5" tests="19" name="runner.pengajuan.HRISSearchAndEntriesRunner" time="291.664" errors="0" timestamp="2022-07-13T01:46:46 ICT" skipped="0">
  <testcase classname="runner.pengajuan.HRISSearchAndEntriesRunner" name="runScenario" time="18.209"/>
  <system-out/>
  <testcase classname="runner.pengajuan.HRISSearchAndEntriesRunner" name="runScenario" time="17.355"/>
  <system-out/>
  <testcase classname="runner.pengajuan.HRISSearchAndEntriesRunner" name="runScenario" time="16.871"/>
  <system-out/>
  <testcase classname="runner.pengajuan.HRISSearchAndEntriesRunner" name="runScenario" time="13.308"/>
  <system-out/>
  <testcase classname="runner.pengajuan.HRISSearchAndEntriesRunner" name="runScenario" time="17.640"/>
  <system-out/>
  <testcase classname="runner.pengajuan.HRISSearchAndEntriesRunner" name="runScenario" time="13.474">
    <failure message="expected [true] but found [false]" type="java.lang.AssertionError">
      <![CDATA[java.lang.AssertionError: expected [true] but found [false]
at org.testng.Assert.fail(Assert.java:110)
at org.testng.Assert.failNotEquals(Assert.java:1413)
at org.testng.Assert.assertTrue(Assert.java:56)
at org.testng.Assert.assertTrue(Assert.java:66)
at definitions.data.HRISBukcetDataDefine.validateSearch(HRISBukcetDataDefine.java:524)
at ✽.User validate search 90(file:///D:/Project/Java/TestNG/HRIS/src/test/resources/features/003-MODUL%20PENGAJUAN%20CUTI/HRISSearchAndEntries.feature:43)
]]>
    </failure>
  </testcase> <!-- runScenario -->
  <system-out>
    <![CDATA[<img src='file://D:\Project\Java\TestNG\HRIS\src\test\resources\SS\20220713_014231Search by value.PNG'height="350" width="792"/>]]>
  </system-out>
  <testcase classname="runner.pengajuan.HRISSearchAndEntriesRunner" name="runScenario" time="18.183"/>
  <system-out/>
  <testcase classname="runner.pengajuan.HRISSearchAndEntriesRunner" name="runScenario" time="13.099">
    <failure message="expected [true] but found [false]" type="java.lang.AssertionError">
      <![CDATA[java.lang.AssertionError: expected [true] but found [false]
at org.testng.Assert.fail(Assert.java:110)
at org.testng.Assert.failNotEquals(Assert.java:1413)
at org.testng.Assert.assertTrue(Assert.java:56)
at org.testng.Assert.assertTrue(Assert.java:66)
at definitions.data.HRISBukcetDataDefine.validateSearch(HRISBukcetDataDefine.java:533)
at ✽.User validate search Incomplete(file:///D:/Project/Java/TestNG/HRIS/src/test/resources/features/003-MODUL%20PENGAJUAN%20CUTI/HRISSearchAndEntries.feature:43)
]]>
    </failure>
  </testcase> <!-- runScenario -->
  <system-out>
    <![CDATA[<img src='file://D:\Project\Java\TestNG\HRIS\src\test\resources\SS\20220713_014310Search by value.PNG'height="350" width="792"/>]]>
  </system-out>
  <testcase classname="runner.pengajuan.HRISSearchAndEntriesRunner" name="runScenario" time="18.113"/>
  <system-out/>
  <testcase classname="runner.pengajuan.HRISSearchAndEntriesRunner" name="runScenario" time="9.907"/>
  <system-out/>
  <testcase classname="runner.pengajuan.HRISSearchAndEntriesRunner" name="runScenario" time="16.925"/>
  <system-out/>
  <testcase classname="runner.pengajuan.HRISSearchAndEntriesRunner" name="runScenario" time="12.265">
    <failure message="expected [true] but found [false]" type="java.lang.AssertionError">
      <![CDATA[java.lang.AssertionError: expected [true] but found [false]
at org.testng.Assert.fail(Assert.java:110)
at org.testng.Assert.failNotEquals(Assert.java:1413)
at org.testng.Assert.assertTrue(Assert.java:56)
at org.testng.Assert.assertTrue(Assert.java:66)
at definitions.data.HRISBukcetDataDefine.validateSearch(HRISBukcetDataDefine.java:521)
at ✽.User validate search November(file:///D:/Project/Java/TestNG/HRIS/src/test/resources/features/003-MODUL%20PENGAJUAN%20CUTI/HRISSearchAndEntries.feature:43)
]]>
    </failure>
  </testcase> <!-- runScenario -->
  <system-out>
    <![CDATA[<img src='file://D:\Project\Java\TestNG\HRIS\src\test\resources\SS\20220713_014218Search by value.PNG'height="350" width="792"/>]]>
  </system-out>
  <testcase classname="runner.pengajuan.HRISSearchAndEntriesRunner" name="runScenario" time="13.130">
    <failure message="expected [true] but found [false]" type="java.lang.AssertionError">
      <![CDATA[java.lang.AssertionError: expected [true] but found [false]
at org.testng.Assert.fail(Assert.java:110)
at org.testng.Assert.failNotEquals(Assert.java:1413)
at org.testng.Assert.assertTrue(Assert.java:56)
at org.testng.Assert.assertTrue(Assert.java:66)
at definitions.data.HRISBukcetDataDefine.validateSearch(HRISBukcetDataDefine.java:530)
at ✽.User validate search persalinan(file:///D:/Project/Java/TestNG/HRIS/src/test/resources/features/003-MODUL%20PENGAJUAN%20CUTI/HRISSearchAndEntries.feature:43)
]]>
    </failure>
  </testcase> <!-- runScenario -->
  <system-out>
    <![CDATA[<img src='file://D:\Project\Java\TestNG\HRIS\src\test\resources\SS\20220713_014257Search by value.PNG'height="350" width="792"/>]]>
  </system-out>
  <testcase classname="runner.pengajuan.HRISSearchAndEntriesRunner" name="runScenario" time="16.923"/>
  <system-out/>
  <testcase classname="runner.pengajuan.HRISSearchAndEntriesRunner" name="runScenario" time="12.559">
    <failure message="expected [true] but found [false]" type="java.lang.AssertionError">
      <![CDATA[java.lang.AssertionError: expected [true] but found [false]
at org.testng.Assert.fail(Assert.java:110)
at org.testng.Assert.failNotEquals(Assert.java:1413)
at org.testng.Assert.assertTrue(Assert.java:56)
at org.testng.Assert.assertTrue(Assert.java:66)
at definitions.data.HRISBukcetDataDefine.validateSearch(HRISBukcetDataDefine.java:527)
at ✽.User validate search Annual(file:///D:/Project/Java/TestNG/HRIS/src/test/resources/features/003-MODUL%20PENGAJUAN%20CUTI/HRISSearchAndEntries.feature:43)
]]>
    </failure>
  </testcase> <!-- runScenario -->
  <system-out>
    <![CDATA[<img src='file://D:\Project\Java\TestNG\HRIS\src\test\resources\SS\20220713_014244Search by value.PNG'height="350" width="792"/>]]>
  </system-out>
  <testcase classname="runner.pengajuan.HRISSearchAndEntriesRunner" name="runScenario" time="17.536"/>
  <system-out/>
  <testcase classname="runner.pengajuan.HRISSearchAndEntriesRunner" name="runScenario" time="17.337"/>
  <system-out/>
  <testcase classname="runner.pengajuan.HRISSearchAndEntriesRunner" name="runScenario" time="17.764"/>
  <system-out/>
  <testcase classname="runner.pengajuan.HRISSearchAndEntriesRunner" name="runScenario" time="11.066"/>
  <system-out/>
</testsuite> <!-- runner.pengajuan.HRISSearchAndEntriesRunner -->
