<?xml version="1.0" encoding="UTF-8"?>
<!-- Generated by org.testng.reporters.JUnitReportReporter -->
<testsuite hostname="DESKTOP-S76SA9N" failures="1" tests="2" name="runner.login.HRISPageSignInSPVRunner" time="12.591" errors="0" timestamp="2022-07-09T02:32:38 ICT" skipped="0">
  <testcase classname="runner.login.HRISPageSignInSPVRunner" name="runScenario" time="5.331"/>
  <system-out/>
  <testcase classname="runner.login.HRISPageSignInSPVRunner" name="runScenario" time="7.260">
    <failure message="expected [DIKA | EMPLOYEE] but found []" type="java.lang.AssertionError">
      <![CDATA[java.lang.AssertionError: expected [DIKA | EMPLOYEE] but found []
at org.testng.Assert.fail(Assert.java:110)
at org.testng.Assert.failNotEquals(Assert.java:1413)
at org.testng.Assert.assertEqualsImpl(Assert.java:149)
at org.testng.Assert.assertEquals(Assert.java:131)
at org.testng.Assert.assertEquals(Assert.java:655)
at org.testng.Assert.assertEquals(Assert.java:665)
at definitions.login.HRISLoginDefine.validatePage(HRISLoginDefine.java:55)
at âœ½.User validate page "https://dev.ptdika.com/employee/panel/login/"(file:///D:/Project/Java/TestNG/HRIS/src/test/resources/features/001-MODUL%20LOGIN/HRISPageSignIn.feature:7)
]]>
    </failure>
  </testcase> <!-- runScenario -->
  <system-out/>
</testsuite> <!-- runner.login.HRISPageSignInSPVRunner -->
