<html>
<head>
<title>TestNG:  HRIS Employee</title>
<link href="../testng.css" rel="stylesheet" type="text/css" />
<link href="../my-testng.css" rel="stylesheet" type="text/css" />

<style type="text/css">
.log { display: none;} 
.stack-trace { display: none;} 
</style>
<script type="text/javascript">
<!--
function flip(e) {
  current = e.style.display;
  if (current == 'block') {
    e.style.display = 'none';
    return 0;
  }
  else {
    e.style.display = 'block';
    return 1;
  }
}

function toggleBox(szDivId, elem, msg1, msg2)
{
  var res = -1;  if (document.getElementById) {
    res = flip(document.getElementById(szDivId));
  }
  else if (document.all) {
    // this is the way old msie versions work
    res = flip(document.all[szDivId]);
  }
  if(elem) {
    if(res == 0) elem.innerHTML = msg1; else elem.innerHTML = msg2;
  }

}

function toggleAllBoxes() {
  if (document.getElementsByTagName) {
    d = document.getElementsByTagName('div');
    for (i = 0; i < d.length; i++) {
      if (d[i].className == 'log') {
        flip(d[i]);
      }
    }
  }
}

// -->
</script>

</head>
<body>
<h2 align='center'>HRIS Employee</h2><table border='1' align="center">
<tr>
<td>Tests passed/Failed/Skipped:</td><td>47/13/0</td>
</tr><tr>
<td>Started on:</td><td>Wed Jul 13 23:26:56 ICT 2022</td>
</tr>
<tr><td>Total time:</td><td>2116 seconds (2116362 ms)</td>
</tr><tr>
<td>Included groups:</td><td></td>
</tr><tr>
<td>Excluded groups:</td><td></td>
</tr>
</table><p/>
<small><i>(Hover the method name to see the test class name)</i></small><p/>
<table width='100%' border='1' class='invocation-failed'>
<tr><td colspan='4' align='center'><b>FAILED TESTS</b></td></tr>
<tr><td><b>Test method</b></td>
<td><b>Attribute(s)</b></td>
<td width="30%"><b>Exception</b></td>
<td width="10%"><b>Time (seconds)</b></td>
<td><b>Instance</b></td>
</tr>
<tr>
<td title='runner.approval.HRISSearchAndEntriesRunner.runScenario()'><b>runScenario</b><br>Test class: runner.approval.HRISSearchAndEntriesRunner<br>Test method: Runs Cucumber Scenarios<br>Parameters: "Search by value", "Bucket Data Pengajuan"<br/>
<a href="#Output-1017980078" onClick='toggleBox("Output-1017980078", this, "Show output", "Hide output");'>Show output</a>

<a href="#Output-1017980078" onClick="toggleAllBoxes();">Show all outputs</a>
<div class='log' id="Output-1017980078">
<img src='file://D:\Project\Java\TestNG\HRIS\src\test\resources\SS\20220713_233140.PNG'height="350" width="792"/><br/>
</div>
</td>
<td><div><pre>java.lang.AssertionError: expected [true] but found [false]
	at definitions.data.HRISBukcetDataDefine.validateSearch(HRISBukcetDataDefine.java:528)
	at ?.User validate search persalinan(file:///D:/Project/Java/TestNG/HRIS/src/test/resources/features/003-MODUL%20APPROVAL/HRISSearchAndEntries.feature:10)
... Removed 4 stack frames</pre></div><a href='#' onClick='toggleBox("stack-trace1017980078", this, "Click to show all stack frames", "Click to hide stack frames")'>Click to show all stack frames</a>
<div class='stack-trace' id='stack-trace1017980078'><pre>java.lang.AssertionError: expected [true] but found [false]
	at org.testng.Assert.fail(Assert.java:110)
	at org.testng.Assert.failNotEquals(Assert.java:1413)
	at org.testng.Assert.assertTrue(Assert.java:56)
	at org.testng.Assert.assertTrue(Assert.java:66)
	at definitions.data.HRISBukcetDataDefine.validateSearch(HRISBukcetDataDefine.java:528)
	at ?.User validate search persalinan(file:///D:/Project/Java/TestNG/HRIS/src/test/resources/features/003-MODUL%20APPROVAL/HRISSearchAndEntries.feature:10)
</pre></div></td>
<td>17</td>
<td>runner.approval.HRISSearchAndEntriesRunner@8462f31</td></tr>
<tr>
<td title='runner.approval.HRISActionReturnRunner.runScenario()'><b>runScenario</b><br>Test class: runner.approval.HRISActionReturnRunner<br>Test method: Runs Cucumber Scenarios<br>Parameters: "Action return validate no notes", "Bucket Data Pengajuan"<br/>
<a href="#Output-920334072" onClick='toggleBox("Output-920334072", this, "Show output", "Hide output");'>Show output</a>

<a href="#Output-920334072" onClick="toggleAllBoxes();">Show all outputs</a>
<div class='log' id="Output-920334072">
<img src='file://D:\Project\Java\TestNG\HRIS\src\test\resources\SS\20220713_235023.PNG'height="350" width="792"/><br/>
</div>
</td>
<td><div><pre>java.lang.AssertionError: expected [true] but found [false]
	at definitions.data.HRISBukcetDataDefine.validateApprovalNotes(HRISBukcetDataDefine.java:750)
	at ?.User validate approval notes &quot;return&quot; button(file:///D:/Project/Java/TestNG/HRIS/src/test/resources/features/003-MODUL%20APPROVAL/HRISActionReturn.feature:51)
... Removed 4 stack frames</pre></div><a href='#' onClick='toggleBox("stack-trace920334072", this, "Click to show all stack frames", "Click to hide stack frames")'>Click to show all stack frames</a>
<div class='stack-trace' id='stack-trace920334072'><pre>java.lang.AssertionError: expected [true] but found [false]
	at org.testng.Assert.fail(Assert.java:110)
	at org.testng.Assert.failNotEquals(Assert.java:1413)
	at org.testng.Assert.assertTrue(Assert.java:56)
	at org.testng.Assert.assertTrue(Assert.java:66)
	at definitions.data.HRISBukcetDataDefine.validateApprovalNotes(HRISBukcetDataDefine.java:750)
	at ?.User validate approval notes &quot;return&quot; button(file:///D:/Project/Java/TestNG/HRIS/src/test/resources/features/003-MODUL%20APPROVAL/HRISActionReturn.feature:51)
</pre></div></td>
<td>33</td>
<td>runner.approval.HRISActionReturnRunner@496bc455</td></tr>
<tr>
<td title='runner.approval.HRISActionReturnRunner.runScenario()'><b>runScenario</b><br>Test class: runner.approval.HRISActionReturnRunner<br>Test method: Runs Cucumber Scenarios<br>Parameters: "Action return cancel with notes", "Bucket Data Pengajuan"<br/>
<a href="#Output-626315799" onClick='toggleBox("Output-626315799", this, "Show output", "Hide output");'>Show output</a>

<a href="#Output-626315799" onClick="toggleAllBoxes();">Show all outputs</a>
<div class='log' id="Output-626315799">
<img src='file://D:\Project\Java\TestNG\HRIS\src\test\resources\SS\20220713_235053.PNG'height="350" width="792"/><br/>
</div>
</td>
<td><div><pre>java.lang.AssertionError: expected [false] but found [true]
	at definitions.data.HRISBukcetDataDefine.validateModalAction(HRISBukcetDataDefine.java:912)
	at ?.User validate modal action &quot;return&quot;(file:///D:/Project/Java/TestNG/HRIS/src/test/resources/features/003-MODUL%20APPROVAL/HRISActionReturn.feature:83)
... Removed 4 stack frames</pre></div><a href='#' onClick='toggleBox("stack-trace626315799", this, "Click to show all stack frames", "Click to hide stack frames")'>Click to show all stack frames</a>
<div class='stack-trace' id='stack-trace626315799'><pre>java.lang.AssertionError: expected [false] but found [true]
	at org.testng.Assert.fail(Assert.java:110)
	at org.testng.Assert.failNotEquals(Assert.java:1413)
	at org.testng.Assert.assertFalse(Assert.java:78)
	at org.testng.Assert.assertFalse(Assert.java:88)
	at definitions.data.HRISBukcetDataDefine.validateModalAction(HRISBukcetDataDefine.java:912)
	at ?.User validate modal action &quot;return&quot;(file:///D:/Project/Java/TestNG/HRIS/src/test/resources/features/003-MODUL%20APPROVAL/HRISActionReturn.feature:83)
</pre></div></td>
<td>29</td>
<td>runner.approval.HRISActionReturnRunner@496bc455</td></tr>
<tr>
<td title='runner.approval.HRISSearchAndEntriesRunner.runScenario()'><b>runScenario</b><br>Test class: runner.approval.HRISSearchAndEntriesRunner<br>Test method: Runs Cucumber Scenarios<br>Parameters: "Search by value", "Bucket Data Pengajuan"<br/>
<a href="#Output-733012599" onClick='toggleBox("Output-733012599", this, "Show output", "Hide output");'>Show output</a>

<a href="#Output-733012599" onClick="toggleAllBoxes();">Show all outputs</a>
<div class='log' id="Output-733012599">
<img src='file://D:\Project\Java\TestNG\HRIS\src\test\resources\SS\20220713_233046.PNG'height="350" width="792"/><br/>
</div>
</td>
<td><div><pre>java.lang.AssertionError: expected [true] but found [false]
	at definitions.data.HRISBukcetDataDefine.validateSearch(HRISBukcetDataDefine.java:519)
	at ?.User validate search November(file:///D:/Project/Java/TestNG/HRIS/src/test/resources/features/003-MODUL%20APPROVAL/HRISSearchAndEntries.feature:10)
... Removed 4 stack frames</pre></div><a href='#' onClick='toggleBox("stack-trace733012599", this, "Click to show all stack frames", "Click to hide stack frames")'>Click to show all stack frames</a>
<div class='stack-trace' id='stack-trace733012599'><pre>java.lang.AssertionError: expected [true] but found [false]
	at org.testng.Assert.fail(Assert.java:110)
	at org.testng.Assert.failNotEquals(Assert.java:1413)
	at org.testng.Assert.assertTrue(Assert.java:56)
	at org.testng.Assert.assertTrue(Assert.java:66)
	at definitions.data.HRISBukcetDataDefine.validateSearch(HRISBukcetDataDefine.java:519)
	at ?.User validate search November(file:///D:/Project/Java/TestNG/HRIS/src/test/resources/features/003-MODUL%20APPROVAL/HRISSearchAndEntries.feature:10)
</pre></div></td>
<td>18</td>
<td>runner.approval.HRISSearchAndEntriesRunner@8462f31</td></tr>
<tr>
<td title='runner.approval.HRISNotesRunner.runScenario()'><b>runScenario</b><br>Test class: runner.approval.HRISNotesRunner<br>Test method: Runs Cucumber Scenarios<br>Parameters: "Empty field note", "Bucket Data Pengajuan"<br/>
<a href="#Output-1585558534" onClick='toggleBox("Output-1585558534", this, "Show output", "Hide output");'>Show output</a>

<a href="#Output-1585558534" onClick="toggleAllBoxes();">Show all outputs</a>
<div class='log' id="Output-1585558534">
<img src='file://D:\Project\Java\TestNG\HRIS\src\test\resources\SS\20220713_233814.PNG'height="350" width="792"/><br/>
</div>
</td>
<td><div><pre>java.lang.AssertionError: expected [true] but found [false]
	at definitions.data.HRISBukcetDataDefine.validateApprovalNotes(HRISBukcetDataDefine.java:750)
	at ?.User validate approval notes &quot;reject&quot; button(file:///D:/Project/Java/TestNG/HRIS/src/test/resources/features/003-MODUL%20APPROVAL/HRISNotes.feature:45)
... Removed 4 stack frames</pre></div><a href='#' onClick='toggleBox("stack-trace1585558534", this, "Click to show all stack frames", "Click to hide stack frames")'>Click to show all stack frames</a>
<div class='stack-trace' id='stack-trace1585558534'><pre>java.lang.AssertionError: expected [true] but found [false]
	at org.testng.Assert.fail(Assert.java:110)
	at org.testng.Assert.failNotEquals(Assert.java:1413)
	at org.testng.Assert.assertTrue(Assert.java:56)
	at org.testng.Assert.assertTrue(Assert.java:66)
	at definitions.data.HRISBukcetDataDefine.validateApprovalNotes(HRISBukcetDataDefine.java:750)
	at ?.User validate approval notes &quot;reject&quot; button(file:///D:/Project/Java/TestNG/HRIS/src/test/resources/features/003-MODUL%20APPROVAL/HRISNotes.feature:45)
</pre></div></td>
<td>37</td>
<td>runner.approval.HRISNotesRunner@5ddeb7cb</td></tr>
<tr>
<td title='runner.approval.HRISActionRejectRunner.runScenario()'><b>runScenario</b><br>Test class: runner.approval.HRISActionRejectRunner<br>Test method: Runs Cucumber Scenarios<br>Parameters: "Action reject validate with notes", "Bucket Data Pengajuan"<br/>
<a href="#Output-1831337484" onClick='toggleBox("Output-1831337484", this, "Show output", "Hide output");'>Show output</a>

<a href="#Output-1831337484" onClick="toggleAllBoxes();">Show all outputs</a>
<div class='log' id="Output-1831337484">
<img src='file://D:\Project\Java\TestNG\HRIS\src\test\resources\SS\20220713_235636.PNG'height="350" width="792"/><br/>
</div>
</td>
<td><div><pre>org.openqa.selenium.TimeoutException: java.util.concurrent.TimeoutException
Build info: version: &apos;4.0.0&apos;, revision: &apos;3a21814679&apos;
System info: host: &apos;DESKTOP-S76SA9N&apos;, ip: &apos;192.168.1.164&apos;, os.name: &apos;Windows 11&apos;, os.arch: &apos;amd64&apos;, os.version: &apos;10.0&apos;, java.version: &apos;11.0.15&apos;
Driver info: org.openqa.selenium.chrome.ChromeDriver
Command: [5e8343a9009be61c7364c0ec024e3b8f, clickElement {id=027eaba5-98ae-4bcb-bd5e-029c045265f6}]
Capabilities {acceptInsecureCerts: false, browserName: chrome, browserVersion: 103.0.5060.114, chrome: {chromedriverVersion: 102.0.5005.61 (0e59bcc00cc4..., userDataDir: C:\Users\nexsoft\AppData\Lo...}, goog:chromeOptions: {debuggerAddress: localhost:60173}, javascriptEnabled: true, networkConnectionEnabled: false, pageLoadStrategy: normal, platform: WINDOWS, platformName: WINDOWS, proxy: Proxy(), se:cdp: ws://localhost:60173/devtoo..., se:cdpVersion: 103.0.5060.114, setWindowRect: true, strictFileInteractability: false, timeouts: {implicit: 0, pageLoad: 300000, script: 30000}, unhandledPromptBehavior: dismiss and notify, webauthn:extension:credBlob: true, webauthn:extension:largeBlob: true, webauthn:virtualAuthenticators: true}
Element: [[ChromeDriver: chrome on WINDOWS (5e8343a9009be61c7364c0ec024e3b8f)] -&gt; xpath: //button[@type=&apos;submit&apos;]]
Session ID: 5e8343a9009be61c7364c0ec024e3b8f
	at org.openqa.selenium.remote.http.netty.NettyHttpHandler.makeCall(NettyHttpHandler.java:72)
	at org.openqa.selenium.remote.http.AddSeleniumUserAgent.lambda$apply$0(AddSeleniumUserAgent.java:42)
	at org.openqa.selenium.remote.http.Filter.lambda$andFinally$1(Filter.java:56)
	at org.openqa.selenium.remote.http.netty.NettyHttpHandler.execute(NettyHttpHandler.java:51)
	at org.openqa.selenium.remote.http.AddSeleniumUserAgent.lambda$apply$0(AddSeleniumUserAgent.java:42)
	at org.openqa.selenium.remote.http.Filter.lambda$andFinally$1(Filter.java:56)
	at org.openqa.selenium.remote.http.netty.NettyClient.execute(NettyClient.java:119)
	at org.openqa.selenium.remote.HttpCommandExecutor.execute(HttpCommandExecutor.java:181)
	at org.openqa.selenium.remote.service.DriverCommandExecutor.invokeExecute(DriverCommandExecutor.java:164)
	at org.openqa.selenium.remote.service.DriverCommandExecutor.execute(DriverCommandExecutor.java:139)
	at org.openqa.selenium.remote.RemoteWebDriver.execute(RemoteWebDriver.java:559)
	at org.openqa.selenium.remote.RemoteWebElement.execute(RemoteWebElement.java:251)
	at org.openqa.selenium.remote.RemoteWebElement.click(RemoteWebElement.java:77)
	at org.openqa.selenium.support.pagefactory.internal.LocatingElementHandler.invoke(LocatingElementHandler.java:52)
	at com.sun.proxy.$Proxy28.click(Unknown Source)
	at pom.LoginPage.clickLogin(LoginPage.java:43)
	at definitions.data.HRISBukcetDataDefine.hasLoggedInAsSPV(HRISBukcetDataDefine.java:64)
	at ?.User has logged in as SPV(file:///D:/Project/Java/TestNG/HRIS/src/test/resources/features/003-MODUL%20APPROVAL/HRISActionReject.feature:5)
Caused by: java.util.concurrent.TimeoutException
	at java.base/java.util.concurrent.CompletableFuture.timedGet(CompletableFuture.java:1886)
	at java.base/java.util.concurrent.CompletableFuture.get(CompletableFuture.java:2021)
	at org.asynchttpclient.netty.NettyResponseFuture.get(NettyResponseFuture.java:206)
	at org.openqa.selenium.remote.http.netty.NettyHttpHandler.makeCall(NettyHttpHandler.java:66)
	at org.openqa.selenium.remote.http.AddSeleniumUserAgent.lambda$apply$0(AddSeleniumUserAgent.java:42)
	at org.openqa.selenium.remote.http.Filter.lambda$andFinally$1(Filter.java:56)
	at org.openqa.selenium.remote.http.netty.NettyHttpHandler.execute(NettyHttpHandler.java:51)
	at org.openqa.selenium.remote.http.AddSeleniumUserAgent.lambda$apply$0(AddSeleniumUserAgent.java:42)
	at org.openqa.selenium.remote.http.Filter.lambda$andFinally$1(Filter.java:56)
	at org.openqa.selenium.remote.http.netty.NettyClient.execute(NettyClient.java:119)
	at org.openqa.selenium.remote.HttpCommandExecutor.execute(HttpCommandExecutor.java:181)
	at org.openqa.selenium.remote.service.DriverCommandExecutor.invokeExecute(DriverCommandExecutor.java:164)
	at org.openqa.selenium.remote.service.DriverCommandExecutor.execute(DriverCommandExecutor.java:139)
	at org.openqa.selenium.remote.RemoteWebDriver.execute(RemoteWebDriver.java:559)
	at org.openqa.selenium.remote.RemoteWebElement.execute(RemoteWebElement.java:251)
	at org.openqa.selenium.remote.RemoteWebElement.click(RemoteWebElement.java:77)
	at org.openqa.selenium.support.pagefactory.internal.LocatingElementHandler.invoke(LocatingElementHandler.java:52)
	at com.sun.proxy.$Proxy28.click(Unknown Source)
	at pom.LoginPage.clickLogin(LoginPage.java:43)
	at definitions.data.HRISBukcetDataDefine.hasLoggedInAsSPV(HRISBukcetDataDefine.java:64)
	at io.cucumber.java.Invoker.doInvoke(Invoker.java:66)
	at io.cucumber.java.Invoker.invoke(Invoker.java:24)
	at io.cucumber.java.AbstractGlueDefinition.invokeMethod(AbstractGlueDefinition.java:47)
	at io.cucumber.java.JavaStepDefinition.execute(JavaStepDefinition.java:29)
	at io.cucumber.core.runner.CoreStepDefinition.execute(CoreStepDefinition.java:66)
	at io.cucumber.core.runner.PickleStepDefinitionMatch.runStep(PickleStepDefinitionMatch.java:63)
	at io.cucumber.core.runner.ExecutionMode$1.execute(ExecutionMode.java:10)
	at io.cucumber.core.runner.TestStep.executeStep(TestStep.java:85)
	at io.cucumber.core.runner.TestStep.run(TestStep.java:57)
	at io.cucumber.core.runner.PickleStepTestStep.run(PickleStepTestStep.java:51)
	at io.cucumber.core.runner.TestCase.run(TestCase.java:84)
	at io.cucumber.core.runner.Runner.runPickle(Runner.java:75)
	at io.cucumber.testng.TestNGCucumberRunner.lambda$runScenario$1(TestNGCucumberRunner.java:132)
	at io.cucumber.core.runtime.CucumberExecutionContext.lambda$runTestCase$5(CucumberExecutionContext.java:129)
	at io.cucumber.core.runtime.RethrowingThrowableCollector.executeAndThrow(RethrowingThrowableCollector.java:23)
	at io.cucumber.core.runtime.CucumberExecutionContext.runTestCase(CucumberExecutionContext.java:129)
	at io.cucumber.testng.TestNGCucumberRunner.runScenario(TestNGCucumberRunner.java:129)
	at io.cucumber.testng.AbstractTestNGCucumberTests.runScenario(AbstractTestNGCucumberTests.java:35)
	at java.base/java.util.ArrayList.forEach(ArrayList.java:1541)
... Removed 35 stack frames</pre></div><a href='#' onClick='toggleBox("stack-trace1831337484", this, "Click to show all stack frames", "Click to hide stack frames")'>Click to show all stack frames</a>
<div class='stack-trace' id='stack-trace1831337484'><pre>org.openqa.selenium.TimeoutException: java.util.concurrent.TimeoutException
Build info: version: &apos;4.0.0&apos;, revision: &apos;3a21814679&apos;
System info: host: &apos;DESKTOP-S76SA9N&apos;, ip: &apos;192.168.1.164&apos;, os.name: &apos;Windows 11&apos;, os.arch: &apos;amd64&apos;, os.version: &apos;10.0&apos;, java.version: &apos;11.0.15&apos;
Driver info: org.openqa.selenium.chrome.ChromeDriver
Command: [5e8343a9009be61c7364c0ec024e3b8f, clickElement {id=027eaba5-98ae-4bcb-bd5e-029c045265f6}]
Capabilities {acceptInsecureCerts: false, browserName: chrome, browserVersion: 103.0.5060.114, chrome: {chromedriverVersion: 102.0.5005.61 (0e59bcc00cc4..., userDataDir: C:\Users\nexsoft\AppData\Lo...}, goog:chromeOptions: {debuggerAddress: localhost:60173}, javascriptEnabled: true, networkConnectionEnabled: false, pageLoadStrategy: normal, platform: WINDOWS, platformName: WINDOWS, proxy: Proxy(), se:cdp: ws://localhost:60173/devtoo..., se:cdpVersion: 103.0.5060.114, setWindowRect: true, strictFileInteractability: false, timeouts: {implicit: 0, pageLoad: 300000, script: 30000}, unhandledPromptBehavior: dismiss and notify, webauthn:extension:credBlob: true, webauthn:extension:largeBlob: true, webauthn:virtualAuthenticators: true}
Element: [[ChromeDriver: chrome on WINDOWS (5e8343a9009be61c7364c0ec024e3b8f)] -&gt; xpath: //button[@type=&apos;submit&apos;]]
Session ID: 5e8343a9009be61c7364c0ec024e3b8f
	at org.openqa.selenium.remote.http.netty.NettyHttpHandler.makeCall(NettyHttpHandler.java:72)
	at org.openqa.selenium.remote.http.AddSeleniumUserAgent.lambda$apply$0(AddSeleniumUserAgent.java:42)
	at org.openqa.selenium.remote.http.Filter.lambda$andFinally$1(Filter.java:56)
	at org.openqa.selenium.remote.http.netty.NettyHttpHandler.execute(NettyHttpHandler.java:51)
	at org.openqa.selenium.remote.http.AddSeleniumUserAgent.lambda$apply$0(AddSeleniumUserAgent.java:42)
	at org.openqa.selenium.remote.http.Filter.lambda$andFinally$1(Filter.java:56)
	at org.openqa.selenium.remote.http.netty.NettyClient.execute(NettyClient.java:119)
	at org.openqa.selenium.remote.HttpCommandExecutor.execute(HttpCommandExecutor.java:181)
	at org.openqa.selenium.remote.service.DriverCommandExecutor.invokeExecute(DriverCommandExecutor.java:164)
	at org.openqa.selenium.remote.service.DriverCommandExecutor.execute(DriverCommandExecutor.java:139)
	at org.openqa.selenium.remote.RemoteWebDriver.execute(RemoteWebDriver.java:559)
	at org.openqa.selenium.remote.RemoteWebElement.execute(RemoteWebElement.java:251)
	at org.openqa.selenium.remote.RemoteWebElement.click(RemoteWebElement.java:77)
	at jdk.internal.reflect.GeneratedMethodAccessor5.invoke(Unknown Source)
	at java.base/jdk.internal.reflect.DelegatingMethodAccessorImpl.invoke(DelegatingMethodAccessorImpl.java:43)
	at java.base/java.lang.reflect.Method.invoke(Method.java:566)
	at org.openqa.selenium.support.pagefactory.internal.LocatingElementHandler.invoke(LocatingElementHandler.java:52)
	at com.sun.proxy.$Proxy28.click(Unknown Source)
	at pom.LoginPage.clickLogin(LoginPage.java:43)
	at definitions.data.HRISBukcetDataDefine.hasLoggedInAsSPV(HRISBukcetDataDefine.java:64)
	at ?.User has logged in as SPV(file:///D:/Project/Java/TestNG/HRIS/src/test/resources/features/003-MODUL%20APPROVAL/HRISActionReject.feature:5)
Caused by: java.util.concurrent.TimeoutException
	at java.base/java.util.concurrent.CompletableFuture.timedGet(CompletableFuture.java:1886)
	at java.base/java.util.concurrent.CompletableFuture.get(CompletableFuture.java:2021)
	at org.asynchttpclient.netty.NettyResponseFuture.get(NettyResponseFuture.java:206)
	at org.openqa.selenium.remote.http.netty.NettyHttpHandler.makeCall(NettyHttpHandler.java:66)
	at org.openqa.selenium.remote.http.AddSeleniumUserAgent.lambda$apply$0(AddSeleniumUserAgent.java:42)
	at org.openqa.selenium.remote.http.Filter.lambda$andFinally$1(Filter.java:56)
	at org.openqa.selenium.remote.http.netty.NettyHttpHandler.execute(NettyHttpHandler.java:51)
	at org.openqa.selenium.remote.http.AddSeleniumUserAgent.lambda$apply$0(AddSeleniumUserAgent.java:42)
	at org.openqa.selenium.remote.http.Filter.lambda$andFinally$1(Filter.java:56)
	at org.openqa.selenium.remote.http.netty.NettyClient.execute(NettyClient.java:119)
	at org.openqa.selenium.remote.HttpCommandExecutor.execute(HttpCommandExecutor.java:181)
	at org.openqa.selenium.remote.service.DriverCommandExecutor.invokeExecute(DriverCommandExecutor.java:164)
	at org.openqa.selenium.remote.service.DriverCommandExecutor.execute(DriverCommandExecutor.java:139)
	at org.openqa.selenium.remote.RemoteWebDriver.execute(RemoteWebDriver.java:559)
	at org.openqa.selenium.remote.RemoteWebElement.execute(RemoteWebElement.java:251)
	at org.openqa.selenium.remote.RemoteWebElement.click(RemoteWebElement.java:77)
	at jdk.internal.reflect.GeneratedMethodAccessor5.invoke(Unknown Source)
	at java.base/jdk.internal.reflect.DelegatingMethodAccessorImpl.invoke(DelegatingMethodAccessorImpl.java:43)
	at java.base/java.lang.reflect.Method.invoke(Method.java:566)
	at org.openqa.selenium.support.pagefactory.internal.LocatingElementHandler.invoke(LocatingElementHandler.java:52)
	at com.sun.proxy.$Proxy28.click(Unknown Source)
	at pom.LoginPage.clickLogin(LoginPage.java:43)
	at definitions.data.HRISBukcetDataDefine.hasLoggedInAsSPV(HRISBukcetDataDefine.java:64)
	at jdk.internal.reflect.GeneratedMethodAccessor20.invoke(Unknown Source)
	at java.base/jdk.internal.reflect.DelegatingMethodAccessorImpl.invoke(DelegatingMethodAccessorImpl.java:43)
	at java.base/java.lang.reflect.Method.invoke(Method.java:566)
	at io.cucumber.java.Invoker.doInvoke(Invoker.java:66)
	at io.cucumber.java.Invoker.invoke(Invoker.java:24)
	at io.cucumber.java.AbstractGlueDefinition.invokeMethod(AbstractGlueDefinition.java:47)
	at io.cucumber.java.JavaStepDefinition.execute(JavaStepDefinition.java:29)
	at io.cucumber.core.runner.CoreStepDefinition.execute(CoreStepDefinition.java:66)
	at io.cucumber.core.runner.PickleStepDefinitionMatch.runStep(PickleStepDefinitionMatch.java:63)
	at io.cucumber.core.runner.ExecutionMode$1.execute(ExecutionMode.java:10)
	at io.cucumber.core.runner.TestStep.executeStep(TestStep.java:85)
	at io.cucumber.core.runner.TestStep.run(TestStep.java:57)
	at io.cucumber.core.runner.PickleStepTestStep.run(PickleStepTestStep.java:51)
	at io.cucumber.core.runner.TestCase.run(TestCase.java:84)
	at io.cucumber.core.runner.Runner.runPickle(Runner.java:75)
	at io.cucumber.testng.TestNGCucumberRunner.lambda$runScenario$1(TestNGCucumberRunner.java:132)
	at io.cucumber.core.runtime.CucumberExecutionContext.lambda$runTestCase$5(CucumberExecutionContext.java:129)
	at io.cucumber.core.runtime.RethrowingThrowableCollector.executeAndThrow(RethrowingThrowableCollector.java:23)
	at io.cucumber.core.runtime.CucumberExecutionContext.runTestCase(CucumberExecutionContext.java:129)
	at io.cucumber.testng.TestNGCucumberRunner.runScenario(TestNGCucumberRunner.java:129)
	at io.cucumber.testng.AbstractTestNGCucumberTests.runScenario(AbstractTestNGCucumberTests.java:35)
	at jdk.internal.reflect.GeneratedMethodAccessor7.invoke(Unknown Source)
	at java.base/jdk.internal.reflect.DelegatingMethodAccessorImpl.invoke(DelegatingMethodAccessorImpl.java:43)
	at java.base/java.lang.reflect.Method.invoke(Method.java:566)
	at org.testng.internal.invokers.MethodInvocationHelper.invokeMethod(MethodInvocationHelper.java:139)
	at org.testng.internal.invokers.TestInvoker.invokeMethod(TestInvoker.java:677)
	at org.testng.internal.invokers.TestInvoker.invokeTestMethod(TestInvoker.java:221)
	at org.testng.internal.invokers.MethodRunner.runInSequence(MethodRunner.java:50)
	at org.testng.internal.invokers.TestInvoker$MethodInvocationAgent.invoke(TestInvoker.java:962)
	at org.testng.internal.invokers.TestInvoker.invokeTestMethods(TestInvoker.java:194)
	at org.testng.internal.invokers.TestMethodWorker.invokeTestMethods(TestMethodWorker.java:148)
	at org.testng.internal.invokers.TestMethodWorker.run(TestMethodWorker.java:128)
	at java.base/java.util.ArrayList.forEach(ArrayList.java:1541)
	at org.testng.TestRunner.privateRun(TestRunner.java:806)
	at org.testng.TestRunner.run(TestRunner.java:601)
	at org.testng.SuiteRunner.runTest(SuiteRunner.java:433)
	at org.testng.SuiteRunner.runSequentially(SuiteRunner.java:427)
	at org.testng.SuiteRunner.privateRun(SuiteRunner.java:387)
	at org.testng.SuiteRunner.run(SuiteRunner.java:330)
	at org.testng.SuiteRunnerWorker.runSuite(SuiteRunnerWorker.java:52)
	at org.testng.SuiteRunnerWorker.run(SuiteRunnerWorker.java:95)
	at org.testng.TestNG.runSuitesSequentially(TestNG.java:1256)
	at org.testng.TestNG.runSuitesLocally(TestNG.java:1176)
	at org.testng.TestNG.runSuites(TestNG.java:1099)
	at org.testng.TestNG.run(TestNG.java:1067)
	at org.testng.remote.AbstractRemoteTestNG.run(AbstractRemoteTestNG.java:115)
	at org.testng.remote.RemoteTestNG.initAndRun(RemoteTestNG.java:251)
	at org.testng.remote.RemoteTestNG.main(RemoteTestNG.java:77)
</pre></div></td>
<td>303</td>
<td>runner.approval.HRISActionRejectRunner@59402b8f</td></tr>
<tr>
<td title='runner.approval.HRISActionRejectRunner.runScenario()'><b>runScenario</b><br>Test class: runner.approval.HRISActionRejectRunner<br>Test method: Runs Cucumber Scenarios<br>Parameters: "Action reject cancel with notes", "Bucket Data Pengajuan"<br/>
<a href="#Output-470251915" onClick='toggleBox("Output-470251915", this, "Show output", "Hide output");'>Show output</a>

<a href="#Output-470251915" onClick="toggleAllBoxes();">Show all outputs</a>
<div class='log' id="Output-470251915">
<img src='file://D:\Project\Java\TestNG\HRIS\src\test\resources\SS\20220713_235751.PNG'height="350" width="792"/><br/>
</div>
</td>
<td><div><pre>java.lang.AssertionError: expected [false] but found [true]
	at definitions.data.HRISBukcetDataDefine.validateModalAction(HRISBukcetDataDefine.java:917)
	at ?.User validate modal action &quot;reject&quot;(file:///D:/Project/Java/TestNG/HRIS/src/test/resources/features/003-MODUL%20APPROVAL/HRISActionReject.feature:65)
... Removed 4 stack frames</pre></div><a href='#' onClick='toggleBox("stack-trace470251915", this, "Click to show all stack frames", "Click to hide stack frames")'>Click to show all stack frames</a>
<div class='stack-trace' id='stack-trace470251915'><pre>java.lang.AssertionError: expected [false] but found [true]
	at org.testng.Assert.fail(Assert.java:110)
	at org.testng.Assert.failNotEquals(Assert.java:1413)
	at org.testng.Assert.assertFalse(Assert.java:78)
	at org.testng.Assert.assertFalse(Assert.java:88)
	at definitions.data.HRISBukcetDataDefine.validateModalAction(HRISBukcetDataDefine.java:917)
	at ?.User validate modal action &quot;reject&quot;(file:///D:/Project/Java/TestNG/HRIS/src/test/resources/features/003-MODUL%20APPROVAL/HRISActionReject.feature:65)
</pre></div></td>
<td>34</td>
<td>runner.approval.HRISActionRejectRunner@59402b8f</td></tr>
<tr>
<td title='runner.approval.HRISActionApproveRunner.runScenario()'><b>runScenario</b><br>Test class: runner.approval.HRISActionApproveRunner<br>Test method: Runs Cucumber Scenarios<br>Parameters: "Action approve cancel with notes", "Bucket Data Pengajuan"<br/>
<a href="#Output-2122361228" onClick='toggleBox("Output-2122361228", this, "Show output", "Hide output");'>Show output</a>

<a href="#Output-2122361228" onClick="toggleAllBoxes();">Show all outputs</a>
<div class='log' id="Output-2122361228">
<img src='file://D:\Project\Java\TestNG\HRIS\src\test\resources\SS\20220714_000032.PNG'height="350" width="792"/><br/>
</div>
</td>
<td><div><pre>java.lang.AssertionError: expected [false] but found [true]
	at definitions.data.HRISBukcetDataDefine.validateModalAction(HRISBukcetDataDefine.java:922)
	at ?.User validate modal action &quot;approve&quot;(file:///D:/Project/Java/TestNG/HRIS/src/test/resources/features/003-MODUL%20APPROVAL/HRISActionApprove.feature:75)
... Removed 4 stack frames</pre></div><a href='#' onClick='toggleBox("stack-trace2122361228", this, "Click to show all stack frames", "Click to hide stack frames")'>Click to show all stack frames</a>
<div class='stack-trace' id='stack-trace2122361228'><pre>java.lang.AssertionError: expected [false] but found [true]
	at org.testng.Assert.fail(Assert.java:110)
	at org.testng.Assert.failNotEquals(Assert.java:1413)
	at org.testng.Assert.assertFalse(Assert.java:78)
	at org.testng.Assert.assertFalse(Assert.java:88)
	at definitions.data.HRISBukcetDataDefine.validateModalAction(HRISBukcetDataDefine.java:922)
	at ?.User validate modal action &quot;approve&quot;(file:///D:/Project/Java/TestNG/HRIS/src/test/resources/features/003-MODUL%20APPROVAL/HRISActionApprove.feature:75)
</pre></div></td>
<td>33</td>
<td>runner.approval.HRISActionApproveRunner@7188af83</td></tr>
<tr>
<td title='runner.approval.HRISActionRejectRunner.runScenario()'><b>runScenario</b><br>Test class: runner.approval.HRISActionRejectRunner<br>Test method: Runs Cucumber Scenarios<br>Parameters: "Action reject validate no notes", "Bucket Data Pengajuan"<br/>
<a href="#Output-814241" onClick='toggleBox("Output-814241", this, "Show output", "Hide output");'>Show output</a>

<a href="#Output-814241" onClick="toggleAllBoxes();">Show all outputs</a>
<div class='log' id="Output-814241">
<img src='file://D:\Project\Java\TestNG\HRIS\src\test\resources\SS\20220713_235717.PNG'height="350" width="792"/><br/>
</div>
</td>
<td><div><pre>java.lang.AssertionError: expected [true] but found [false]
	at definitions.data.HRISBukcetDataDefine.validateApprovalNotes(HRISBukcetDataDefine.java:750)
	at ?.User validate approval notes &quot;reject&quot; button(file:///D:/Project/Java/TestNG/HRIS/src/test/resources/features/003-MODUL%20APPROVAL/HRISActionReject.feature:42)
... Removed 4 stack frames</pre></div><a href='#' onClick='toggleBox("stack-trace814241", this, "Click to show all stack frames", "Click to hide stack frames")'>Click to show all stack frames</a>
<div class='stack-trace' id='stack-trace814241'><pre>java.lang.AssertionError: expected [true] but found [false]
	at org.testng.Assert.fail(Assert.java:110)
	at org.testng.Assert.failNotEquals(Assert.java:1413)
	at org.testng.Assert.assertTrue(Assert.java:56)
	at org.testng.Assert.assertTrue(Assert.java:66)
	at definitions.data.HRISBukcetDataDefine.validateApprovalNotes(HRISBukcetDataDefine.java:750)
	at ?.User validate approval notes &quot;reject&quot; button(file:///D:/Project/Java/TestNG/HRIS/src/test/resources/features/003-MODUL%20APPROVAL/HRISActionReject.feature:42)
</pre></div></td>
<td>40</td>
<td>runner.approval.HRISActionRejectRunner@59402b8f</td></tr>
<tr>
<td title='runner.approval.HRISSearchAndEntriesRunner.runScenario()'><b>runScenario</b><br>Test class: runner.approval.HRISSearchAndEntriesRunner<br>Test method: Runs Cucumber Scenarios<br>Parameters: "Search by value", "Bucket Data Pengajuan"<br/>
<a href="#Output-674247007" onClick='toggleBox("Output-674247007", this, "Show output", "Hide output");'>Show output</a>

<a href="#Output-674247007" onClick="toggleAllBoxes();">Show all outputs</a>
<div class='log' id="Output-674247007">
<img src='file://D:\Project\Java\TestNG\HRIS\src\test\resources\SS\20220713_233104.PNG'height="350" width="792"/><br/>
</div>
</td>
<td><div><pre>java.lang.AssertionError: expected [true] but found [false]
	at definitions.data.HRISBukcetDataDefine.validateSearch(HRISBukcetDataDefine.java:522)
	at ?.User validate search 90(file:///D:/Project/Java/TestNG/HRIS/src/test/resources/features/003-MODUL%20APPROVAL/HRISSearchAndEntries.feature:10)
... Removed 4 stack frames</pre></div><a href='#' onClick='toggleBox("stack-trace674247007", this, "Click to show all stack frames", "Click to hide stack frames")'>Click to show all stack frames</a>
<div class='stack-trace' id='stack-trace674247007'><pre>java.lang.AssertionError: expected [true] but found [false]
	at org.testng.Assert.fail(Assert.java:110)
	at org.testng.Assert.failNotEquals(Assert.java:1413)
	at org.testng.Assert.assertTrue(Assert.java:56)
	at org.testng.Assert.assertTrue(Assert.java:66)
	at definitions.data.HRISBukcetDataDefine.validateSearch(HRISBukcetDataDefine.java:522)
	at ?.User validate search 90(file:///D:/Project/Java/TestNG/HRIS/src/test/resources/features/003-MODUL%20APPROVAL/HRISSearchAndEntries.feature:10)
</pre></div></td>
<td>18</td>
<td>runner.approval.HRISSearchAndEntriesRunner@8462f31</td></tr>
<tr>
<td title='runner.approval.HRISActionApproveRunner.runScenario()'><b>runScenario</b><br>Test class: runner.approval.HRISActionApproveRunner<br>Test method: Runs Cucumber Scenarios<br>Parameters: "Action approve cancel no notes", "Bucket Data Pengajuan"<br/>
<a href="#Output-1337637578" onClick='toggleBox("Output-1337637578", this, "Show output", "Hide output");'>Show output</a>

<a href="#Output-1337637578" onClick="toggleAllBoxes();">Show all outputs</a>
<div class='log' id="Output-1337637578">
<img src='file://D:\Project\Java\TestNG\HRIS\src\test\resources\SS\20220714_000104.PNG'height="350" width="792"/><br/>
</div>
</td>
<td><div><pre>java.lang.AssertionError: expected [false] but found [true]
	at definitions.data.HRISBukcetDataDefine.validateModalAction(HRISBukcetDataDefine.java:922)
	at ?.User validate modal action &quot;approve&quot;(file:///D:/Project/Java/TestNG/HRIS/src/test/resources/features/003-MODUL%20APPROVAL/HRISActionApprove.feature:101)
... Removed 4 stack frames</pre></div><a href='#' onClick='toggleBox("stack-trace1337637578", this, "Click to show all stack frames", "Click to hide stack frames")'>Click to show all stack frames</a>
<div class='stack-trace' id='stack-trace1337637578'><pre>java.lang.AssertionError: expected [false] but found [true]
	at org.testng.Assert.fail(Assert.java:110)
	at org.testng.Assert.failNotEquals(Assert.java:1413)
	at org.testng.Assert.assertFalse(Assert.java:78)
	at org.testng.Assert.assertFalse(Assert.java:88)
	at definitions.data.HRISBukcetDataDefine.validateModalAction(HRISBukcetDataDefine.java:922)
	at ?.User validate modal action &quot;approve&quot;(file:///D:/Project/Java/TestNG/HRIS/src/test/resources/features/003-MODUL%20APPROVAL/HRISActionApprove.feature:101)
</pre></div></td>
<td>32</td>
<td>runner.approval.HRISActionApproveRunner@7188af83</td></tr>
<tr>
<td title='runner.approval.HRISSearchAndEntriesRunner.runScenario()'><b>runScenario</b><br>Test class: runner.approval.HRISSearchAndEntriesRunner<br>Test method: Runs Cucumber Scenarios<br>Parameters: "Search by value", "Bucket Data Pengajuan"<br/>
<a href="#Output-474027124" onClick='toggleBox("Output-474027124", this, "Show output", "Hide output");'>Show output</a>

<a href="#Output-474027124" onClick="toggleAllBoxes();">Show all outputs</a>
<div class='log' id="Output-474027124">
<img src='file://D:\Project\Java\TestNG\HRIS\src\test\resources\SS\20220713_233158.PNG'height="350" width="792"/><br/>
</div>
</td>
<td><div><pre>java.lang.AssertionError: expected [true] but found [false]
	at definitions.data.HRISBukcetDataDefine.validateSearch(HRISBukcetDataDefine.java:531)
	at ?.User validate search Incomplete(file:///D:/Project/Java/TestNG/HRIS/src/test/resources/features/003-MODUL%20APPROVAL/HRISSearchAndEntries.feature:10)
... Removed 4 stack frames</pre></div><a href='#' onClick='toggleBox("stack-trace474027124", this, "Click to show all stack frames", "Click to hide stack frames")'>Click to show all stack frames</a>
<div class='stack-trace' id='stack-trace474027124'><pre>java.lang.AssertionError: expected [true] but found [false]
	at org.testng.Assert.fail(Assert.java:110)
	at org.testng.Assert.failNotEquals(Assert.java:1413)
	at org.testng.Assert.assertTrue(Assert.java:56)
	at org.testng.Assert.assertTrue(Assert.java:66)
	at definitions.data.HRISBukcetDataDefine.validateSearch(HRISBukcetDataDefine.java:531)
	at ?.User validate search Incomplete(file:///D:/Project/Java/TestNG/HRIS/src/test/resources/features/003-MODUL%20APPROVAL/HRISSearchAndEntries.feature:10)
</pre></div></td>
<td>17</td>
<td>runner.approval.HRISSearchAndEntriesRunner@8462f31</td></tr>
<tr>
<td title='runner.approval.HRISTableDataCutiRunner.runScenario()'><b>runScenario</b><br>Test class: runner.approval.HRISTableDataCutiRunner<br>Test method: Runs Cucumber Scenarios<br>Parameters: "Leave column (name)", "Bucket Data Pengajuan"</td>
<td><div><pre>org.openqa.selenium.TimeoutException: java.util.concurrent.TimeoutException
Build info: version: &apos;4.0.0&apos;, revision: &apos;3a21814679&apos;
System info: host: &apos;DESKTOP-S76SA9N&apos;, ip: &apos;192.168.1.164&apos;, os.name: &apos;Windows 11&apos;, os.arch: &apos;amd64&apos;, os.version: &apos;10.0&apos;, java.version: &apos;11.0.15&apos;
Driver info: org.openqa.selenium.chrome.ChromeDriver
Command: [bdd84aa2bde1a8383422f4ba13ee5669, get {url=https://dev.ptdika.com/employee/panel/login/}]
Capabilities {acceptInsecureCerts: false, browserName: chrome, browserVersion: 103.0.5060.114, chrome: {chromedriverVersion: 102.0.5005.61 (0e59bcc00cc4..., userDataDir: C:\Users\nexsoft\AppData\Lo...}, goog:chromeOptions: {debuggerAddress: localhost:59342}, javascriptEnabled: true, networkConnectionEnabled: false, pageLoadStrategy: normal, platform: WINDOWS, platformName: WINDOWS, proxy: Proxy(), se:cdp: ws://localhost:59342/devtoo..., se:cdpVersion: 103.0.5060.114, setWindowRect: true, strictFileInteractability: false, timeouts: {implicit: 0, pageLoad: 300000, script: 30000}, unhandledPromptBehavior: dismiss and notify, webauthn:extension:credBlob: true, webauthn:extension:largeBlob: true, webauthn:virtualAuthenticators: true}
Session ID: bdd84aa2bde1a8383422f4ba13ee5669
	at org.openqa.selenium.remote.http.netty.NettyHttpHandler.makeCall(NettyHttpHandler.java:72)
	at org.openqa.selenium.remote.http.AddSeleniumUserAgent.lambda$apply$0(AddSeleniumUserAgent.java:42)
	at org.openqa.selenium.remote.http.Filter.lambda$andFinally$1(Filter.java:56)
	at org.openqa.selenium.remote.http.netty.NettyHttpHandler.execute(NettyHttpHandler.java:51)
	at org.openqa.selenium.remote.http.AddSeleniumUserAgent.lambda$apply$0(AddSeleniumUserAgent.java:42)
	at org.openqa.selenium.remote.http.Filter.lambda$andFinally$1(Filter.java:56)
	at org.openqa.selenium.remote.http.netty.NettyClient.execute(NettyClient.java:119)
	at org.openqa.selenium.remote.HttpCommandExecutor.execute(HttpCommandExecutor.java:181)
	at org.openqa.selenium.remote.service.DriverCommandExecutor.invokeExecute(DriverCommandExecutor.java:164)
	at org.openqa.selenium.remote.service.DriverCommandExecutor.execute(DriverCommandExecutor.java:139)
	at org.openqa.selenium.remote.RemoteWebDriver.execute(RemoteWebDriver.java:559)
	at org.openqa.selenium.remote.RemoteWebDriver.get(RemoteWebDriver.java:328)
	at definitions.data.HRISBukcetDataDefine.init(HRISBukcetDataDefine.java:50)
Caused by: java.util.concurrent.TimeoutException
	at java.base/java.util.concurrent.CompletableFuture.timedGet(CompletableFuture.java:1886)
	at java.base/java.util.concurrent.CompletableFuture.get(CompletableFuture.java:2021)
	at org.asynchttpclient.netty.NettyResponseFuture.get(NettyResponseFuture.java:206)
	at org.openqa.selenium.remote.http.netty.NettyHttpHandler.makeCall(NettyHttpHandler.java:66)
	at org.openqa.selenium.remote.http.AddSeleniumUserAgent.lambda$apply$0(AddSeleniumUserAgent.java:42)
	at org.openqa.selenium.remote.http.Filter.lambda$andFinally$1(Filter.java:56)
	at org.openqa.selenium.remote.http.netty.NettyHttpHandler.execute(NettyHttpHandler.java:51)
	at org.openqa.selenium.remote.http.AddSeleniumUserAgent.lambda$apply$0(AddSeleniumUserAgent.java:42)
	at org.openqa.selenium.remote.http.Filter.lambda$andFinally$1(Filter.java:56)
	at org.openqa.selenium.remote.http.netty.NettyClient.execute(NettyClient.java:119)
	at org.openqa.selenium.remote.HttpCommandExecutor.execute(HttpCommandExecutor.java:181)
	at org.openqa.selenium.remote.service.DriverCommandExecutor.invokeExecute(DriverCommandExecutor.java:164)
	at org.openqa.selenium.remote.service.DriverCommandExecutor.execute(DriverCommandExecutor.java:139)
	at org.openqa.selenium.remote.RemoteWebDriver.execute(RemoteWebDriver.java:559)
	at org.openqa.selenium.remote.RemoteWebDriver.get(RemoteWebDriver.java:328)
	at definitions.data.HRISBukcetDataDefine.init(HRISBukcetDataDefine.java:50)
	at io.cucumber.java.Invoker.doInvoke(Invoker.java:66)
	at io.cucumber.java.Invoker.invoke(Invoker.java:24)
	at io.cucumber.java.AbstractGlueDefinition.invokeMethod(AbstractGlueDefinition.java:47)
	at io.cucumber.java.JavaHookDefinition.execute(JavaHookDefinition.java:64)
	at io.cucumber.core.runner.CoreHookDefinition.execute(CoreHookDefinition.java:46)
	at io.cucumber.core.runner.HookDefinitionMatch.runStep(HookDefinitionMatch.java:21)
	at io.cucumber.core.runner.ExecutionMode$1.execute(ExecutionMode.java:10)
	at io.cucumber.core.runner.TestStep.executeStep(TestStep.java:85)
	at io.cucumber.core.runner.TestStep.run(TestStep.java:57)
	at io.cucumber.core.runner.TestCase.run(TestCase.java:78)
	at io.cucumber.core.runner.Runner.runPickle(Runner.java:75)
	at io.cucumber.testng.TestNGCucumberRunner.lambda$runScenario$1(TestNGCucumberRunner.java:132)
	at io.cucumber.core.runtime.CucumberExecutionContext.lambda$runTestCase$5(CucumberExecutionContext.java:129)
	at io.cucumber.core.runtime.RethrowingThrowableCollector.executeAndThrow(RethrowingThrowableCollector.java:23)
	at io.cucumber.core.runtime.CucumberExecutionContext.runTestCase(CucumberExecutionContext.java:129)
	at io.cucumber.testng.TestNGCucumberRunner.runScenario(TestNGCucumberRunner.java:129)
	at io.cucumber.testng.AbstractTestNGCucumberTests.runScenario(AbstractTestNGCucumberTests.java:35)
	at java.base/java.util.ArrayList.forEach(ArrayList.java:1541)
... Removed 29 stack frames</pre></div><a href='#' onClick='toggleBox("stack-trace1327981629", this, "Click to show all stack frames", "Click to hide stack frames")'>Click to show all stack frames</a>
<div class='stack-trace' id='stack-trace1327981629'><pre>org.openqa.selenium.TimeoutException: java.util.concurrent.TimeoutException
Build info: version: &apos;4.0.0&apos;, revision: &apos;3a21814679&apos;
System info: host: &apos;DESKTOP-S76SA9N&apos;, ip: &apos;192.168.1.164&apos;, os.name: &apos;Windows 11&apos;, os.arch: &apos;amd64&apos;, os.version: &apos;10.0&apos;, java.version: &apos;11.0.15&apos;
Driver info: org.openqa.selenium.chrome.ChromeDriver
Command: [bdd84aa2bde1a8383422f4ba13ee5669, get {url=https://dev.ptdika.com/employee/panel/login/}]
Capabilities {acceptInsecureCerts: false, browserName: chrome, browserVersion: 103.0.5060.114, chrome: {chromedriverVersion: 102.0.5005.61 (0e59bcc00cc4..., userDataDir: C:\Users\nexsoft\AppData\Lo...}, goog:chromeOptions: {debuggerAddress: localhost:59342}, javascriptEnabled: true, networkConnectionEnabled: false, pageLoadStrategy: normal, platform: WINDOWS, platformName: WINDOWS, proxy: Proxy(), se:cdp: ws://localhost:59342/devtoo..., se:cdpVersion: 103.0.5060.114, setWindowRect: true, strictFileInteractability: false, timeouts: {implicit: 0, pageLoad: 300000, script: 30000}, unhandledPromptBehavior: dismiss and notify, webauthn:extension:credBlob: true, webauthn:extension:largeBlob: true, webauthn:virtualAuthenticators: true}
Session ID: bdd84aa2bde1a8383422f4ba13ee5669
	at org.openqa.selenium.remote.http.netty.NettyHttpHandler.makeCall(NettyHttpHandler.java:72)
	at org.openqa.selenium.remote.http.AddSeleniumUserAgent.lambda$apply$0(AddSeleniumUserAgent.java:42)
	at org.openqa.selenium.remote.http.Filter.lambda$andFinally$1(Filter.java:56)
	at org.openqa.selenium.remote.http.netty.NettyHttpHandler.execute(NettyHttpHandler.java:51)
	at org.openqa.selenium.remote.http.AddSeleniumUserAgent.lambda$apply$0(AddSeleniumUserAgent.java:42)
	at org.openqa.selenium.remote.http.Filter.lambda$andFinally$1(Filter.java:56)
	at org.openqa.selenium.remote.http.netty.NettyClient.execute(NettyClient.java:119)
	at org.openqa.selenium.remote.HttpCommandExecutor.execute(HttpCommandExecutor.java:181)
	at org.openqa.selenium.remote.service.DriverCommandExecutor.invokeExecute(DriverCommandExecutor.java:164)
	at org.openqa.selenium.remote.service.DriverCommandExecutor.execute(DriverCommandExecutor.java:139)
	at org.openqa.selenium.remote.RemoteWebDriver.execute(RemoteWebDriver.java:559)
	at org.openqa.selenium.remote.RemoteWebDriver.get(RemoteWebDriver.java:328)
	at definitions.data.HRISBukcetDataDefine.init(HRISBukcetDataDefine.java:50)
Caused by: java.util.concurrent.TimeoutException
	at java.base/java.util.concurrent.CompletableFuture.timedGet(CompletableFuture.java:1886)
	at java.base/java.util.concurrent.CompletableFuture.get(CompletableFuture.java:2021)
	at org.asynchttpclient.netty.NettyResponseFuture.get(NettyResponseFuture.java:206)
	at org.openqa.selenium.remote.http.netty.NettyHttpHandler.makeCall(NettyHttpHandler.java:66)
	at org.openqa.selenium.remote.http.AddSeleniumUserAgent.lambda$apply$0(AddSeleniumUserAgent.java:42)
	at org.openqa.selenium.remote.http.Filter.lambda$andFinally$1(Filter.java:56)
	at org.openqa.selenium.remote.http.netty.NettyHttpHandler.execute(NettyHttpHandler.java:51)
	at org.openqa.selenium.remote.http.AddSeleniumUserAgent.lambda$apply$0(AddSeleniumUserAgent.java:42)
	at org.openqa.selenium.remote.http.Filter.lambda$andFinally$1(Filter.java:56)
	at org.openqa.selenium.remote.http.netty.NettyClient.execute(NettyClient.java:119)
	at org.openqa.selenium.remote.HttpCommandExecutor.execute(HttpCommandExecutor.java:181)
	at org.openqa.selenium.remote.service.DriverCommandExecutor.invokeExecute(DriverCommandExecutor.java:164)
	at org.openqa.selenium.remote.service.DriverCommandExecutor.execute(DriverCommandExecutor.java:139)
	at org.openqa.selenium.remote.RemoteWebDriver.execute(RemoteWebDriver.java:559)
	at org.openqa.selenium.remote.RemoteWebDriver.get(RemoteWebDriver.java:328)
	at definitions.data.HRISBukcetDataDefine.init(HRISBukcetDataDefine.java:50)
	at jdk.internal.reflect.GeneratedMethodAccessor9.invoke(Unknown Source)
	at java.base/jdk.internal.reflect.DelegatingMethodAccessorImpl.invoke(DelegatingMethodAccessorImpl.java:43)
	at java.base/java.lang.reflect.Method.invoke(Method.java:566)
	at io.cucumber.java.Invoker.doInvoke(Invoker.java:66)
	at io.cucumber.java.Invoker.invoke(Invoker.java:24)
	at io.cucumber.java.AbstractGlueDefinition.invokeMethod(AbstractGlueDefinition.java:47)
	at io.cucumber.java.JavaHookDefinition.execute(JavaHookDefinition.java:64)
	at io.cucumber.core.runner.CoreHookDefinition.execute(CoreHookDefinition.java:46)
	at io.cucumber.core.runner.HookDefinitionMatch.runStep(HookDefinitionMatch.java:21)
	at io.cucumber.core.runner.ExecutionMode$1.execute(ExecutionMode.java:10)
	at io.cucumber.core.runner.TestStep.executeStep(TestStep.java:85)
	at io.cucumber.core.runner.TestStep.run(TestStep.java:57)
	at io.cucumber.core.runner.TestCase.run(TestCase.java:78)
	at io.cucumber.core.runner.Runner.runPickle(Runner.java:75)
	at io.cucumber.testng.TestNGCucumberRunner.lambda$runScenario$1(TestNGCucumberRunner.java:132)
	at io.cucumber.core.runtime.CucumberExecutionContext.lambda$runTestCase$5(CucumberExecutionContext.java:129)
	at io.cucumber.core.runtime.RethrowingThrowableCollector.executeAndThrow(RethrowingThrowableCollector.java:23)
	at io.cucumber.core.runtime.CucumberExecutionContext.runTestCase(CucumberExecutionContext.java:129)
	at io.cucumber.testng.TestNGCucumberRunner.runScenario(TestNGCucumberRunner.java:129)
	at io.cucumber.testng.AbstractTestNGCucumberTests.runScenario(AbstractTestNGCucumberTests.java:35)
	at jdk.internal.reflect.GeneratedMethodAccessor7.invoke(Unknown Source)
	at java.base/jdk.internal.reflect.DelegatingMethodAccessorImpl.invoke(DelegatingMethodAccessorImpl.java:43)
	at java.base/java.lang.reflect.Method.invoke(Method.java:566)
	at org.testng.internal.invokers.MethodInvocationHelper.invokeMethod(MethodInvocationHelper.java:139)
	at org.testng.internal.invokers.TestInvoker.invokeMethod(TestInvoker.java:677)
	at org.testng.internal.invokers.TestInvoker.invokeTestMethod(TestInvoker.java:221)
	at org.testng.internal.invokers.MethodRunner.runInSequence(MethodRunner.java:50)
	at org.testng.internal.invokers.TestInvoker$MethodInvocationAgent.invoke(TestInvoker.java:962)
	at org.testng.internal.invokers.TestInvoker.invokeTestMethods(TestInvoker.java:194)
	at org.testng.internal.invokers.TestMethodWorker.invokeTestMethods(TestMethodWorker.java:148)
	at org.testng.internal.invokers.TestMethodWorker.run(TestMethodWorker.java:128)
	at java.base/java.util.ArrayList.forEach(ArrayList.java:1541)
	at org.testng.TestRunner.privateRun(TestRunner.java:806)
	at org.testng.TestRunner.run(TestRunner.java:601)
	at org.testng.SuiteRunner.runTest(SuiteRunner.java:433)
	at org.testng.SuiteRunner.runSequentially(SuiteRunner.java:427)
	at org.testng.SuiteRunner.privateRun(SuiteRunner.java:387)
	at org.testng.SuiteRunner.run(SuiteRunner.java:330)
	at org.testng.SuiteRunnerWorker.runSuite(SuiteRunnerWorker.java:52)
	at org.testng.SuiteRunnerWorker.run(SuiteRunnerWorker.java:95)
	at org.testng.TestNG.runSuitesSequentially(TestNG.java:1256)
	at org.testng.TestNG.runSuitesLocally(TestNG.java:1176)
	at org.testng.TestNG.runSuites(TestNG.java:1099)
	at org.testng.TestNG.run(TestNG.java:1067)
	at org.testng.remote.AbstractRemoteTestNG.run(AbstractRemoteTestNG.java:115)
	at org.testng.remote.RemoteTestNG.initAndRun(RemoteTestNG.java:251)
	at org.testng.remote.RemoteTestNG.main(RemoteTestNG.java:77)
</pre></div></td>
<td>181</td>
<td>runner.approval.HRISTableDataCutiRunner@70ed52de</td></tr>
</table><p>
<table width='100%' border='1' class='invocation-passed'>
<tr><td colspan='4' align='center'><b>PASSED TESTS</b></td></tr>
<tr><td><b>Test method</b></td>
<td><b>Attribute(s)</b></td>
<td width="30%"><b>Exception</b></td>
<td width="10%"><b>Time (seconds)</b></td>
<td><b>Instance</b></td>
</tr>
<tr>
<td title='runner.approval.HRISTableDataCutiRunner.runScenario()'><b>runScenario</b><br>Test class: runner.approval.HRISTableDataCutiRunner<br>Test method: Runs Cucumber Scenarios<br>Parameters: "Action rejected column", "Bucket Data Pengajuan"</td>
<td></td>
<td>45</td>
<td>runner.approval.HRISTableDataCutiRunner@70ed52de</td></tr>
<tr>
<td title='runner.dashboard.HRISDashboardMNGRRunner.runScenario()'><b>runScenario</b><br>Test class: runner.dashboard.HRISDashboardMNGRRunner<br>Test method: Runs Cucumber Scenarios<br>Parameters: "Show Approval Cuti Page from My Task", "Dashboard"</td>
<td></td>
<td>15</td>
<td>runner.dashboard.HRISDashboardMNGRRunner@4d1c005e</td></tr>
<tr>
<td title='runner.approval.HRISTableDataCutiRunner.runScenario()'><b>runScenario</b><br>Test class: runner.approval.HRISTableDataCutiRunner<br>Test method: Runs Cucumber Scenarios<br>Parameters: "Action new column", "Bucket Data Pengajuan"</td>
<td></td>
<td>35</td>
<td>runner.approval.HRISTableDataCutiRunner@70ed52de</td></tr>
<tr>
<td title='runner.login.HRISPageSignInMNGRRunner.runScenario()'><b>runScenario</b><br>Test class: runner.login.HRISPageSignInMNGRRunner<br>Test method: Runs Cucumber Scenarios<br>Parameters: "Valid URL", "Sign in page"</td>
<td></td>
<td>9</td>
<td>runner.login.HRISPageSignInMNGRRunner@5890e879</td></tr>
<tr>
<td title='runner.approval.HRISTableDataCutiRunner.runScenario()'><b>runScenario</b><br>Test class: runner.approval.HRISTableDataCutiRunner<br>Test method: Runs Cucumber Scenarios<br>Parameters: "Leave column (date)", "Bucket Data Pengajuan"</td>
<td></td>
<td>31</td>
<td>runner.approval.HRISTableDataCutiRunner@70ed52de</td></tr>
<tr>
<td title='runner.approval.HRISNotesRunner.runScenario()'><b>runScenario</b><br>Test class: runner.approval.HRISNotesRunner<br>Test method: Runs Cucumber Scenarios<br>Parameters: "Input field note", "Bucket Data Pengajuan"</td>
<td></td>
<td>34</td>
<td>runner.approval.HRISNotesRunner@5ddeb7cb</td></tr>
<tr>
<td title='runner.approval.HRISActionRejectRunner.runScenario()'><b>runScenario</b><br>Test class: runner.approval.HRISActionRejectRunner<br>Test method: Runs Cucumber Scenarios<br>Parameters: "Action reject cancel no notes", "Bucket Data Pengajuan"</td>
<td></td>
<td>40</td>
<td>runner.approval.HRISActionRejectRunner@59402b8f</td></tr>
<tr>
<td title='runner.approval.HRISActionReturnRunner.runScenario()'><b>runScenario</b><br>Test class: runner.approval.HRISActionReturnRunner<br>Test method: Runs Cucumber Scenarios<br>Parameters: "Action return cancel no notes", "Bucket Data Pengajuan"</td>
<td></td>
<td>39</td>
<td>runner.approval.HRISActionReturnRunner@496bc455</td></tr>
<tr>
<td title='runner.approval.HRISNotesRunner.runScenario()'><b>runScenario</b><br>Test class: runner.approval.HRISNotesRunner<br>Test method: Runs Cucumber Scenarios<br>Parameters: "Input field note", "Bucket Data Pengajuan"</td>
<td></td>
<td>31</td>
<td>runner.approval.HRISNotesRunner@5ddeb7cb</td></tr>
<tr>
<td title='runner.approval.HRISSearchAndEntriesRunner.runScenario()'><b>runScenario</b><br>Test class: runner.approval.HRISSearchAndEntriesRunner<br>Test method: Runs Cucumber Scenarios<br>Parameters: "Search by value", "Bucket Data Pengajuan"</td>
<td></td>
<td>18</td>
<td>runner.approval.HRISSearchAndEntriesRunner@8462f31</td></tr>
<tr>
<td title='runner.approval.HRISTableDataCutiRunner.runScenario()'><b>runScenario</b><br>Test class: runner.approval.HRISTableDataCutiRunner<br>Test method: Runs Cucumber Scenarios<br>Parameters: "Count column", "Bucket Data Pengajuan"</td>
<td></td>
<td>38</td>
<td>runner.approval.HRISTableDataCutiRunner@70ed52de</td></tr>
<tr>
<td title='runner.approval.HRISActionApproveRunner.runScenario()'><b>runScenario</b><br>Test class: runner.approval.HRISActionApproveRunner<br>Test method: Runs Cucumber Scenarios<br>Parameters: "Action approve validate no notes", "Bucket Data Pengajuan"</td>
<td></td>
<td>45</td>
<td>runner.approval.HRISActionApproveRunner@7188af83</td></tr>
<tr>
<td title='runner.approval.HRISCloseModalRunner.runScenario()'><b>runScenario</b><br>Test class: runner.approval.HRISCloseModalRunner<br>Test method: Runs Cucumber Scenarios<br>Parameters: "Close modal with cross", "Bucket Data Pengajuan"</td>
<td></td>
<td>36</td>
<td>runner.approval.HRISCloseModalRunner@24569dba</td></tr>
<tr>
<td title='runner.login.HRISLogoutMNGRRunner.runScenario()'><b>runScenario</b><br>Test class: runner.login.HRISLogoutMNGRRunner<br>Test method: Runs Cucumber Scenarios<br>Parameters: "Logout from navbar "MNGR"", "Logout"</td>
<td></td>
<td>19</td>
<td>runner.login.HRISLogoutMNGRRunner@3e08ff24</td></tr>
<tr>
<td title='runner.approval.HRISTableDataCutiRunner.runScenario()'><b>runScenario</b><br>Test class: runner.approval.HRISTableDataCutiRunner<br>Test method: Runs Cucumber Scenarios<br>Parameters: "Action returned column", "Bucket Data Pengajuan"</td>
<td></td>
<td>57</td>
<td>runner.approval.HRISTableDataCutiRunner@70ed52de</td></tr>
<tr>
<td title='runner.signature.HRISDrawSignatureMNGRRunner.runScenario()'><b>runScenario</b><br>Test class: runner.signature.HRISDrawSignatureMNGRRunner<br>Test method: Runs Cucumber Scenarios<br>Parameters: "Empty canvas and save", "Bucket Data Pengajuan"</td>
<td></td>
<td>16</td>
<td>runner.signature.HRISDrawSignatureMNGRRunner@6be968ce</td></tr>
<tr>
<td title='runner.approval.HRISCloseModalRunner.runScenario()'><b>runScenario</b><br>Test class: runner.approval.HRISCloseModalRunner<br>Test method: Runs Cucumber Scenarios<br>Parameters: "Close modal with close", "Bucket Data Pengajuan"</td>
<td></td>
<td>42</td>
<td>runner.approval.HRISCloseModalRunner@24569dba</td></tr>
<tr>
<td title='runner.login.HRISPageSignInMNGRRunner.runScenario()'><b>runScenario</b><br>Test class: runner.login.HRISPageSignInMNGRRunner<br>Test method: Runs Cucumber Scenarios<br>Parameters: "Invalid URL", "Sign in page"</td>
<td></td>
<td>7</td>
<td>runner.login.HRISPageSignInMNGRRunner@5890e879</td></tr>
<tr>
<td title='runner.dashboard.HRISDashboardMNGRRunner.runScenario()'><b>runScenario</b><br>Test class: runner.dashboard.HRISDashboardMNGRRunner<br>Test method: Runs Cucumber Scenarios<br>Parameters: "Show Approval Cuti Page from Navbar", "Dashboard"</td>
<td></td>
<td>15</td>
<td>runner.dashboard.HRISDashboardMNGRRunner@4d1c005e</td></tr>
<tr>
<td title='runner.approval.HRISCloseModalRunner.runScenario()'><b>runScenario</b><br>Test class: runner.approval.HRISCloseModalRunner<br>Test method: Runs Cucumber Scenarios<br>Parameters: "Tanggal cuti", "Bucket Data Pengajuan"</td>
<td></td>
<td>40</td>
<td>runner.approval.HRISCloseModalRunner@24569dba</td></tr>
<tr>
<td title='runner.approval.HRISNotesRunner.runScenario()'><b>runScenario</b><br>Test class: runner.approval.HRISNotesRunner<br>Test method: Runs Cucumber Scenarios<br>Parameters: "Input field note", "Bucket Data Pengajuan"</td>
<td></td>
<td>32</td>
<td>runner.approval.HRISNotesRunner@5ddeb7cb</td></tr>
<tr>
<td title='runner.approval.HRISCloseModalRunner.runScenario()'><b>runScenario</b><br>Test class: runner.approval.HRISCloseModalRunner<br>Test method: Runs Cucumber Scenarios<br>Parameters: "Close modal with leave modal", "Bucket Data Pengajuan"</td>
<td></td>
<td>33</td>
<td>runner.approval.HRISCloseModalRunner@24569dba</td></tr>
<tr>
<td title='runner.approval.HRISNotesRunner.runScenario()'><b>runScenario</b><br>Test class: runner.approval.HRISNotesRunner<br>Test method: Runs Cucumber Scenarios<br>Parameters: "Input field note", "Bucket Data Pengajuan"</td>
<td></td>
<td>35</td>
<td>runner.approval.HRISNotesRunner@5ddeb7cb</td></tr>
<tr>
<td title='runner.approval.HRISTableDataCutiRunner.runScenario()'><b>runScenario</b><br>Test class: runner.approval.HRISTableDataCutiRunner<br>Test method: Runs Cucumber Scenarios<br>Parameters: "Type column", "Bucket Data Pengajuan"</td>
<td></td>
<td>31</td>
<td>runner.approval.HRISTableDataCutiRunner@70ed52de</td></tr>
<tr>
<td title='runner.approval.HRISTableDataCutiRunner.runScenario()'><b>runScenario</b><br>Test class: runner.approval.HRISTableDataCutiRunner<br>Test method: Runs Cucumber Scenarios<br>Parameters: "Status returned column", "Bucket Data Pengajuan"</td>
<td></td>
<td>42</td>
<td>runner.approval.HRISTableDataCutiRunner@70ed52de</td></tr>
<tr>
<td title='runner.login.HRISLoginMNGRRunner.runScenario()'><b>runScenario</b><br>Test class: runner.login.HRISLoginMNGRRunner<br>Test method: Runs Cucumber Scenarios<br>Parameters: "Login invalid  "MNGR"", "Login"</td>
<td></td>
<td>10</td>
<td>runner.login.HRISLoginMNGRRunner@2b40ff9c</td></tr>
<tr>
<td title='runner.login.HRISLogoutMNGRRunner.runScenario()'><b>runScenario</b><br>Test class: runner.login.HRISLogoutMNGRRunner<br>Test method: Runs Cucumber Scenarios<br>Parameters: "Logout from profile "MNGR"", "Logout"</td>
<td></td>
<td>20</td>
<td>runner.login.HRISLogoutMNGRRunner@3e08ff24</td></tr>
<tr>
<td title='runner.approval.HRISActionReturnRunner.runScenario()'><b>runScenario</b><br>Test class: runner.approval.HRISActionReturnRunner<br>Test method: Runs Cucumber Scenarios<br>Parameters: "Action return validate with notes", "Bucket Data Pengajuan"</td>
<td></td>
<td>43</td>
<td>runner.approval.HRISActionReturnRunner@496bc455</td></tr>
<tr>
<td title='runner.signature.HRISDrawSignatureMNGRRunner.runScenario()'><b>runScenario</b><br>Test class: runner.signature.HRISDrawSignatureMNGRRunner<br>Test method: Runs Cucumber Scenarios<br>Parameters: "Empty canvas and delete", "Bucket Data Pengajuan"</td>
<td></td>
<td>16</td>
<td>runner.signature.HRISDrawSignatureMNGRRunner@6be968ce</td></tr>
<tr>
<td title='runner.login.HRISLoginMNGRRunner.runScenario()'><b>runScenario</b><br>Test class: runner.login.HRISLoginMNGRRunner<br>Test method: Runs Cucumber Scenarios<br>Parameters: "Login invalid  "MNGR"", "Login"</td>
<td></td>
<td>22</td>
<td>runner.login.HRISLoginMNGRRunner@2b40ff9c</td></tr>
<tr>
<td title='runner.dashboard.HRISDashboardMNGRRunner.runScenario()'><b>runScenario</b><br>Test class: runner.dashboard.HRISDashboardMNGRRunner<br>Test method: Runs Cucumber Scenarios<br>Parameters: "Show Signature Page", "Dashboard"</td>
<td></td>
<td>16</td>
<td>runner.dashboard.HRISDashboardMNGRRunner@4d1c005e</td></tr>
<tr>
<td title='runner.approval.HRISTableDataCutiRunner.runScenario()'><b>runScenario</b><br>Test class: runner.approval.HRISTableDataCutiRunner<br>Test method: Runs Cucumber Scenarios<br>Parameters: "Status rejected column", "Bucket Data Pengajuan"</td>
<td></td>
<td>32</td>
<td>runner.approval.HRISTableDataCutiRunner@70ed52de</td></tr>
<tr>
<td title='runner.approval.HRISActionApproveRunner.runScenario()'><b>runScenario</b><br>Test class: runner.approval.HRISActionApproveRunner<br>Test method: Runs Cucumber Scenarios<br>Parameters: "Action approve validate with notes", "Bucket Data Pengajuan"</td>
<td></td>
<td>42</td>
<td>runner.approval.HRISActionApproveRunner@7188af83</td></tr>
<tr>
<td title='runner.login.HRISLoginMNGRRunner.runScenario()'><b>runScenario</b><br>Test class: runner.login.HRISLoginMNGRRunner<br>Test method: Runs Cucumber Scenarios<br>Parameters: "Login invalid  "MNGR"", "Login"</td>
<td></td>
<td>10</td>
<td>runner.login.HRISLoginMNGRRunner@2b40ff9c</td></tr>
<tr>
<td title='runner.approval.HRISTableDataCutiRunner.runScenario()'><b>runScenario</b><br>Test class: runner.approval.HRISTableDataCutiRunner<br>Test method: Runs Cucumber Scenarios<br>Parameters: "Action approved column", "Bucket Data Pengajuan"</td>
<td></td>
<td>50</td>
<td>runner.approval.HRISTableDataCutiRunner@70ed52de</td></tr>
<tr>
<td title='runner.approval.HRISTableDataCutiRunner.runScenario()'><b>runScenario</b><br>Test class: runner.approval.HRISTableDataCutiRunner<br>Test method: Runs Cucumber Scenarios<br>Parameters: "Status new column", "Bucket Data Pengajuan"</td>
<td></td>
<td>32</td>
<td>runner.approval.HRISTableDataCutiRunner@70ed52de</td></tr>
<tr>
<td title='runner.login.HRISLoginMNGRRunner.runScenario()'><b>runScenario</b><br>Test class: runner.login.HRISLoginMNGRRunner<br>Test method: Runs Cucumber Scenarios<br>Parameters: "Login valid "MNGR"", "Login"</td>
<td></td>
<td>17</td>
<td>runner.login.HRISLoginMNGRRunner@2b40ff9c</td></tr>
<tr>
<td title='runner.login.HRISLoginMNGRRunner.runScenario()'><b>runScenario</b><br>Test class: runner.login.HRISLoginMNGRRunner<br>Test method: Runs Cucumber Scenarios<br>Parameters: "Login invalid  "MNGR"", "Login"</td>
<td></td>
<td>10</td>
<td>runner.login.HRISLoginMNGRRunner@2b40ff9c</td></tr>
<tr>
<td title='runner.login.HRISLoginMNGRRunner.runScenario()'><b>runScenario</b><br>Test class: runner.login.HRISLoginMNGRRunner<br>Test method: Runs Cucumber Scenarios<br>Parameters: "Login invalid  "MNGR"", "Login"</td>
<td></td>
<td>21</td>
<td>runner.login.HRISLoginMNGRRunner@2b40ff9c</td></tr>
<tr>
<td title='runner.approval.HRISTableDataCutiRunner.runScenario()'><b>runScenario</b><br>Test class: runner.approval.HRISTableDataCutiRunner<br>Test method: Runs Cucumber Scenarios<br>Parameters: "Action edit", "Bucket Data Pengajuan"</td>
<td></td>
<td>32</td>
<td>runner.approval.HRISTableDataCutiRunner@70ed52de</td></tr>
<tr>
<td title='runner.signature.HRISDrawSignatureMNGRRunner.runScenario()'><b>runScenario</b><br>Test class: runner.signature.HRISDrawSignatureMNGRRunner<br>Test method: Runs Cucumber Scenarios<br>Parameters: "Draw and save", "Bucket Data Pengajuan"</td>
<td></td>
<td>18</td>
<td>runner.signature.HRISDrawSignatureMNGRRunner@6be968ce</td></tr>
<tr>
<td title='runner.approval.HRISSearchAndEntriesRunner.runScenario()'><b>runScenario</b><br>Test class: runner.approval.HRISSearchAndEntriesRunner<br>Test method: Runs Cucumber Scenarios<br>Parameters: "Search by value", "Bucket Data Pengajuan"</td>
<td></td>
<td>18</td>
<td>runner.approval.HRISSearchAndEntriesRunner@8462f31</td></tr>
<tr>
<td title='runner.signature.HRISDrawSignatureMNGRRunner.runScenario()'><b>runScenario</b><br>Test class: runner.signature.HRISDrawSignatureMNGRRunner<br>Test method: Runs Cucumber Scenarios<br>Parameters: "Draw and delete", "Bucket Data Pengajuan"</td>
<td></td>
<td>16</td>
<td>runner.signature.HRISDrawSignatureMNGRRunner@6be968ce</td></tr>
<tr>
<td title='runner.approval.HRISTableDataCutiRunner.runScenario()'><b>runScenario</b><br>Test class: runner.approval.HRISTableDataCutiRunner<br>Test method: Runs Cucumber Scenarios<br>Parameters: "Status approved column", "Bucket Data Pengajuan"</td>
<td></td>
<td>41</td>
<td>runner.approval.HRISTableDataCutiRunner@70ed52de</td></tr>
<tr>
<td title='runner.approval.HRISSearchAndEntriesRunner.runScenario()'><b>runScenario</b><br>Test class: runner.approval.HRISSearchAndEntriesRunner<br>Test method: Runs Cucumber Scenarios<br>Parameters: "Entries", "Bucket Data Pengajuan"</td>
<td></td>
<td>15</td>
<td>runner.approval.HRISSearchAndEntriesRunner@8462f31</td></tr>
<tr>
<td title='runner.dashboard.HRISDashboardMNGRRunner.runScenario()'><b>runScenario</b><br>Test class: runner.dashboard.HRISDashboardMNGRRunner<br>Test method: Runs Cucumber Scenarios<br>Parameters: "Show Home Page", "Dashboard"</td>
<td></td>
<td>14</td>
<td>runner.dashboard.HRISDashboardMNGRRunner@4d1c005e</td></tr>
<tr>
<td title='runner.approval.HRISSearchAndEntriesRunner.runScenario()'><b>runScenario</b><br>Test class: runner.approval.HRISSearchAndEntriesRunner<br>Test method: Runs Cucumber Scenarios<br>Parameters: "Entries", "Bucket Data Pengajuan"</td>
<td></td>
<td>15</td>
<td>runner.approval.HRISSearchAndEntriesRunner@8462f31</td></tr>
</table><p>
</body>
</html>